************* Module backend.agent
backend\agent.py:28:0: C0303: Trailing whitespace (trailing-whitespace)
backend\agent.py:36:0: C0303: Trailing whitespace (trailing-whitespace)
backend\agent.py:41:0: C0303: Trailing whitespace (trailing-whitespace)
backend\agent.py:45:0: C0303: Trailing whitespace (trailing-whitespace)
backend\agent.py:49:0: C0303: Trailing whitespace (trailing-whitespace)
backend\agent.py:54:0: C0303: Trailing whitespace (trailing-whitespace)
backend\agent.py:62:0: C0303: Trailing whitespace (trailing-whitespace)
backend\agent.py:72:0: C0303: Trailing whitespace (trailing-whitespace)
backend\agent.py:82:0: C0303: Trailing whitespace (trailing-whitespace)
backend\agent.py:86:0: C0303: Trailing whitespace (trailing-whitespace)
backend\agent.py:89:0: C0303: Trailing whitespace (trailing-whitespace)
backend\agent.py:92:0: C0303: Trailing whitespace (trailing-whitespace)
backend\agent.py:93:0: C0301: Line too long (101/100) (line-too-long)
backend\agent.py:105:0: C0303: Trailing whitespace (trailing-whitespace)
backend\agent.py:107:0: C0301: Line too long (101/100) (line-too-long)
backend\agent.py:108:0: C0303: Trailing whitespace (trailing-whitespace)
backend\agent.py:110:0: C0301: Line too long (103/100) (line-too-long)
backend\agent.py:111:0: C0303: Trailing whitespace (trailing-whitespace)
backend\agent.py:116:0: C0303: Trailing whitespace (trailing-whitespace)
backend\agent.py:119:0: C0303: Trailing whitespace (trailing-whitespace)
backend\agent.py:122:0: C0303: Trailing whitespace (trailing-whitespace)
backend\agent.py:125:0: C0303: Trailing whitespace (trailing-whitespace)
backend\agent.py:128:0: C0303: Trailing whitespace (trailing-whitespace)
backend\agent.py:131:0: C0303: Trailing whitespace (trailing-whitespace)
backend\agent.py:141:0: C0303: Trailing whitespace (trailing-whitespace)
backend\agent.py:143:0: C0303: Trailing whitespace (trailing-whitespace)
backend\agent.py:144:0: C0301: Line too long (102/100) (line-too-long)
backend\agent.py:151:0: C0303: Trailing whitespace (trailing-whitespace)
backend\agent.py:155:0: C0303: Trailing whitespace (trailing-whitespace)
backend\agent.py:159:0: C0303: Trailing whitespace (trailing-whitespace)
backend\agent.py:162:0: C0301: Line too long (106/100) (line-too-long)
backend\agent.py:172:0: C0303: Trailing whitespace (trailing-whitespace)
backend\agent.py:181:0: C0303: Trailing whitespace (trailing-whitespace)
backend\agent.py:197:0: C0303: Trailing whitespace (trailing-whitespace)
backend\agent.py:200:0: C0303: Trailing whitespace (trailing-whitespace)
backend\agent.py:204:0: C0303: Trailing whitespace (trailing-whitespace)
backend\agent.py:209:0: C0303: Trailing whitespace (trailing-whitespace)
backend\agent.py:221:0: C0303: Trailing whitespace (trailing-whitespace)
backend\agent.py:223:0: C0303: Trailing whitespace (trailing-whitespace)
backend\agent.py:224:0: C0301: Line too long (137/100) (line-too-long)
backend\agent.py:229:0: C0301: Line too long (115/100) (line-too-long)
backend\agent.py:235:0: C0303: Trailing whitespace (trailing-whitespace)
backend\agent.py:237:86: C0303: Trailing whitespace (trailing-whitespace)
backend\agent.py:240:0: C0303: Trailing whitespace (trailing-whitespace)
backend\agent.py:246:0: C0303: Trailing whitespace (trailing-whitespace)
backend\agent.py:251:0: C0303: Trailing whitespace (trailing-whitespace)
backend\agent.py:255:0: C0303: Trailing whitespace (trailing-whitespace)
backend\agent.py:260:0: C0303: Trailing whitespace (trailing-whitespace)
backend\agent.py:263:0: C0301: Line too long (113/100) (line-too-long)
backend\agent.py:266:0: C0303: Trailing whitespace (trailing-whitespace)
backend\agent.py:269:0: C0303: Trailing whitespace (trailing-whitespace)
backend\agent.py:275:0: C0303: Trailing whitespace (trailing-whitespace)
backend\agent.py:278:0: C0303: Trailing whitespace (trailing-whitespace)
backend\agent.py:282:0: C0303: Trailing whitespace (trailing-whitespace)
backend\agent.py:287:0: C0303: Trailing whitespace (trailing-whitespace)
backend\agent.py:290:0: C0303: Trailing whitespace (trailing-whitespace)
backend\agent.py:296:0: C0303: Trailing whitespace (trailing-whitespace)
backend\agent.py:298:0: C0303: Trailing whitespace (trailing-whitespace)
backend\agent.py:301:0: C0303: Trailing whitespace (trailing-whitespace)
backend\agent.py:305:0: C0303: Trailing whitespace (trailing-whitespace)
backend\agent.py:313:0: C0303: Trailing whitespace (trailing-whitespace)
backend\agent.py:316:0: C0303: Trailing whitespace (trailing-whitespace)
backend\agent.py:319:0: C0303: Trailing whitespace (trailing-whitespace)
backend\agent.py:324:0: C0303: Trailing whitespace (trailing-whitespace)
backend\agent.py:326:0: C0303: Trailing whitespace (trailing-whitespace)
backend\agent.py:332:0: C0303: Trailing whitespace (trailing-whitespace)
backend\agent.py:338:0: C0303: Trailing whitespace (trailing-whitespace)
backend\agent.py:341:0: C0303: Trailing whitespace (trailing-whitespace)
backend\agent.py:349:0: C0303: Trailing whitespace (trailing-whitespace)
backend\agent.py:351:0: C0303: Trailing whitespace (trailing-whitespace)
backend\agent.py:361:0: C0303: Trailing whitespace (trailing-whitespace)
backend\agent.py:369:0: C0303: Trailing whitespace (trailing-whitespace)
backend\agent.py:373:0: C0303: Trailing whitespace (trailing-whitespace)
backend\agent.py:376:0: C0303: Trailing whitespace (trailing-whitespace)
backend\agent.py:385:0: C0303: Trailing whitespace (trailing-whitespace)
backend\agent.py:389:0: C0303: Trailing whitespace (trailing-whitespace)
backend\agent.py:392:0: C0303: Trailing whitespace (trailing-whitespace)
backend\agent.py:395:0: C0303: Trailing whitespace (trailing-whitespace)
backend\agent.py:399:0: C0303: Trailing whitespace (trailing-whitespace)
backend\agent.py:403:0: C0303: Trailing whitespace (trailing-whitespace)
backend\agent.py:406:0: C0303: Trailing whitespace (trailing-whitespace)
backend\agent.py:410:0: C0303: Trailing whitespace (trailing-whitespace)
backend\agent.py:422:0: C0303: Trailing whitespace (trailing-whitespace)
backend\agent.py:430:0: C0303: Trailing whitespace (trailing-whitespace)
backend\agent.py:436:0: C0303: Trailing whitespace (trailing-whitespace)
backend\agent.py:438:0: C0303: Trailing whitespace (trailing-whitespace)
backend\agent.py:447:0: C0303: Trailing whitespace (trailing-whitespace)
backend\agent.py:449:0: C0303: Trailing whitespace (trailing-whitespace)
backend\agent.py:7:0: R0402: Use 'from torch import nn' instead (consider-using-from-import)
backend\agent.py:19:0: R0902: Too many instance attributes (16/7) (too-many-instance-attributes)
backend\agent.py:29:4: R0913: Too many arguments (6/5) (too-many-arguments)
backend\agent.py:29:4: R0917: Too many positional arguments (6/5) (too-many-positional-arguments)
backend\agent.py:35:8: R1725: Consider using Python 3 style super() without arguments (super-with-arguments)
backend\agent.py:93:4: R0914: Too many local variables (17/15) (too-many-locals)
backend\agent.py:104:8: W0612: Unused variable 'batch_size' (unused-variable)
backend\agent.py:124:19: W0612: Unused variable 'hidden' (unused-variable)
backend\agent.py:124:27: W0612: Unused variable 'cell' (unused-variable)
backend\agent.py:176:0: R0902: Too many instance attributes (8/7) (too-many-instance-attributes)
backend\agent.py:222:8: W1203: Use lazy % formatting in logging functions (logging-fstring-interpolation)
backend\agent.py:224:4: R0914: Too many local variables (17/15) (too-many-locals)
backend\agent.py:234:8: W1203: Use lazy % formatting in logging functions (logging-fstring-interpolation)
backend\agent.py:262:8: C0103: Variable name "X_white" doesn't conform to snake_case naming style (invalid-name)
backend\agent.py:263:8: C0103: Variable name "X_powerball" doesn't conform to snake_case naming style (invalid-name)
backend\agent.py:267:8: W1203: Use lazy % formatting in logging functions (logging-fstring-interpolation)
backend\agent.py:270:4: R0914: Too many local variables (16/15) (too-many-locals)
backend\agent.py:274:8: W1203: Use lazy % formatting in logging functions (logging-fstring-interpolation)
backend\agent.py:277:9: C0103: Variable name "X_white" doesn't conform to snake_case naming style (invalid-name)
backend\agent.py:277:18: C0103: Variable name "X_powerball" doesn't conform to snake_case naming style (invalid-name)
backend\agent.py:318:16: W1203: Use lazy % formatting in logging functions (logging-fstring-interpolation)
backend\agent.py:335:9: C0103: Variable name "X_white" doesn't conform to snake_case naming style (invalid-name)
backend\agent.py:335:18: C0103: Variable name "X_powerball" doesn't conform to snake_case naming style (invalid-name)
backend\agent.py:327:53: W0613: Unused argument 'top_k' (unused-argument)
backend\agent.py:371:13: W1514: Using open without explicitly specifying an encoding (unspecified-encoding)
backend\agent.py:374:8: W1203: Use lazy % formatting in logging functions (logging-fstring-interpolation)
backend\agent.py:387:12: W1203: Use lazy % formatting in logging functions (logging-fstring-interpolation)
backend\agent.py:407:15: W0718: Catching too general exception Exception (broad-exception-caught)
backend\agent.py:404:12: W1203: Use lazy % formatting in logging functions (logging-fstring-interpolation)
backend\agent.py:408:12: W1203: Use lazy % formatting in logging functions (logging-fstring-interpolation)
backend\agent.py:445:27: W0718: Catching too general exception Exception (broad-exception-caught)
backend\agent.py:442:29: W1514: Using open without explicitly specifying an encoding (unspecified-encoding)
backend\agent.py:446:24: W1203: Use lazy % formatting in logging functions (logging-fstring-interpolation)
backend\agent.py:11:0: C0411: standard import "logging" should be placed before third party imports "torch", "torch.nn", "torch.nn.functional", "numpy", "pandas" (wrong-import-order)
backend\agent.py:12:0: C0411: standard import "typing.Dict" should be placed before third party imports "torch", "torch.nn", "torch.nn.functional", "numpy", "pandas" (wrong-import-order)
backend\agent.py:13:0: C0411: standard import "datetime.datetime" should be placed before third party imports "torch", "torch.nn", "torch.nn.functional", "numpy", "pandas" (wrong-import-order)
backend\agent.py:14:0: C0411: standard import "json" should be placed before third party imports "torch", "torch.nn", "torch.nn.functional", "numpy", "pandas" (wrong-import-order)
backend\agent.py:15:0: C0411: standard import "os" should be placed before third party imports "torch", "torch.nn", "torch.nn.functional", "numpy", "pandas" (wrong-import-order)
************* Module backend.check_schema
backend\check_schema.py:1:0: C0114: Missing module docstring (missing-module-docstring)
************* Module backend.cross_model_analytics
backend\cross_model_analytics.py:40:10: C0303: Trailing whitespace (trailing-whitespace)
backend\cross_model_analytics.py:65:0: C0303: Trailing whitespace (trailing-whitespace)
backend\cross_model_analytics.py:71:0: C0303: Trailing whitespace (trailing-whitespace)
backend\cross_model_analytics.py:72:56: C0303: Trailing whitespace (trailing-whitespace)
backend\cross_model_analytics.py:85:0: C0303: Trailing whitespace (trailing-whitespace)
backend\cross_model_analytics.py:88:0: C0303: Trailing whitespace (trailing-whitespace)
backend\cross_model_analytics.py:102:0: C0303: Trailing whitespace (trailing-whitespace)
backend\cross_model_analytics.py:108:0: C0303: Trailing whitespace (trailing-whitespace)
backend\cross_model_analytics.py:111:0: C0303: Trailing whitespace (trailing-whitespace)
backend\cross_model_analytics.py:114:0: C0303: Trailing whitespace (trailing-whitespace)
backend\cross_model_analytics.py:117:0: C0303: Trailing whitespace (trailing-whitespace)
backend\cross_model_analytics.py:129:0: C0303: Trailing whitespace (trailing-whitespace)
backend\cross_model_analytics.py:130:52: C0303: Trailing whitespace (trailing-whitespace)
backend\cross_model_analytics.py:143:0: C0303: Trailing whitespace (trailing-whitespace)
backend\cross_model_analytics.py:148:0: C0303: Trailing whitespace (trailing-whitespace)
backend\cross_model_analytics.py:154:0: C0303: Trailing whitespace (trailing-whitespace)
backend\cross_model_analytics.py:161:0: C0303: Trailing whitespace (trailing-whitespace)
backend\cross_model_analytics.py:167:0: C0303: Trailing whitespace (trailing-whitespace)
backend\cross_model_analytics.py:170:0: C0303: Trailing whitespace (trailing-whitespace)
backend\cross_model_analytics.py:173:0: C0303: Trailing whitespace (trailing-whitespace)
backend\cross_model_analytics.py:183:0: C0303: Trailing whitespace (trailing-whitespace)
backend\cross_model_analytics.py:184:47: C0303: Trailing whitespace (trailing-whitespace)
backend\cross_model_analytics.py:186:0: C0301: Line too long (101/100) (line-too-long)
backend\cross_model_analytics.py:198:0: C0303: Trailing whitespace (trailing-whitespace)
backend\cross_model_analytics.py:201:54: C0303: Trailing whitespace (trailing-whitespace)
backend\cross_model_analytics.py:204:0: C0303: Trailing whitespace (trailing-whitespace)
backend\cross_model_analytics.py:206:0: C0303: Trailing whitespace (trailing-whitespace)
backend\cross_model_analytics.py:220:0: C0303: Trailing whitespace (trailing-whitespace)
backend\cross_model_analytics.py:234:0: C0303: Trailing whitespace (trailing-whitespace)
backend\cross_model_analytics.py:248:0: C0303: Trailing whitespace (trailing-whitespace)
backend\cross_model_analytics.py:251:0: C0303: Trailing whitespace (trailing-whitespace)
backend\cross_model_analytics.py:253:0: C0303: Trailing whitespace (trailing-whitespace)
backend\cross_model_analytics.py:265:0: C0303: Trailing whitespace (trailing-whitespace)
backend\cross_model_analytics.py:268:0: C0303: Trailing whitespace (trailing-whitespace)
backend\cross_model_analytics.py:276:0: C0303: Trailing whitespace (trailing-whitespace)
backend\cross_model_analytics.py:281:0: C0303: Trailing whitespace (trailing-whitespace)
backend\cross_model_analytics.py:286:0: C0303: Trailing whitespace (trailing-whitespace)
backend\cross_model_analytics.py:292:0: C0303: Trailing whitespace (trailing-whitespace)
backend\cross_model_analytics.py:294:0: C0303: Trailing whitespace (trailing-whitespace)
backend\cross_model_analytics.py:306:0: C0303: Trailing whitespace (trailing-whitespace)
backend\cross_model_analytics.py:315:0: C0303: Trailing whitespace (trailing-whitespace)
backend\cross_model_analytics.py:326:0: C0303: Trailing whitespace (trailing-whitespace)
backend\cross_model_analytics.py:334:0: C0303: Trailing whitespace (trailing-whitespace)
backend\cross_model_analytics.py:337:65: C0303: Trailing whitespace (trailing-whitespace)
backend\cross_model_analytics.py:338:53: C0303: Trailing whitespace (trailing-whitespace)
backend\cross_model_analytics.py:340:0: C0303: Trailing whitespace (trailing-whitespace)
backend\cross_model_analytics.py:345:0: C0303: Trailing whitespace (trailing-whitespace)
backend\cross_model_analytics.py:347:0: C0303: Trailing whitespace (trailing-whitespace)
backend\cross_model_analytics.py:349:0: C0303: Trailing whitespace (trailing-whitespace)
backend\cross_model_analytics.py:355:0: C0303: Trailing whitespace (trailing-whitespace)
backend\cross_model_analytics.py:357:0: C0303: Trailing whitespace (trailing-whitespace)
backend\cross_model_analytics.py:372:0: C0303: Trailing whitespace (trailing-whitespace)
backend\cross_model_analytics.py:374:0: C0303: Trailing whitespace (trailing-whitespace)
backend\cross_model_analytics.py:378:0: C0303: Trailing whitespace (trailing-whitespace)
backend\cross_model_analytics.py:385:0: C0303: Trailing whitespace (trailing-whitespace)
backend\cross_model_analytics.py:388:0: C0303: Trailing whitespace (trailing-whitespace)
backend\cross_model_analytics.py:399:0: C0303: Trailing whitespace (trailing-whitespace)
backend\cross_model_analytics.py:401:0: C0303: Trailing whitespace (trailing-whitespace)
backend\cross_model_analytics.py:405:0: C0303: Trailing whitespace (trailing-whitespace)
backend\cross_model_analytics.py:410:0: C0303: Trailing whitespace (trailing-whitespace)
backend\cross_model_analytics.py:411:80: C0303: Trailing whitespace (trailing-whitespace)
backend\cross_model_analytics.py:416:0: C0303: Trailing whitespace (trailing-whitespace)
backend\cross_model_analytics.py:418:0: C0303: Trailing whitespace (trailing-whitespace)
backend\cross_model_analytics.py:423:0: C0303: Trailing whitespace (trailing-whitespace)
backend\cross_model_analytics.py:424:77: C0303: Trailing whitespace (trailing-whitespace)
backend\cross_model_analytics.py:426:0: C0303: Trailing whitespace (trailing-whitespace)
backend\cross_model_analytics.py:429:0: C0303: Trailing whitespace (trailing-whitespace)
backend\cross_model_analytics.py:433:0: C0303: Trailing whitespace (trailing-whitespace)
backend\cross_model_analytics.py:436:0: C0303: Trailing whitespace (trailing-whitespace)
backend\cross_model_analytics.py:439:0: C0303: Trailing whitespace (trailing-whitespace)
backend\cross_model_analytics.py:441:0: C0303: Trailing whitespace (trailing-whitespace)
backend\cross_model_analytics.py:446:0: C0303: Trailing whitespace (trailing-whitespace)
backend\cross_model_analytics.py:451:0: C0303: Trailing whitespace (trailing-whitespace)
backend\cross_model_analytics.py:452:77: C0303: Trailing whitespace (trailing-whitespace)
backend\cross_model_analytics.py:454:0: C0303: Trailing whitespace (trailing-whitespace)
backend\cross_model_analytics.py:457:0: C0303: Trailing whitespace (trailing-whitespace)
backend\cross_model_analytics.py:460:0: C0303: Trailing whitespace (trailing-whitespace)
backend\cross_model_analytics.py:465:0: C0303: Trailing whitespace (trailing-whitespace)
backend\cross_model_analytics.py:468:0: C0303: Trailing whitespace (trailing-whitespace)
backend\cross_model_analytics.py:469:46: C0303: Trailing whitespace (trailing-whitespace)
backend\cross_model_analytics.py:470:0: C0301: Line too long (110/100) (line-too-long)
backend\cross_model_analytics.py:473:0: C0303: Trailing whitespace (trailing-whitespace)
backend\cross_model_analytics.py:476:0: C0301: Line too long (109/100) (line-too-long)
backend\cross_model_analytics.py:479:0: C0303: Trailing whitespace (trailing-whitespace)
backend\cross_model_analytics.py:486:0: C0303: Trailing whitespace (trailing-whitespace)
backend\cross_model_analytics.py:488:0: C0303: Trailing whitespace (trailing-whitespace)
backend\cross_model_analytics.py:490:0: C0303: Trailing whitespace (trailing-whitespace)
backend\cross_model_analytics.py:491:40: C0303: Trailing whitespace (trailing-whitespace)
backend\cross_model_analytics.py:496:0: C0303: Trailing whitespace (trailing-whitespace)
backend\cross_model_analytics.py:498:95: C0303: Trailing whitespace (trailing-whitespace)
backend\cross_model_analytics.py:500:0: C0303: Trailing whitespace (trailing-whitespace)
backend\cross_model_analytics.py:504:0: C0303: Trailing whitespace (trailing-whitespace)
backend\cross_model_analytics.py:507:0: C0303: Trailing whitespace (trailing-whitespace)
backend\cross_model_analytics.py:509:0: C0303: Trailing whitespace (trailing-whitespace)
backend\cross_model_analytics.py:510:88: C0303: Trailing whitespace (trailing-whitespace)
backend\cross_model_analytics.py:517:0: C0303: Trailing whitespace (trailing-whitespace)
backend\cross_model_analytics.py:519:0: C0303: Trailing whitespace (trailing-whitespace)
backend\cross_model_analytics.py:520:36: C0303: Trailing whitespace (trailing-whitespace)
backend\cross_model_analytics.py:521:0: C0301: Line too long (118/100) (line-too-long)
backend\cross_model_analytics.py:525:0: C0303: Trailing whitespace (trailing-whitespace)
backend\cross_model_analytics.py:528:0: C0303: Trailing whitespace (trailing-whitespace)
backend\cross_model_analytics.py:531:0: C0303: Trailing whitespace (trailing-whitespace)
backend\cross_model_analytics.py:535:0: C0303: Trailing whitespace (trailing-whitespace)
backend\cross_model_analytics.py:540:0: C0303: Trailing whitespace (trailing-whitespace)
backend\cross_model_analytics.py:545:0: C0303: Trailing whitespace (trailing-whitespace)
backend\cross_model_analytics.py:547:0: C0303: Trailing whitespace (trailing-whitespace)
backend\cross_model_analytics.py:548:35: C0303: Trailing whitespace (trailing-whitespace)
backend\cross_model_analytics.py:549:0: C0301: Line too long (117/100) (line-too-long)
backend\cross_model_analytics.py:552:0: C0303: Trailing whitespace (trailing-whitespace)
backend\cross_model_analytics.py:557:0: C0303: Trailing whitespace (trailing-whitespace)
backend\cross_model_analytics.py:566:0: C0303: Trailing whitespace (trailing-whitespace)
backend\cross_model_analytics.py:568:0: C0303: Trailing whitespace (trailing-whitespace)
backend\cross_model_analytics.py:573:0: C0303: Trailing whitespace (trailing-whitespace)
backend\cross_model_analytics.py:581:0: C0303: Trailing whitespace (trailing-whitespace)
backend\cross_model_analytics.py:586:0: C0303: Trailing whitespace (trailing-whitespace)
backend\cross_model_analytics.py:588:0: C0303: Trailing whitespace (trailing-whitespace)
backend\cross_model_analytics.py:589:0: C0301: Line too long (102/100) (line-too-long)
backend\cross_model_analytics.py:595:0: C0303: Trailing whitespace (trailing-whitespace)
backend\cross_model_analytics.py:599:0: C0303: Trailing whitespace (trailing-whitespace)
backend\cross_model_analytics.py:605:0: C0303: Trailing whitespace (trailing-whitespace)
backend\cross_model_analytics.py:609:0: C0303: Trailing whitespace (trailing-whitespace)
backend\cross_model_analytics.py:610:0: C0301: Line too long (102/100) (line-too-long)
backend\cross_model_analytics.py:614:0: C0303: Trailing whitespace (trailing-whitespace)
backend\cross_model_analytics.py:617:0: C0303: Trailing whitespace (trailing-whitespace)
backend\cross_model_analytics.py:620:0: C0303: Trailing whitespace (trailing-whitespace)
backend\cross_model_analytics.py:622:0: C0303: Trailing whitespace (trailing-whitespace)
backend\cross_model_analytics.py:623:88: C0303: Trailing whitespace (trailing-whitespace)
backend\cross_model_analytics.py:628:0: C0303: Trailing whitespace (trailing-whitespace)
backend\cross_model_analytics.py:631:33: C0303: Trailing whitespace (trailing-whitespace)
backend\cross_model_analytics.py:635:0: C0303: Trailing whitespace (trailing-whitespace)
backend\cross_model_analytics.py:639:0: C0303: Trailing whitespace (trailing-whitespace)
backend\cross_model_analytics.py:641:0: C0303: Trailing whitespace (trailing-whitespace)
backend\cross_model_analytics.py:647:0: C0303: Trailing whitespace (trailing-whitespace)
backend\cross_model_analytics.py:649:0: C0303: Trailing whitespace (trailing-whitespace)
backend\cross_model_analytics.py:655:0: C0303: Trailing whitespace (trailing-whitespace)
backend\cross_model_analytics.py:657:0: C0303: Trailing whitespace (trailing-whitespace)
backend\cross_model_analytics.py:661:0: C0303: Trailing whitespace (trailing-whitespace)
backend\cross_model_analytics.py:665:0: C0303: Trailing whitespace (trailing-whitespace)
backend\cross_model_analytics.py:672:0: C0303: Trailing whitespace (trailing-whitespace)
backend\cross_model_analytics.py:674:77: C0303: Trailing whitespace (trailing-whitespace)
backend\cross_model_analytics.py:676:0: C0303: Trailing whitespace (trailing-whitespace)
backend\cross_model_analytics.py:683:0: C0303: Trailing whitespace (trailing-whitespace)
backend\cross_model_analytics.py:687:0: C0303: Trailing whitespace (trailing-whitespace)
backend\cross_model_analytics.py:697:0: C0303: Trailing whitespace (trailing-whitespace)
backend\cross_model_analytics.py:700:0: C0303: Trailing whitespace (trailing-whitespace)
backend\cross_model_analytics.py:707:0: C0303: Trailing whitespace (trailing-whitespace)
backend\cross_model_analytics.py:712:0: C0303: Trailing whitespace (trailing-whitespace)
backend\cross_model_analytics.py:717:0: C0303: Trailing whitespace (trailing-whitespace)
backend\cross_model_analytics.py:720:0: C0303: Trailing whitespace (trailing-whitespace)
backend\cross_model_analytics.py:724:0: C0303: Trailing whitespace (trailing-whitespace)
backend\cross_model_analytics.py:731:0: C0303: Trailing whitespace (trailing-whitespace)
backend\cross_model_analytics.py:732:79: C0303: Trailing whitespace (trailing-whitespace)
backend\cross_model_analytics.py:736:0: C0303: Trailing whitespace (trailing-whitespace)
backend\cross_model_analytics.py:740:0: C0303: Trailing whitespace (trailing-whitespace)
backend\cross_model_analytics.py:746:0: C0303: Trailing whitespace (trailing-whitespace)
backend\cross_model_analytics.py:748:0: C0303: Trailing whitespace (trailing-whitespace)
backend\cross_model_analytics.py:758:0: C0303: Trailing whitespace (trailing-whitespace)
backend\cross_model_analytics.py:762:0: C0301: Line too long (104/100) (line-too-long)
backend\cross_model_analytics.py:764:0: C0301: Line too long (107/100) (line-too-long)
backend\cross_model_analytics.py:765:0: C0303: Trailing whitespace (trailing-whitespace)
backend\cross_model_analytics.py:772:0: C0303: Trailing whitespace (trailing-whitespace)
backend\cross_model_analytics.py:28:0: R0902: Too many instance attributes (9/7) (too-many-instance-attributes)
backend\cross_model_analytics.py:84:8: W1203: Use lazy % formatting in logging functions (logging-fstring-interpolation)
backend\cross_model_analytics.py:90:12: W1203: Use lazy % formatting in logging functions (logging-fstring-interpolation)
backend\cross_model_analytics.py:105:20: R1728: Consider using a generator instead 'min(h.get('final_loss', float('inf')) for h in training_history)' (consider-using-generator)
backend\cross_model_analytics.py:106:23: R1728: Consider using a generator instead 'sum(h.get('total_epochs', 0) for h in training_history)' (consider-using-generator)
backend\cross_model_analytics.py:107:24: R1728: Consider using a generator instead 'sum(h.get('training_duration', 0) for h in training_history)' (consider-using-generator)
backend\cross_model_analytics.py:142:8: W1203: Use lazy % formatting in logging functions (logging-fstring-interpolation)
backend\cross_model_analytics.py:197:8: W1203: Use lazy % formatting in logging functions (logging-fstring-interpolation)
backend\cross_model_analytics.py:186:40: W0613: Unused argument 'target_metric' (unused-argument)
backend\cross_model_analytics.py:264:8: W1203: Use lazy % formatting in logging functions (logging-fstring-interpolation)
backend\cross_model_analytics.py:305:8: W1203: Use lazy % formatting in logging functions (logging-fstring-interpolation)
backend\cross_model_analytics.py:402:15: W0718: Catching too general exception Exception (broad-exception-caught)
backend\cross_model_analytics.py:353:17: W0212: Access to a protected member _get_connection of a client class (protected-access)
backend\cross_model_analytics.py:403:12: W1203: Use lazy % formatting in logging functions (logging-fstring-interpolation)
backend\cross_model_analytics.py:448:21: R1728: Consider using a generator instead 'sum(h.get('training_duration', 0) for h in training_history)' (consider-using-generator)
backend\cross_model_analytics.py:658:15: W0718: Catching too general exception Exception (broad-exception-caught)
backend\cross_model_analytics.py:645:17: W0212: Access to a protected member _get_connection of a client class (protected-access)
backend\cross_model_analytics.py:659:12: W1203: Use lazy % formatting in logging functions (logging-fstring-interpolation)
backend\cross_model_analytics.py:17:0: C0411: standard import "datetime.datetime" should be placed before third party imports "numpy", "pandas" (wrong-import-order)
backend\cross_model_analytics.py:18:0: C0411: standard import "typing.Dict" should be placed before third party imports "numpy", "pandas" (wrong-import-order)
backend\cross_model_analytics.py:19:0: C0411: standard import "json" should be placed before third party imports "numpy", "pandas" (wrong-import-order)
backend\cross_model_analytics.py:20:0: C0411: standard import "logging" should be placed before third party imports "numpy", "pandas" (wrong-import-order)
backend\cross_model_analytics.py:21:0: C0411: standard import "pathlib.Path" should be placed before third party imports "numpy", "pandas" (wrong-import-order)
backend\cross_model_analytics.py:22:0: C0411: standard import "dataclasses.dataclass" should be placed before third party imports "numpy", "pandas" (wrong-import-order)
backend\cross_model_analytics.py:23:0: C0411: standard import "collections.defaultdict" should be placed before third party imports "numpy", "pandas" (wrong-import-order)
backend\cross_model_analytics.py:14:0: W0611: Unused import sqlite3 (unused-import)
backend\cross_model_analytics.py:16:0: W0611: Unused pandas imported as pd (unused-import)
************* Module backend.decision_engine
backend\decision_engine.py:99:0: C0303: Trailing whitespace (trailing-whitespace)
backend\decision_engine.py:110:0: C0303: Trailing whitespace (trailing-whitespace)
backend\decision_engine.py:115:0: C0303: Trailing whitespace (trailing-whitespace)
backend\decision_engine.py:120:0: C0303: Trailing whitespace (trailing-whitespace)
backend\decision_engine.py:129:0: C0303: Trailing whitespace (trailing-whitespace)
backend\decision_engine.py:134:0: C0303: Trailing whitespace (trailing-whitespace)
backend\decision_engine.py:136:0: C0303: Trailing whitespace (trailing-whitespace)
backend\decision_engine.py:141:0: C0303: Trailing whitespace (trailing-whitespace)
backend\decision_engine.py:146:0: C0303: Trailing whitespace (trailing-whitespace)
backend\decision_engine.py:161:0: C0303: Trailing whitespace (trailing-whitespace)
backend\decision_engine.py:163:0: C0303: Trailing whitespace (trailing-whitespace)
backend\decision_engine.py:175:0: C0303: Trailing whitespace (trailing-whitespace)
backend\decision_engine.py:182:0: C0303: Trailing whitespace (trailing-whitespace)
backend\decision_engine.py:185:0: C0303: Trailing whitespace (trailing-whitespace)
backend\decision_engine.py:201:0: C0303: Trailing whitespace (trailing-whitespace)
backend\decision_engine.py:205:0: C0303: Trailing whitespace (trailing-whitespace)
backend\decision_engine.py:208:49: C0303: Trailing whitespace (trailing-whitespace)
backend\decision_engine.py:210:0: C0303: Trailing whitespace (trailing-whitespace)
backend\decision_engine.py:215:0: C0303: Trailing whitespace (trailing-whitespace)
backend\decision_engine.py:218:0: C0303: Trailing whitespace (trailing-whitespace)
backend\decision_engine.py:226:0: C0303: Trailing whitespace (trailing-whitespace)
backend\decision_engine.py:233:0: C0303: Trailing whitespace (trailing-whitespace)
backend\decision_engine.py:235:0: C0303: Trailing whitespace (trailing-whitespace)
backend\decision_engine.py:255:0: C0303: Trailing whitespace (trailing-whitespace)
backend\decision_engine.py:257:0: C0303: Trailing whitespace (trailing-whitespace)
backend\decision_engine.py:262:0: C0303: Trailing whitespace (trailing-whitespace)
backend\decision_engine.py:264:0: C0303: Trailing whitespace (trailing-whitespace)
backend\decision_engine.py:268:0: C0303: Trailing whitespace (trailing-whitespace)
backend\decision_engine.py:270:0: C0301: Line too long (102/100) (line-too-long)
backend\decision_engine.py:272:0: C0303: Trailing whitespace (trailing-whitespace)
backend\decision_engine.py:276:0: C0303: Trailing whitespace (trailing-whitespace)
backend\decision_engine.py:280:0: C0303: Trailing whitespace (trailing-whitespace)
backend\decision_engine.py:284:0: C0303: Trailing whitespace (trailing-whitespace)
backend\decision_engine.py:287:0: C0303: Trailing whitespace (trailing-whitespace)
backend\decision_engine.py:290:0: C0303: Trailing whitespace (trailing-whitespace)
backend\decision_engine.py:297:0: C0303: Trailing whitespace (trailing-whitespace)
backend\decision_engine.py:304:0: C0303: Trailing whitespace (trailing-whitespace)
backend\decision_engine.py:317:0: C0303: Trailing whitespace (trailing-whitespace)
backend\decision_engine.py:333:0: C0303: Trailing whitespace (trailing-whitespace)
backend\decision_engine.py:335:0: C0303: Trailing whitespace (trailing-whitespace)
backend\decision_engine.py:342:0: C0303: Trailing whitespace (trailing-whitespace)
backend\decision_engine.py:345:75: C0303: Trailing whitespace (trailing-whitespace)
backend\decision_engine.py:347:0: C0303: Trailing whitespace (trailing-whitespace)
backend\decision_engine.py:360:0: C0303: Trailing whitespace (trailing-whitespace)
backend\decision_engine.py:369:0: C0301: Line too long (113/100) (line-too-long)
backend\decision_engine.py:374:0: C0303: Trailing whitespace (trailing-whitespace)
backend\decision_engine.py:376:0: C0303: Trailing whitespace (trailing-whitespace)
backend\decision_engine.py:383:0: C0303: Trailing whitespace (trailing-whitespace)
backend\decision_engine.py:386:0: C0303: Trailing whitespace (trailing-whitespace)
backend\decision_engine.py:396:0: C0301: Line too long (120/100) (line-too-long)
backend\decision_engine.py:401:0: C0303: Trailing whitespace (trailing-whitespace)
backend\decision_engine.py:411:0: C0301: Line too long (113/100) (line-too-long)
backend\decision_engine.py:416:0: C0303: Trailing whitespace (trailing-whitespace)
backend\decision_engine.py:418:0: C0303: Trailing whitespace (trailing-whitespace)
backend\decision_engine.py:425:0: C0303: Trailing whitespace (trailing-whitespace)
backend\decision_engine.py:428:0: C0303: Trailing whitespace (trailing-whitespace)
backend\decision_engine.py:431:0: C0303: Trailing whitespace (trailing-whitespace)
backend\decision_engine.py:438:0: C0303: Trailing whitespace (trailing-whitespace)
backend\decision_engine.py:444:0: C0303: Trailing whitespace (trailing-whitespace)
backend\decision_engine.py:450:0: C0303: Trailing whitespace (trailing-whitespace)
backend\decision_engine.py:452:0: C0303: Trailing whitespace (trailing-whitespace)
backend\decision_engine.py:455:0: C0303: Trailing whitespace (trailing-whitespace)
backend\decision_engine.py:465:0: C0301: Line too long (104/100) (line-too-long)
backend\decision_engine.py:470:0: C0303: Trailing whitespace (trailing-whitespace)
backend\decision_engine.py:472:0: C0303: Trailing whitespace (trailing-whitespace)
backend\decision_engine.py:480:0: C0301: Line too long (102/100) (line-too-long)
backend\decision_engine.py:481:0: C0303: Trailing whitespace (trailing-whitespace)
backend\decision_engine.py:490:0: C0303: Trailing whitespace (trailing-whitespace)
backend\decision_engine.py:497:0: C0303: Trailing whitespace (trailing-whitespace)
backend\decision_engine.py:503:0: C0303: Trailing whitespace (trailing-whitespace)
backend\decision_engine.py:506:49: C0303: Trailing whitespace (trailing-whitespace)
backend\decision_engine.py:509:0: C0303: Trailing whitespace (trailing-whitespace)
backend\decision_engine.py:514:0: C0303: Trailing whitespace (trailing-whitespace)
backend\decision_engine.py:518:0: C0303: Trailing whitespace (trailing-whitespace)
backend\decision_engine.py:521:0: C0303: Trailing whitespace (trailing-whitespace)
backend\decision_engine.py:534:0: C0303: Trailing whitespace (trailing-whitespace)
backend\decision_engine.py:538:0: C0303: Trailing whitespace (trailing-whitespace)
backend\decision_engine.py:540:0: C0303: Trailing whitespace (trailing-whitespace)
backend\decision_engine.py:545:0: C0303: Trailing whitespace (trailing-whitespace)
backend\decision_engine.py:548:0: C0303: Trailing whitespace (trailing-whitespace)
backend\decision_engine.py:551:0: C0303: Trailing whitespace (trailing-whitespace)
backend\decision_engine.py:556:0: C0303: Trailing whitespace (trailing-whitespace)
backend\decision_engine.py:559:0: C0303: Trailing whitespace (trailing-whitespace)
backend\decision_engine.py:568:0: C0303: Trailing whitespace (trailing-whitespace)
backend\decision_engine.py:570:0: C0303: Trailing whitespace (trailing-whitespace)
backend\decision_engine.py:573:0: C0301: Line too long (109/100) (line-too-long)
backend\decision_engine.py:574:0: C0303: Trailing whitespace (trailing-whitespace)
backend\decision_engine.py:576:0: C0303: Trailing whitespace (trailing-whitespace)
backend\decision_engine.py:584:0: C0303: Trailing whitespace (trailing-whitespace)
backend\decision_engine.py:586:0: C0303: Trailing whitespace (trailing-whitespace)
backend\decision_engine.py:590:0: C0303: Trailing whitespace (trailing-whitespace)
backend\decision_engine.py:595:0: C0303: Trailing whitespace (trailing-whitespace)
backend\decision_engine.py:597:0: C0303: Trailing whitespace (trailing-whitespace)
backend\decision_engine.py:599:0: C0303: Trailing whitespace (trailing-whitespace)
backend\decision_engine.py:603:0: C0303: Trailing whitespace (trailing-whitespace)
backend\decision_engine.py:609:0: C0303: Trailing whitespace (trailing-whitespace)
backend\decision_engine.py:611:0: C0303: Trailing whitespace (trailing-whitespace)
backend\decision_engine.py:613:0: C0303: Trailing whitespace (trailing-whitespace)
backend\decision_engine.py:629:0: C0303: Trailing whitespace (trailing-whitespace)
backend\decision_engine.py:637:0: C0303: Trailing whitespace (trailing-whitespace)
backend\decision_engine.py:643:0: C0303: Trailing whitespace (trailing-whitespace)
backend\decision_engine.py:645:44: C0303: Trailing whitespace (trailing-whitespace)
backend\decision_engine.py:648:0: C0303: Trailing whitespace (trailing-whitespace)
backend\decision_engine.py:651:45: C0303: Trailing whitespace (trailing-whitespace)
backend\decision_engine.py:654:0: C0303: Trailing whitespace (trailing-whitespace)
backend\decision_engine.py:656:0: C0303: Trailing whitespace (trailing-whitespace)
backend\decision_engine.py:662:0: C0303: Trailing whitespace (trailing-whitespace)
backend\decision_engine.py:678:0: C0303: Trailing whitespace (trailing-whitespace)
backend\decision_engine.py:25:0: E0401: Unable to import 'memory_store' (import-error)
backend\decision_engine.py:26:0: E0401: Unable to import 'metacognition' (import-error)
backend\decision_engine.py:55:0: R0902: Too many instance attributes (11/7) (too-many-instance-attributes)
backend\decision_engine.py:70:0: R0902: Too many instance attributes (13/7) (too-many-instance-attributes)
backend\decision_engine.py:95:0: R0902: Too many instance attributes (12/7) (too-many-instance-attributes)
backend\decision_engine.py:159:16: W1203: Use lazy % formatting in logging functions (logging-fstring-interpolation)
backend\decision_engine.py:183:12: W1203: Use lazy % formatting in logging functions (logging-fstring-interpolation)
backend\decision_engine.py:199:16: W1203: Use lazy % formatting in logging functions (logging-fstring-interpolation)
backend\decision_engine.py:214:16: W1203: Use lazy % formatting in logging functions (logging-fstring-interpolation)
backend\decision_engine.py:256:8: W1203: Use lazy % formatting in logging functions (logging-fstring-interpolation)
backend\decision_engine.py:288:8: W1203: Use lazy % formatting in logging functions (logging-fstring-interpolation)
backend\decision_engine.py:380:31: W0613: Unused argument 'current_metrics' (unused-argument)
backend\decision_engine.py:421:27: W0613: Unused argument 'assessment' (unused-argument)
backend\decision_engine.py:517:8: W1203: Use lazy % formatting in logging functions (logging-fstring-interpolation)
backend\decision_engine.py:541:15: W0718: Catching too general exception Exception (broad-exception-caught)
backend\decision_engine.py:539:12: W1203: Use lazy % formatting in logging functions (logging-fstring-interpolation)
backend\decision_engine.py:542:12: W1203: Use lazy % formatting in logging functions (logging-fstring-interpolation)
backend\decision_engine.py:558:8: W1203: Use lazy % formatting in logging functions (logging-fstring-interpolation)
backend\decision_engine.py:575:8: W1203: Use lazy % formatting in logging functions (logging-fstring-interpolation)
backend\decision_engine.py:596:8: W1203: Use lazy % formatting in logging functions (logging-fstring-interpolation)
backend\decision_engine.py:610:8: W1203: Use lazy % formatting in logging functions (logging-fstring-interpolation)
backend\decision_engine.py:15:0: C0411: standard import "typing.Dict" should be placed before third party import "numpy" (wrong-import-order)
backend\decision_engine.py:16:0: C0411: standard import "datetime.datetime" should be placed before third party import "numpy" (wrong-import-order)
backend\decision_engine.py:17:0: C0411: standard import "dataclasses.dataclass" should be placed before third party import "numpy" (wrong-import-order)
backend\decision_engine.py:18:0: C0411: standard import "enum.Enum" should be placed before third party import "numpy" (wrong-import-order)
backend\decision_engine.py:19:0: C0411: standard import "json" should be placed before third party import "numpy" (wrong-import-order)
backend\decision_engine.py:20:0: C0411: standard import "statistics" should be placed before third party import "numpy" (wrong-import-order)
backend\decision_engine.py:21:0: C0411: standard import "concurrent.futures.ThreadPoolExecutor" should be placed before third party import "numpy" (wrong-import-order)
backend\decision_engine.py:22:0: C0411: standard import "threading" should be placed before third party import "numpy" (wrong-import-order)
backend\decision_engine.py:15:0: W0611: Unused Tuple imported from typing (unused-import)
backend\decision_engine.py:15:0: W0611: Unused Callable imported from typing (unused-import)
backend\decision_engine.py:19:0: W0611: Unused import json (unused-import)
backend\decision_engine.py:20:0: W0611: Unused import statistics (unused-import)
************* Module backend.memory_store
backend\memory_store.py:22:0: C0303: Trailing whitespace (trailing-whitespace)
backend\memory_store.py:42:0: C0303: Trailing whitespace (trailing-whitespace)
backend\memory_store.py:45:0: C0303: Trailing whitespace (trailing-whitespace)
backend\memory_store.py:59:0: C0303: Trailing whitespace (trailing-whitespace)
backend\memory_store.py:64:0: C0303: Trailing whitespace (trailing-whitespace)
backend\memory_store.py:80:0: C0303: Trailing whitespace (trailing-whitespace)
backend\memory_store.py:94:0: C0303: Trailing whitespace (trailing-whitespace)
backend\memory_store.py:106:0: C0303: Trailing whitespace (trailing-whitespace)
backend\memory_store.py:118:0: C0303: Trailing whitespace (trailing-whitespace)
backend\memory_store.py:133:0: C0303: Trailing whitespace (trailing-whitespace)
backend\memory_store.py:150:0: C0303: Trailing whitespace (trailing-whitespace)
backend\memory_store.py:163:0: C0303: Trailing whitespace (trailing-whitespace)
backend\memory_store.py:177:0: C0303: Trailing whitespace (trailing-whitespace)
backend\memory_store.py:190:0: C0303: Trailing whitespace (trailing-whitespace)
backend\memory_store.py:201:0: C0303: Trailing whitespace (trailing-whitespace)
backend\memory_store.py:204:0: C0303: Trailing whitespace (trailing-whitespace)
backend\memory_store.py:226:0: C0303: Trailing whitespace (trailing-whitespace)
backend\memory_store.py:228:0: C0303: Trailing whitespace (trailing-whitespace)
backend\memory_store.py:230:37: C0303: Trailing whitespace (trailing-whitespace)
backend\memory_store.py:231:42: C0303: Trailing whitespace (trailing-whitespace)
backend\memory_store.py:244:0: C0303: Trailing whitespace (trailing-whitespace)
backend\memory_store.py:247:0: C0303: Trailing whitespace (trailing-whitespace)
backend\memory_store.py:253:0: C0303: Trailing whitespace (trailing-whitespace)
backend\memory_store.py:256:0: C0303: Trailing whitespace (trailing-whitespace)
backend\memory_store.py:259:0: C0303: Trailing whitespace (trailing-whitespace)
backend\memory_store.py:262:0: C0303: Trailing whitespace (trailing-whitespace)
backend\memory_store.py:267:0: C0303: Trailing whitespace (trailing-whitespace)
backend\memory_store.py:271:0: C0303: Trailing whitespace (trailing-whitespace)
backend\memory_store.py:277:0: C0303: Trailing whitespace (trailing-whitespace)
backend\memory_store.py:279:0: C0303: Trailing whitespace (trailing-whitespace)
backend\memory_store.py:284:0: C0303: Trailing whitespace (trailing-whitespace)
backend\memory_store.py:289:0: C0303: Trailing whitespace (trailing-whitespace)
backend\memory_store.py:291:0: C0303: Trailing whitespace (trailing-whitespace)
backend\memory_store.py:297:0: C0303: Trailing whitespace (trailing-whitespace)
backend\memory_store.py:299:0: C0303: Trailing whitespace (trailing-whitespace)
backend\memory_store.py:305:0: C0303: Trailing whitespace (trailing-whitespace)
backend\memory_store.py:310:0: C0303: Trailing whitespace (trailing-whitespace)
backend\memory_store.py:313:0: C0303: Trailing whitespace (trailing-whitespace)
backend\memory_store.py:316:0: C0303: Trailing whitespace (trailing-whitespace)
backend\memory_store.py:318:0: C0303: Trailing whitespace (trailing-whitespace)
backend\memory_store.py:320:0: C0303: Trailing whitespace (trailing-whitespace)
backend\memory_store.py:329:0: C0303: Trailing whitespace (trailing-whitespace)
backend\memory_store.py:332:0: C0303: Trailing whitespace (trailing-whitespace)
backend\memory_store.py:338:0: C0303: Trailing whitespace (trailing-whitespace)
backend\memory_store.py:341:0: C0303: Trailing whitespace (trailing-whitespace)
backend\memory_store.py:344:0: C0303: Trailing whitespace (trailing-whitespace)
backend\memory_store.py:347:0: C0303: Trailing whitespace (trailing-whitespace)
backend\memory_store.py:356:0: C0303: Trailing whitespace (trailing-whitespace)
backend\memory_store.py:359:0: C0303: Trailing whitespace (trailing-whitespace)
backend\memory_store.py:363:0: C0303: Trailing whitespace (trailing-whitespace)
backend\memory_store.py:367:0: C0303: Trailing whitespace (trailing-whitespace)
backend\memory_store.py:371:0: C0303: Trailing whitespace (trailing-whitespace)
backend\memory_store.py:375:0: C0303: Trailing whitespace (trailing-whitespace)
backend\memory_store.py:379:0: C0303: Trailing whitespace (trailing-whitespace)
backend\memory_store.py:381:0: C0303: Trailing whitespace (trailing-whitespace)
backend\memory_store.py:384:0: C0303: Trailing whitespace (trailing-whitespace)
backend\memory_store.py:386:0: C0303: Trailing whitespace (trailing-whitespace)
backend\memory_store.py:391:0: C0303: Trailing whitespace (trailing-whitespace)
backend\memory_store.py:395:0: C0303: Trailing whitespace (trailing-whitespace)
backend\memory_store.py:401:0: C0303: Trailing whitespace (trailing-whitespace)
backend\memory_store.py:403:0: C0303: Trailing whitespace (trailing-whitespace)
backend\memory_store.py:413:0: C0303: Trailing whitespace (trailing-whitespace)
backend\memory_store.py:416:0: C0303: Trailing whitespace (trailing-whitespace)
backend\memory_store.py:422:0: C0303: Trailing whitespace (trailing-whitespace)
backend\memory_store.py:424:0: C0303: Trailing whitespace (trailing-whitespace)
backend\memory_store.py:429:0: C0303: Trailing whitespace (trailing-whitespace)
backend\memory_store.py:435:0: C0303: Trailing whitespace (trailing-whitespace)
backend\memory_store.py:441:0: C0303: Trailing whitespace (trailing-whitespace)
backend\memory_store.py:443:0: C0303: Trailing whitespace (trailing-whitespace)
backend\memory_store.py:445:0: C0303: Trailing whitespace (trailing-whitespace)
backend\memory_store.py:455:0: C0303: Trailing whitespace (trailing-whitespace)
backend\memory_store.py:458:0: C0303: Trailing whitespace (trailing-whitespace)
backend\memory_store.py:464:0: C0303: Trailing whitespace (trailing-whitespace)
backend\memory_store.py:467:0: C0303: Trailing whitespace (trailing-whitespace)
backend\memory_store.py:470:0: C0303: Trailing whitespace (trailing-whitespace)
backend\memory_store.py:472:0: C0303: Trailing whitespace (trailing-whitespace)
backend\memory_store.py:480:0: C0303: Trailing whitespace (trailing-whitespace)
backend\memory_store.py:483:0: C0303: Trailing whitespace (trailing-whitespace)
backend\memory_store.py:489:0: C0303: Trailing whitespace (trailing-whitespace)
backend\memory_store.py:491:0: C0303: Trailing whitespace (trailing-whitespace)
backend\memory_store.py:498:0: C0303: Trailing whitespace (trailing-whitespace)
backend\memory_store.py:505:0: C0303: Trailing whitespace (trailing-whitespace)
backend\memory_store.py:513:0: C0303: Trailing whitespace (trailing-whitespace)
backend\memory_store.py:515:0: C0303: Trailing whitespace (trailing-whitespace)
backend\memory_store.py:517:0: C0303: Trailing whitespace (trailing-whitespace)
backend\memory_store.py:528:0: C0303: Trailing whitespace (trailing-whitespace)
backend\memory_store.py:531:0: C0303: Trailing whitespace (trailing-whitespace)
backend\memory_store.py:537:0: C0303: Trailing whitespace (trailing-whitespace)
backend\memory_store.py:539:0: C0303: Trailing whitespace (trailing-whitespace)
backend\memory_store.py:546:0: C0303: Trailing whitespace (trailing-whitespace)
backend\memory_store.py:552:0: C0303: Trailing whitespace (trailing-whitespace)
backend\memory_store.py:558:0: C0303: Trailing whitespace (trailing-whitespace)
backend\memory_store.py:560:0: C0303: Trailing whitespace (trailing-whitespace)
backend\memory_store.py:566:0: C0303: Trailing whitespace (trailing-whitespace)
backend\memory_store.py:572:0: C0303: Trailing whitespace (trailing-whitespace)
backend\memory_store.py:575:0: C0303: Trailing whitespace (trailing-whitespace)
backend\memory_store.py:578:0: C0303: Trailing whitespace (trailing-whitespace)
backend\memory_store.py:580:0: C0303: Trailing whitespace (trailing-whitespace)
backend\memory_store.py:589:0: C0303: Trailing whitespace (trailing-whitespace)
backend\memory_store.py:592:0: C0303: Trailing whitespace (trailing-whitespace)
backend\memory_store.py:598:0: C0303: Trailing whitespace (trailing-whitespace)
backend\memory_store.py:600:0: C0303: Trailing whitespace (trailing-whitespace)
backend\memory_store.py:607:0: C0303: Trailing whitespace (trailing-whitespace)
backend\memory_store.py:610:0: C0303: Trailing whitespace (trailing-whitespace)
backend\memory_store.py:625:0: C0303: Trailing whitespace (trailing-whitespace)
backend\memory_store.py:631:0: C0303: Trailing whitespace (trailing-whitespace)
backend\memory_store.py:633:0: C0303: Trailing whitespace (trailing-whitespace)
backend\memory_store.py:637:0: C0303: Trailing whitespace (trailing-whitespace)
backend\memory_store.py:649:0: C0303: Trailing whitespace (trailing-whitespace)
backend\memory_store.py:654:77: C0303: Trailing whitespace (trailing-whitespace)
backend\memory_store.py:656:0: C0303: Trailing whitespace (trailing-whitespace)
backend\memory_store.py:659:0: C0303: Trailing whitespace (trailing-whitespace)
backend\memory_store.py:662:0: C0303: Trailing whitespace (trailing-whitespace)
backend\memory_store.py:665:0: C0303: Trailing whitespace (trailing-whitespace)
backend\memory_store.py:675:0: C0303: Trailing whitespace (trailing-whitespace)
backend\memory_store.py:678:0: C0303: Trailing whitespace (trailing-whitespace)
backend\memory_store.py:682:0: C0303: Trailing whitespace (trailing-whitespace)
backend\memory_store.py:686:0: C0303: Trailing whitespace (trailing-whitespace)
backend\memory_store.py:690:0: C0303: Trailing whitespace (trailing-whitespace)
backend\memory_store.py:693:0: C0303: Trailing whitespace (trailing-whitespace)
backend\memory_store.py:696:0: C0303: Trailing whitespace (trailing-whitespace)
backend\memory_store.py:699:0: C0303: Trailing whitespace (trailing-whitespace)
backend\memory_store.py:714:0: C0303: Trailing whitespace (trailing-whitespace)
backend\memory_store.py:716:0: C0303: Trailing whitespace (trailing-whitespace)
backend\memory_store.py:725:0: C0303: Trailing whitespace (trailing-whitespace)
backend\memory_store.py:731:0: C0303: Trailing whitespace (trailing-whitespace)
backend\memory_store.py:734:0: C0303: Trailing whitespace (trailing-whitespace)
backend\memory_store.py:737:0: C0303: Trailing whitespace (trailing-whitespace)
backend\memory_store.py:740:0: C0303: Trailing whitespace (trailing-whitespace)
backend\memory_store.py:749:0: C0303: Trailing whitespace (trailing-whitespace)
backend\memory_store.py:752:0: C0303: Trailing whitespace (trailing-whitespace)
backend\memory_store.py:756:0: C0303: Trailing whitespace (trailing-whitespace)
backend\memory_store.py:760:0: C0303: Trailing whitespace (trailing-whitespace)
backend\memory_store.py:763:0: C0303: Trailing whitespace (trailing-whitespace)
backend\memory_store.py:766:0: C0303: Trailing whitespace (trailing-whitespace)
backend\memory_store.py:779:0: C0303: Trailing whitespace (trailing-whitespace)
backend\memory_store.py:781:0: C0303: Trailing whitespace (trailing-whitespace)
backend\memory_store.py:786:0: C0303: Trailing whitespace (trailing-whitespace)
backend\memory_store.py:793:0: C0303: Trailing whitespace (trailing-whitespace)
backend\memory_store.py:795:0: C0303: Trailing whitespace (trailing-whitespace)
backend\memory_store.py:804:0: C0303: Trailing whitespace (trailing-whitespace)
backend\memory_store.py:810:0: C0303: Trailing whitespace (trailing-whitespace)
backend\memory_store.py:813:0: C0303: Trailing whitespace (trailing-whitespace)
backend\memory_store.py:816:0: C0303: Trailing whitespace (trailing-whitespace)
backend\memory_store.py:817:0: C0301: Line too long (106/100) (line-too-long)
backend\memory_store.py:819:0: C0303: Trailing whitespace (trailing-whitespace)
backend\memory_store.py:827:0: C0303: Trailing whitespace (trailing-whitespace)
backend\memory_store.py:830:0: C0303: Trailing whitespace (trailing-whitespace)
backend\memory_store.py:833:0: C0303: Trailing whitespace (trailing-whitespace)
backend\memory_store.py:837:0: C0303: Trailing whitespace (trailing-whitespace)
backend\memory_store.py:841:0: C0303: Trailing whitespace (trailing-whitespace)
backend\memory_store.py:844:0: C0303: Trailing whitespace (trailing-whitespace)
backend\memory_store.py:847:0: C0303: Trailing whitespace (trailing-whitespace)
backend\memory_store.py:858:0: C0303: Trailing whitespace (trailing-whitespace)
backend\memory_store.py:860:0: C0303: Trailing whitespace (trailing-whitespace)
backend\memory_store.py:869:0: C0303: Trailing whitespace (trailing-whitespace)
backend\memory_store.py:875:0: C0303: Trailing whitespace (trailing-whitespace)
backend\memory_store.py:878:0: C0303: Trailing whitespace (trailing-whitespace)
backend\memory_store.py:881:0: C0303: Trailing whitespace (trailing-whitespace)
backend\memory_store.py:884:0: C0303: Trailing whitespace (trailing-whitespace)
backend\memory_store.py:891:0: C0303: Trailing whitespace (trailing-whitespace)
backend\memory_store.py:898:0: C0303: Trailing whitespace (trailing-whitespace)
backend\memory_store.py:906:0: C0303: Trailing whitespace (trailing-whitespace)
backend\memory_store.py:913:0: C0303: Trailing whitespace (trailing-whitespace)
backend\memory_store.py:921:0: C0303: Trailing whitespace (trailing-whitespace)
backend\memory_store.py:923:0: C0303: Trailing whitespace (trailing-whitespace)
backend\memory_store.py:932:0: C0303: Trailing whitespace (trailing-whitespace)
backend\memory_store.py:935:0: C0303: Trailing whitespace (trailing-whitespace)
backend\memory_store.py:940:0: C0303: Trailing whitespace (trailing-whitespace)
backend\memory_store.py:942:0: C0303: Trailing whitespace (trailing-whitespace)
backend\memory_store.py:944:0: C0301: Line too long (108/100) (line-too-long)
backend\memory_store.py:948:0: C0303: Trailing whitespace (trailing-whitespace)
backend\memory_store.py:952:0: C0303: Trailing whitespace (trailing-whitespace)
backend\memory_store.py:955:0: C0303: Trailing whitespace (trailing-whitespace)
backend\memory_store.py:958:0: C0303: Trailing whitespace (trailing-whitespace)
backend\memory_store.py:965:0: C0303: Trailing whitespace (trailing-whitespace)
backend\memory_store.py:971:0: C0303: Trailing whitespace (trailing-whitespace)
backend\memory_store.py:973:0: C0303: Trailing whitespace (trailing-whitespace)
backend\memory_store.py:46:8: W1203: Use lazy % formatting in logging functions (logging-fstring-interpolation)
backend\memory_store.py:221:12: W1203: Use lazy % formatting in logging functions (logging-fstring-interpolation)
backend\memory_store.py:229:4: R0913: Too many arguments (6/5) (too-many-arguments)
backend\memory_store.py:229:4: R0917: Too many positional arguments (6/5) (too-many-positional-arguments)
backend\memory_store.py:260:16: W1203: Use lazy % formatting in logging functions (logging-fstring-interpolation)
backend\memory_store.py:315:20: W1203: Use lazy % formatting in logging functions (logging-fstring-interpolation)
backend\memory_store.py:345:16: W1203: Use lazy % formatting in logging functions (logging-fstring-interpolation)
backend\memory_store.py:577:20: W1203: Use lazy % formatting in logging functions (logging-fstring-interpolation)
backend\memory_store.py:638:4: R0913: Too many arguments (8/5) (too-many-arguments)
backend\memory_store.py:638:4: R0917: Too many positional arguments (8/5) (too-many-positional-arguments)
backend\memory_store.py:663:12: W1203: Use lazy % formatting in logging functions (logging-fstring-interpolation)
backend\memory_store.py:666:4: R0913: Too many arguments (6/5) (too-many-arguments)
backend\memory_store.py:666:4: R0917: Too many positional arguments (6/5) (too-many-positional-arguments)
backend\memory_store.py:738:12: W1203: Use lazy % formatting in logging functions (logging-fstring-interpolation)
backend\memory_store.py:817:12: W1203: Use lazy % formatting in logging functions (logging-fstring-interpolation)
backend\memory_store.py:882:12: W1203: Use lazy % formatting in logging functions (logging-fstring-interpolation)
backend\memory_store.py:933:12: W1203: Use lazy % formatting in logging functions (logging-fstring-interpolation)
backend\memory_store.py:17:0: R0904: Too many public methods (30/20) (too-many-public-methods)
backend\memory_store.py:9:0: W0611: Unused Tuple imported from typing (unused-import)
************* Module backend.metacognition
backend\metacognition.py:68:0: C0303: Trailing whitespace (trailing-whitespace)
backend\metacognition.py:80:0: C0303: Trailing whitespace (trailing-whitespace)
backend\metacognition.py:85:0: C0303: Trailing whitespace (trailing-whitespace)
backend\metacognition.py:87:0: C0303: Trailing whitespace (trailing-whitespace)
backend\metacognition.py:88:34: C0303: Trailing whitespace (trailing-whitespace)
backend\metacognition.py:99:0: C0301: Line too long (105/100) (line-too-long)
backend\metacognition.py:106:0: C0303: Trailing whitespace (trailing-whitespace)
backend\metacognition.py:109:0: C0303: Trailing whitespace (trailing-whitespace)
backend\metacognition.py:112:0: C0303: Trailing whitespace (trailing-whitespace)
backend\metacognition.py:115:0: C0303: Trailing whitespace (trailing-whitespace)
backend\metacognition.py:118:0: C0303: Trailing whitespace (trailing-whitespace)
backend\metacognition.py:121:0: C0303: Trailing whitespace (trailing-whitespace)
backend\metacognition.py:126:0: C0303: Trailing whitespace (trailing-whitespace)
backend\metacognition.py:137:0: C0303: Trailing whitespace (trailing-whitespace)
backend\metacognition.py:140:0: C0303: Trailing whitespace (trailing-whitespace)
backend\metacognition.py:143:0: C0303: Trailing whitespace (trailing-whitespace)
backend\metacognition.py:145:0: C0303: Trailing whitespace (trailing-whitespace)
backend\metacognition.py:150:0: C0303: Trailing whitespace (trailing-whitespace)
backend\metacognition.py:176:0: C0303: Trailing whitespace (trailing-whitespace)
backend\metacognition.py:178:0: C0303: Trailing whitespace (trailing-whitespace)
backend\metacognition.py:180:62: C0303: Trailing whitespace (trailing-whitespace)
backend\metacognition.py:185:0: C0303: Trailing whitespace (trailing-whitespace)
backend\metacognition.py:189:0: C0303: Trailing whitespace (trailing-whitespace)
backend\metacognition.py:192:0: C0301: Line too long (102/100) (line-too-long)
backend\metacognition.py:196:0: C0303: Trailing whitespace (trailing-whitespace)
backend\metacognition.py:200:0: C0303: Trailing whitespace (trailing-whitespace)
backend\metacognition.py:207:0: C0303: Trailing whitespace (trailing-whitespace)
backend\metacognition.py:209:0: C0303: Trailing whitespace (trailing-whitespace)
backend\metacognition.py:211:59: C0303: Trailing whitespace (trailing-whitespace)
backend\metacognition.py:216:0: C0303: Trailing whitespace (trailing-whitespace)
backend\metacognition.py:222:0: C0303: Trailing whitespace (trailing-whitespace)
backend\metacognition.py:230:0: C0303: Trailing whitespace (trailing-whitespace)
backend\metacognition.py:233:0: C0303: Trailing whitespace (trailing-whitespace)
backend\metacognition.py:235:60: C0303: Trailing whitespace (trailing-whitespace)
backend\metacognition.py:240:0: C0303: Trailing whitespace (trailing-whitespace)
backend\metacognition.py:242:0: C0301: Line too long (104/100) (line-too-long)
backend\metacognition.py:243:0: C0303: Trailing whitespace (trailing-whitespace)
backend\metacognition.py:254:0: C0303: Trailing whitespace (trailing-whitespace)
backend\metacognition.py:257:0: C0303: Trailing whitespace (trailing-whitespace)
backend\metacognition.py:259:0: C0303: Trailing whitespace (trailing-whitespace)
backend\metacognition.py:261:47: C0303: Trailing whitespace (trailing-whitespace)
backend\metacognition.py:265:0: C0303: Trailing whitespace (trailing-whitespace)
backend\metacognition.py:270:0: C0303: Trailing whitespace (trailing-whitespace)
backend\metacognition.py:273:34: C0303: Trailing whitespace (trailing-whitespace)
backend\metacognition.py:276:0: C0303: Trailing whitespace (trailing-whitespace)
backend\metacognition.py:284:0: C0303: Trailing whitespace (trailing-whitespace)
backend\metacognition.py:290:0: C0303: Trailing whitespace (trailing-whitespace)
backend\metacognition.py:292:0: C0303: Trailing whitespace (trailing-whitespace)
backend\metacognition.py:294:53: C0303: Trailing whitespace (trailing-whitespace)
backend\metacognition.py:295:54: C0303: Trailing whitespace (trailing-whitespace)
backend\metacognition.py:298:0: C0303: Trailing whitespace (trailing-whitespace)
backend\metacognition.py:302:0: C0303: Trailing whitespace (trailing-whitespace)
backend\metacognition.py:306:0: C0303: Trailing whitespace (trailing-whitespace)
backend\metacognition.py:309:75: C0303: Trailing whitespace (trailing-whitespace)
backend\metacognition.py:313:0: C0303: Trailing whitespace (trailing-whitespace)
backend\metacognition.py:319:0: C0303: Trailing whitespace (trailing-whitespace)
backend\metacognition.py:322:0: C0303: Trailing whitespace (trailing-whitespace)
backend\metacognition.py:333:0: C0303: Trailing whitespace (trailing-whitespace)
backend\metacognition.py:341:0: C0303: Trailing whitespace (trailing-whitespace)
backend\metacognition.py:343:51: C0303: Trailing whitespace (trailing-whitespace)
backend\metacognition.py:347:0: C0303: Trailing whitespace (trailing-whitespace)
backend\metacognition.py:353:0: C0303: Trailing whitespace (trailing-whitespace)
backend\metacognition.py:357:0: C0303: Trailing whitespace (trailing-whitespace)
backend\metacognition.py:359:0: C0303: Trailing whitespace (trailing-whitespace)
backend\metacognition.py:367:0: C0303: Trailing whitespace (trailing-whitespace)
backend\metacognition.py:372:0: C0303: Trailing whitespace (trailing-whitespace)
backend\metacognition.py:375:0: C0303: Trailing whitespace (trailing-whitespace)
backend\metacognition.py:380:0: C0303: Trailing whitespace (trailing-whitespace)
backend\metacognition.py:385:0: C0303: Trailing whitespace (trailing-whitespace)
backend\metacognition.py:389:0: C0303: Trailing whitespace (trailing-whitespace)
backend\metacognition.py:393:0: C0303: Trailing whitespace (trailing-whitespace)
backend\metacognition.py:396:0: C0303: Trailing whitespace (trailing-whitespace)
backend\metacognition.py:398:45: C0303: Trailing whitespace (trailing-whitespace)
backend\metacognition.py:399:48: C0303: Trailing whitespace (trailing-whitespace)
backend\metacognition.py:404:0: C0303: Trailing whitespace (trailing-whitespace)
backend\metacognition.py:408:0: C0303: Trailing whitespace (trailing-whitespace)
backend\metacognition.py:411:0: C0303: Trailing whitespace (trailing-whitespace)
backend\metacognition.py:416:0: C0303: Trailing whitespace (trailing-whitespace)
backend\metacognition.py:427:0: C0303: Trailing whitespace (trailing-whitespace)
backend\metacognition.py:429:0: C0303: Trailing whitespace (trailing-whitespace)
backend\metacognition.py:431:48: C0303: Trailing whitespace (trailing-whitespace)
backend\metacognition.py:432:51: C0303: Trailing whitespace (trailing-whitespace)
backend\metacognition.py:437:0: C0303: Trailing whitespace (trailing-whitespace)
backend\metacognition.py:440:0: C0303: Trailing whitespace (trailing-whitespace)
backend\metacognition.py:446:0: C0303: Trailing whitespace (trailing-whitespace)
backend\metacognition.py:449:0: C0303: Trailing whitespace (trailing-whitespace)
backend\metacognition.py:459:0: C0303: Trailing whitespace (trailing-whitespace)
backend\metacognition.py:461:0: C0303: Trailing whitespace (trailing-whitespace)
backend\metacognition.py:463:48: C0303: Trailing whitespace (trailing-whitespace)
backend\metacognition.py:464:51: C0303: Trailing whitespace (trailing-whitespace)
backend\metacognition.py:469:0: C0303: Trailing whitespace (trailing-whitespace)
backend\metacognition.py:473:0: C0303: Trailing whitespace (trailing-whitespace)
backend\metacognition.py:476:0: C0303: Trailing whitespace (trailing-whitespace)
backend\metacognition.py:483:0: C0303: Trailing whitespace (trailing-whitespace)
backend\metacognition.py:495:0: C0303: Trailing whitespace (trailing-whitespace)
backend\metacognition.py:497:0: C0303: Trailing whitespace (trailing-whitespace)
backend\metacognition.py:507:0: C0303: Trailing whitespace (trailing-whitespace)
backend\metacognition.py:515:0: C0303: Trailing whitespace (trailing-whitespace)
backend\metacognition.py:517:51: C0303: Trailing whitespace (trailing-whitespace)
backend\metacognition.py:520:0: C0303: Trailing whitespace (trailing-whitespace)
backend\metacognition.py:528:0: C0303: Trailing whitespace (trailing-whitespace)
backend\metacognition.py:537:0: C0303: Trailing whitespace (trailing-whitespace)
backend\metacognition.py:539:0: C0303: Trailing whitespace (trailing-whitespace)
backend\metacognition.py:543:0: C0303: Trailing whitespace (trailing-whitespace)
backend\metacognition.py:550:0: C0303: Trailing whitespace (trailing-whitespace)
backend\metacognition.py:554:0: C0303: Trailing whitespace (trailing-whitespace)
backend\metacognition.py:558:0: C0303: Trailing whitespace (trailing-whitespace)
backend\metacognition.py:562:0: C0303: Trailing whitespace (trailing-whitespace)
backend\metacognition.py:565:0: C0303: Trailing whitespace (trailing-whitespace)
backend\metacognition.py:567:0: C0303: Trailing whitespace (trailing-whitespace)
backend\metacognition.py:576:0: C0303: Trailing whitespace (trailing-whitespace)
backend\metacognition.py:582:0: C0301: Line too long (118/100) (line-too-long)
backend\metacognition.py:584:0: C0303: Trailing whitespace (trailing-whitespace)
backend\metacognition.py:23:0: E0401: Unable to import 'memory_store' (import-error)
backend\metacognition.py:105:8: W1203: Use lazy % formatting in logging functions (logging-fstring-interpolation)
backend\metacognition.py:141:8: W1203: Use lazy % formatting in logging functions (logging-fstring-interpolation)
backend\metacognition.py:180:28: W0613: Unused argument 'current_metrics' (unused-argument)
backend\metacognition.py:212:27: W0613: Unused argument 'current_metrics' (unused-argument)
backend\metacognition.py:236:28: W0613: Unused argument 'current_metrics' (unused-argument)
backend\metacognition.py:342:4: R0914: Too many local variables (16/15) (too-many-locals)
backend\metacognition.py:346:8: W1203: Use lazy % formatting in logging functions (logging-fstring-interpolation)
backend\metacognition.py:394:8: W1203: Use lazy % formatting in logging functions (logging-fstring-interpolation)
backend\metacognition.py:410:19: W0612: Unused variable 'intercept' (unused-variable)
backend\metacognition.py:544:8: R1705: Unnecessary "elif" after "return", remove the leading "el" from "elif" (no-else-return)
backend\metacognition.py:570:8: R1705: Unnecessary "elif" after "return", remove the leading "el" from "elif" (no-else-return)
backend\metacognition.py:587:8: R1705: Unnecessary "elif" after "return", remove the leading "el" from "elif" (no-else-return)
backend\metacognition.py:15:0: C0411: standard import "typing.Dict" should be placed before third party import "numpy" (wrong-import-order)
backend\metacognition.py:16:0: C0411: standard import "datetime.datetime" should be placed before third party import "numpy" (wrong-import-order)
backend\metacognition.py:17:0: C0411: standard import "dataclasses.dataclass" should be placed before third party import "numpy" (wrong-import-order)
backend\metacognition.py:18:0: C0411: standard import "enum.Enum" should be placed before third party import "numpy" (wrong-import-order)
backend\metacognition.py:19:0: C0411: standard import "json" should be placed before third party import "numpy" (wrong-import-order)
backend\metacognition.py:20:0: C0411: standard import "statistics" should be placed before third party import "numpy" (wrong-import-order)
backend\metacognition.py:15:0: W0611: Unused Tuple imported from typing (unused-import)
backend\metacognition.py:16:0: W0611: Unused timedelta imported from datetime (unused-import)
backend\metacognition.py:19:0: W0611: Unused import json (unused-import)
************* Module backend.phase3_systematic_validation
backend\phase3_systematic_validation.py:41:0: C0303: Trailing whitespace (trailing-whitespace)
backend\phase3_systematic_validation.py:52:0: C0303: Trailing whitespace (trailing-whitespace)
backend\phase3_systematic_validation.py:57:0: C0303: Trailing whitespace (trailing-whitespace)
backend\phase3_systematic_validation.py:64:0: C0303: Trailing whitespace (trailing-whitespace)
backend\phase3_systematic_validation.py:68:0: C0303: Trailing whitespace (trailing-whitespace)
backend\phase3_systematic_validation.py:77:0: C0303: Trailing whitespace (trailing-whitespace)
backend\phase3_systematic_validation.py:87:79: C0303: Trailing whitespace (trailing-whitespace)
backend\phase3_systematic_validation.py:89:0: C0303: Trailing whitespace (trailing-whitespace)
backend\phase3_systematic_validation.py:94:72: C0303: Trailing whitespace (trailing-whitespace)
backend\phase3_systematic_validation.py:101:0: C0303: Trailing whitespace (trailing-whitespace)
backend\phase3_systematic_validation.py:106:73: C0303: Trailing whitespace (trailing-whitespace)
backend\phase3_systematic_validation.py:113:0: C0303: Trailing whitespace (trailing-whitespace)
backend\phase3_systematic_validation.py:118:75: C0303: Trailing whitespace (trailing-whitespace)
backend\phase3_systematic_validation.py:125:0: C0303: Trailing whitespace (trailing-whitespace)
backend\phase3_systematic_validation.py:131:0: C0303: Trailing whitespace (trailing-whitespace)
backend\phase3_systematic_validation.py:133:70: C0303: Trailing whitespace (trailing-whitespace)
backend\phase3_systematic_validation.py:136:0: C0303: Trailing whitespace (trailing-whitespace)
backend\phase3_systematic_validation.py:140:0: C0303: Trailing whitespace (trailing-whitespace)
backend\phase3_systematic_validation.py:145:0: C0303: Trailing whitespace (trailing-whitespace)
backend\phase3_systematic_validation.py:151:0: C0303: Trailing whitespace (trailing-whitespace)
backend\phase3_systematic_validation.py:154:0: C0303: Trailing whitespace (trailing-whitespace)
backend\phase3_systematic_validation.py:155:78: C0303: Trailing whitespace (trailing-whitespace)
backend\phase3_systematic_validation.py:158:0: C0303: Trailing whitespace (trailing-whitespace)
backend\phase3_systematic_validation.py:162:0: C0303: Trailing whitespace (trailing-whitespace)
backend\phase3_systematic_validation.py:167:0: C0303: Trailing whitespace (trailing-whitespace)
backend\phase3_systematic_validation.py:173:0: C0303: Trailing whitespace (trailing-whitespace)
backend\phase3_systematic_validation.py:177:0: C0303: Trailing whitespace (trailing-whitespace)
backend\phase3_systematic_validation.py:178:73: C0303: Trailing whitespace (trailing-whitespace)
backend\phase3_systematic_validation.py:181:0: C0303: Trailing whitespace (trailing-whitespace)
backend\phase3_systematic_validation.py:185:0: C0303: Trailing whitespace (trailing-whitespace)
backend\phase3_systematic_validation.py:190:0: C0303: Trailing whitespace (trailing-whitespace)
backend\phase3_systematic_validation.py:196:0: C0303: Trailing whitespace (trailing-whitespace)
backend\phase3_systematic_validation.py:199:0: C0303: Trailing whitespace (trailing-whitespace)
backend\phase3_systematic_validation.py:207:60: C0303: Trailing whitespace (trailing-whitespace)
backend\phase3_systematic_validation.py:209:0: C0303: Trailing whitespace (trailing-whitespace)
backend\phase3_systematic_validation.py:226:0: C0303: Trailing whitespace (trailing-whitespace)
backend\phase3_systematic_validation.py:233:0: C0303: Trailing whitespace (trailing-whitespace)
backend\phase3_systematic_validation.py:237:0: C0303: Trailing whitespace (trailing-whitespace)
backend\phase3_systematic_validation.py:238:74: C0303: Trailing whitespace (trailing-whitespace)
backend\phase3_systematic_validation.py:241:0: C0303: Trailing whitespace (trailing-whitespace)
backend\phase3_systematic_validation.py:245:75: C0303: Trailing whitespace (trailing-whitespace)
backend\phase3_systematic_validation.py:248:0: C0303: Trailing whitespace (trailing-whitespace)
backend\phase3_systematic_validation.py:250:0: C0303: Trailing whitespace (trailing-whitespace)
backend\phase3_systematic_validation.py:255:0: C0303: Trailing whitespace (trailing-whitespace)
backend\phase3_systematic_validation.py:260:0: C0303: Trailing whitespace (trailing-whitespace)
backend\phase3_systematic_validation.py:263:0: C0303: Trailing whitespace (trailing-whitespace)
backend\phase3_systematic_validation.py:270:61: C0303: Trailing whitespace (trailing-whitespace)
backend\phase3_systematic_validation.py:272:0: C0303: Trailing whitespace (trailing-whitespace)
backend\phase3_systematic_validation.py:277:0: C0303: Trailing whitespace (trailing-whitespace)
backend\phase3_systematic_validation.py:283:0: C0303: Trailing whitespace (trailing-whitespace)
backend\phase3_systematic_validation.py:285:0: C0303: Trailing whitespace (trailing-whitespace)
backend\phase3_systematic_validation.py:290:0: C0303: Trailing whitespace (trailing-whitespace)
backend\phase3_systematic_validation.py:296:0: C0303: Trailing whitespace (trailing-whitespace)
backend\phase3_systematic_validation.py:298:80: C0303: Trailing whitespace (trailing-whitespace)
backend\phase3_systematic_validation.py:303:0: C0303: Trailing whitespace (trailing-whitespace)
backend\phase3_systematic_validation.py:311:0: C0303: Trailing whitespace (trailing-whitespace)
backend\phase3_systematic_validation.py:314:43: C0303: Trailing whitespace (trailing-whitespace)
backend\phase3_systematic_validation.py:320:0: C0303: Trailing whitespace (trailing-whitespace)
backend\phase3_systematic_validation.py:322:87: C0303: Trailing whitespace (trailing-whitespace)
backend\phase3_systematic_validation.py:327:0: C0303: Trailing whitespace (trailing-whitespace)
backend\phase3_systematic_validation.py:332:0: C0303: Trailing whitespace (trailing-whitespace)
backend\phase3_systematic_validation.py:333:62: C0303: Trailing whitespace (trailing-whitespace)
backend\phase3_systematic_validation.py:337:0: C0303: Trailing whitespace (trailing-whitespace)
backend\phase3_systematic_validation.py:345:0: C0303: Trailing whitespace (trailing-whitespace)
backend\phase3_systematic_validation.py:347:86: C0303: Trailing whitespace (trailing-whitespace)
backend\phase3_systematic_validation.py:348:0: C0301: Line too long (114/100) (line-too-long)
backend\phase3_systematic_validation.py:349:0: C0301: Line too long (113/100) (line-too-long)
backend\phase3_systematic_validation.py:352:0: C0303: Trailing whitespace (trailing-whitespace)
backend\phase3_systematic_validation.py:354:0: C0301: Line too long (109/100) (line-too-long)
backend\phase3_systematic_validation.py:355:0: C0303: Trailing whitespace (trailing-whitespace)
backend\phase3_systematic_validation.py:357:90: C0303: Trailing whitespace (trailing-whitespace)
backend\phase3_systematic_validation.py:358:0: C0301: Line too long (102/100) (line-too-long)
backend\phase3_systematic_validation.py:362:0: C0303: Trailing whitespace (trailing-whitespace)
backend\phase3_systematic_validation.py:367:0: C0303: Trailing whitespace (trailing-whitespace)
backend\phase3_systematic_validation.py:372:0: C0303: Trailing whitespace (trailing-whitespace)
backend\phase3_systematic_validation.py:383:0: C0303: Trailing whitespace (trailing-whitespace)
backend\phase3_systematic_validation.py:386:0: C0303: Trailing whitespace (trailing-whitespace)
backend\phase3_systematic_validation.py:388:82: C0303: Trailing whitespace (trailing-whitespace)
backend\phase3_systematic_validation.py:393:0: C0303: Trailing whitespace (trailing-whitespace)
backend\phase3_systematic_validation.py:401:0: C0303: Trailing whitespace (trailing-whitespace)
backend\phase3_systematic_validation.py:403:86: C0303: Trailing whitespace (trailing-whitespace)
backend\phase3_systematic_validation.py:405:0: C0301: Line too long (101/100) (line-too-long)
backend\phase3_systematic_validation.py:407:86: C0303: Trailing whitespace (trailing-whitespace)
backend\phase3_systematic_validation.py:410:0: C0303: Trailing whitespace (trailing-whitespace)
backend\phase3_systematic_validation.py:415:0: C0303: Trailing whitespace (trailing-whitespace)
backend\phase3_systematic_validation.py:424:0: C0303: Trailing whitespace (trailing-whitespace)
backend\phase3_systematic_validation.py:430:0: C0303: Trailing whitespace (trailing-whitespace)
backend\phase3_systematic_validation.py:433:0: C0303: Trailing whitespace (trailing-whitespace)
backend\phase3_systematic_validation.py:440:64: C0303: Trailing whitespace (trailing-whitespace)
backend\phase3_systematic_validation.py:442:0: C0303: Trailing whitespace (trailing-whitespace)
backend\phase3_systematic_validation.py:445:0: C0303: Trailing whitespace (trailing-whitespace)
backend\phase3_systematic_validation.py:451:0: C0303: Trailing whitespace (trailing-whitespace)
backend\phase3_systematic_validation.py:456:0: C0303: Trailing whitespace (trailing-whitespace)
backend\phase3_systematic_validation.py:460:0: C0303: Trailing whitespace (trailing-whitespace)
backend\phase3_systematic_validation.py:462:80: C0303: Trailing whitespace (trailing-whitespace)
backend\phase3_systematic_validation.py:468:79: C0303: Trailing whitespace (trailing-whitespace)
backend\phase3_systematic_validation.py:471:0: C0303: Trailing whitespace (trailing-whitespace)
backend\phase3_systematic_validation.py:473:75: C0303: Trailing whitespace (trailing-whitespace)
backend\phase3_systematic_validation.py:479:74: C0303: Trailing whitespace (trailing-whitespace)
backend\phase3_systematic_validation.py:482:0: C0303: Trailing whitespace (trailing-whitespace)
backend\phase3_systematic_validation.py:487:0: C0303: Trailing whitespace (trailing-whitespace)
backend\phase3_systematic_validation.py:496:0: C0303: Trailing whitespace (trailing-whitespace)
backend\phase3_systematic_validation.py:499:0: C0303: Trailing whitespace (trailing-whitespace)
backend\phase3_systematic_validation.py:503:100: C0303: Trailing whitespace (trailing-whitespace)
backend\phase3_systematic_validation.py:507:99: C0303: Trailing whitespace (trailing-whitespace)
backend\phase3_systematic_validation.py:510:0: C0303: Trailing whitespace (trailing-whitespace)
backend\phase3_systematic_validation.py:514:0: C0303: Trailing whitespace (trailing-whitespace)
backend\phase3_systematic_validation.py:540:0: C0303: Trailing whitespace (trailing-whitespace)
backend\phase3_systematic_validation.py:543:0: C0303: Trailing whitespace (trailing-whitespace)
backend\phase3_systematic_validation.py:550:69: C0303: Trailing whitespace (trailing-whitespace)
backend\phase3_systematic_validation.py:552:0: C0303: Trailing whitespace (trailing-whitespace)
backend\phase3_systematic_validation.py:556:80: C0303: Trailing whitespace (trailing-whitespace)
backend\phase3_systematic_validation.py:559:0: C0303: Trailing whitespace (trailing-whitespace)
backend\phase3_systematic_validation.py:561:0: C0303: Trailing whitespace (trailing-whitespace)
backend\phase3_systematic_validation.py:567:0: C0303: Trailing whitespace (trailing-whitespace)
backend\phase3_systematic_validation.py:572:0: C0303: Trailing whitespace (trailing-whitespace)
backend\phase3_systematic_validation.py:575:0: C0303: Trailing whitespace (trailing-whitespace)
backend\phase3_systematic_validation.py:588:0: C0303: Trailing whitespace (trailing-whitespace)
backend\phase3_systematic_validation.py:591:0: C0303: Trailing whitespace (trailing-whitespace)
backend\phase3_systematic_validation.py:594:0: C0303: Trailing whitespace (trailing-whitespace)
backend\phase3_systematic_validation.py:599:0: C0303: Trailing whitespace (trailing-whitespace)
backend\phase3_systematic_validation.py:604:0: C0303: Trailing whitespace (trailing-whitespace)
backend\phase3_systematic_validation.py:607:0: C0303: Trailing whitespace (trailing-whitespace)
backend\phase3_systematic_validation.py:613:0: C0303: Trailing whitespace (trailing-whitespace)
backend\phase3_systematic_validation.py:616:0: C0303: Trailing whitespace (trailing-whitespace)
backend\phase3_systematic_validation.py:619:0: C0303: Trailing whitespace (trailing-whitespace)
backend\phase3_systematic_validation.py:627:0: C0303: Trailing whitespace (trailing-whitespace)
backend\phase3_systematic_validation.py:636:0: C0303: Trailing whitespace (trailing-whitespace)
backend\phase3_systematic_validation.py:647:0: C0303: Trailing whitespace (trailing-whitespace)
backend\phase3_systematic_validation.py:659:0: C0303: Trailing whitespace (trailing-whitespace)
backend\phase3_systematic_validation.py:663:0: C0303: Trailing whitespace (trailing-whitespace)
backend\phase3_systematic_validation.py:668:0: C0303: Trailing whitespace (trailing-whitespace)
backend\phase3_systematic_validation.py:97:15: W0718: Catching too general exception Exception (broad-exception-caught)
backend\phase3_systematic_validation.py:93:12: E0401: Unable to import 'memory_store' (import-error)
backend\phase3_systematic_validation.py:93:12: C0415: Import outside toplevel (memory_store.MemoryStore) (import-outside-toplevel)
backend\phase3_systematic_validation.py:109:15: W0718: Catching too general exception Exception (broad-exception-caught)
backend\phase3_systematic_validation.py:105:12: E0401: Unable to import 'metacognition' (import-error)
backend\phase3_systematic_validation.py:105:12: C0415: Import outside toplevel (metacognition.MetacognitiveEngine, metacognition.MetacognitiveAssessment, metacognition.LearningStrategy) (import-outside-toplevel)
backend\phase3_systematic_validation.py:121:15: W0718: Catching too general exception Exception (broad-exception-caught)
backend\phase3_systematic_validation.py:117:12: E0401: Unable to import 'decision_engine' (import-error)
backend\phase3_systematic_validation.py:117:12: C0415: Import outside toplevel (decision_engine.DecisionEngine, decision_engine.Goal, decision_engine.DecisionType) (import-outside-toplevel)
backend\phase3_systematic_validation.py:141:15: W0718: Catching too general exception Exception (broad-exception-caught)
backend\phase3_systematic_validation.py:163:15: W0718: Catching too general exception Exception (broad-exception-caught)
backend\phase3_systematic_validation.py:129:22: R1732: Consider using 'with' for resource-allocating operations (consider-using-with)
backend\phase3_systematic_validation.py:186:15: W0718: Catching too general exception Exception (broad-exception-caught)
backend\phase3_systematic_validation.py:149:22: R1732: Consider using 'with' for resource-allocating operations (consider-using-with)
backend\phase3_systematic_validation.py:78:4: R0911: Too many return statements (7/6) (too-many-return-statements)
backend\phase3_systematic_validation.py:78:4: R0915: Too many statements (70/50) (too-many-statements)
backend\phase3_systematic_validation.py:171:22: R1732: Consider using 'with' for resource-allocating operations (consider-using-with)
backend\phase3_systematic_validation.py:176:12: W0612: Unused variable 'decision_engine' (unused-variable)
backend\phase3_systematic_validation.py:105:12: W0611: Unused MetacognitiveAssessment imported from metacognition (unused-import)
backend\phase3_systematic_validation.py:105:12: W0611: Unused LearningStrategy imported from metacognition (unused-import)
backend\phase3_systematic_validation.py:117:12: W0611: Unused Goal imported from decision_engine (unused-import)
backend\phase3_systematic_validation.py:117:12: W0611: Unused DecisionType imported from decision_engine (unused-import)
backend\phase3_systematic_validation.py:251:15: W0718: Catching too general exception Exception (broad-exception-caught)
backend\phase3_systematic_validation.py:236:12: C0415: Import outside toplevel (server) (import-outside-toplevel)
backend\phase3_systematic_validation.py:236:12: E0401: Unable to import 'server' (import-error)
backend\phase3_systematic_validation.py:264:4: R0914: Too many local variables (23/15) (too-many-locals)
backend\phase3_systematic_validation.py:280:12: E0401: Unable to import 'memory_store' (import-error)
backend\phase3_systematic_validation.py:280:12: C0415: Import outside toplevel (memory_store.MemoryStore) (import-outside-toplevel)
backend\phase3_systematic_validation.py:281:12: E0401: Unable to import 'metacognition' (import-error)
backend\phase3_systematic_validation.py:281:12: C0415: Import outside toplevel (metacognition.MetacognitiveEngine, metacognition.LearningStrategy) (import-outside-toplevel)
backend\phase3_systematic_validation.py:282:12: E0401: Unable to import 'decision_engine' (import-error)
backend\phase3_systematic_validation.py:282:12: C0415: Import outside toplevel (decision_engine.DecisionEngine, decision_engine.Goal, decision_engine.DecisionType, decision_engine.DecisionPriority) (import-outside-toplevel)
backend\phase3_systematic_validation.py:328:19: W0718: Catching too general exception Exception (broad-exception-caught)
backend\phase3_systematic_validation.py:292:21: W0212: Access to a protected member _get_connection of a client class (protected-access)
backend\phase3_systematic_validation.py:302:20: W0719: Raising too general exception: Exception (broad-exception-raised)
backend\phase3_systematic_validation.py:326:20: W0719: Raising too general exception: Exception (broad-exception-raised)
backend\phase3_systematic_validation.py:363:19: W0718: Catching too general exception Exception (broad-exception-caught)
backend\phase3_systematic_validation.py:351:20: W0719: Raising too general exception: Exception (broad-exception-raised)
backend\phase3_systematic_validation.py:361:20: W0719: Raising too general exception: Exception (broad-exception-raised)
backend\phase3_systematic_validation.py:411:19: W0718: Catching too general exception Exception (broad-exception-caught)
backend\phase3_systematic_validation.py:392:20: W0719: Raising too general exception: Exception (broad-exception-raised)
backend\phase3_systematic_validation.py:422:12: W0702: No exception type(s) specified (bare-except)
backend\phase3_systematic_validation.py:264:4: R0912: Too many branches (18/12) (too-many-branches)
backend\phase3_systematic_validation.py:264:4: R0915: Too many statements (84/50) (too-many-statements)
backend\phase3_systematic_validation.py:274:18: R1732: Consider using 'with' for resource-allocating operations (consider-using-with)
backend\phase3_systematic_validation.py:281:12: W0611: Unused LearningStrategy imported from metacognition (unused-import)
backend\phase3_systematic_validation.py:282:12: W0611: Unused DecisionType imported from decision_engine (unused-import)
backend\phase3_systematic_validation.py:282:12: W0611: Unused DecisionPriority imported from decision_engine (unused-import)
backend\phase3_systematic_validation.py:483:15: W0718: Catching too general exception Exception (broad-exception-caught)
backend\phase3_systematic_validation.py:449:12: C0415: Import outside toplevel (server) (import-outside-toplevel)
backend\phase3_systematic_validation.py:449:12: E0401: Unable to import 'server' (import-error)
backend\phase3_systematic_validation.py:511:15: W0718: Catching too general exception Exception (broad-exception-caught)
backend\phase3_systematic_validation.py:434:4: R0912: Too many branches (13/12) (too-many-branches)
backend\phase3_systematic_validation.py:434:4: R0915: Too many statements (68/50) (too-many-statements)
backend\phase3_systematic_validation.py:562:14: W1309: Using an f-string that does not have any interpolated variables (f-string-without-interpolation)
backend\phase3_systematic_validation.py:609:14: W1309: Using an f-string that does not have any interpolated variables (f-string-without-interpolation)
backend\phase3_systematic_validation.py:644:19: W0718: Catching too general exception Exception (broad-exception-caught)
backend\phase3_systematic_validation.py:641:26: W1309: Using an f-string that does not have any interpolated variables (f-string-without-interpolation)
backend\phase3_systematic_validation.py:22:0: W0611: Unused import time (unused-import)
backend\phase3_systematic_validation.py:23:0: W0611: Unused import json (unused-import)
backend\phase3_systematic_validation.py:25:0: W0611: Unused import unittest (unused-import)
backend\phase3_systematic_validation.py:26:0: W0611: Unused import subprocess (unused-import)
backend\phase3_systematic_validation.py:27:0: W0611: Unused import threading (unused-import)
backend\phase3_systematic_validation.py:29:0: W0611: Unused Dict imported from typing (unused-import)
backend\phase3_systematic_validation.py:29:0: W0611: Unused List imported from typing (unused-import)
backend\phase3_systematic_validation.py:29:0: W0611: Unused Any imported from typing (unused-import)
backend\phase3_systematic_validation.py:29:0: W0611: Unused Optional imported from typing (unused-import)
************* Module backend.quick_endpoint_check
backend\quick_endpoint_check.py:13:0: C0303: Trailing whitespace (trailing-whitespace)
backend\quick_endpoint_check.py:18:0: C0303: Trailing whitespace (trailing-whitespace)
backend\quick_endpoint_check.py:22:0: C0303: Trailing whitespace (trailing-whitespace)
backend\quick_endpoint_check.py:26:0: C0303: Trailing whitespace (trailing-whitespace)
backend\quick_endpoint_check.py:30:0: C0303: Trailing whitespace (trailing-whitespace)
backend\quick_endpoint_check.py:33:0: C0303: Trailing whitespace (trailing-whitespace)
backend\quick_endpoint_check.py:38:0: C0303: Trailing whitespace (trailing-whitespace)
backend\quick_endpoint_check.py:39:7: W0718: Catching too general exception Exception (broad-exception-caught)
backend\quick_endpoint_check.py:11:4: E0401: Unable to import 'server' (import-error)
************* Module backend.server
backend\server.py:40:0: C0301: Line too long (148/100) (line-too-long)
backend\server.py:44:0: C0303: Trailing whitespace (trailing-whitespace)
backend\server.py:48:0: C0303: Trailing whitespace (trailing-whitespace)
backend\server.py:52:0: C0303: Trailing whitespace (trailing-whitespace)
backend\server.py:84:0: C0303: Trailing whitespace (trailing-whitespace)
backend\server.py:88:0: C0303: Trailing whitespace (trailing-whitespace)
backend\server.py:91:0: C0303: Trailing whitespace (trailing-whitespace)
backend\server.py:105:0: C0303: Trailing whitespace (trailing-whitespace)
backend\server.py:107:0: C0303: Trailing whitespace (trailing-whitespace)
backend\server.py:118:0: C0303: Trailing whitespace (trailing-whitespace)
backend\server.py:122:0: C0303: Trailing whitespace (trailing-whitespace)
backend\server.py:124:0: C0303: Trailing whitespace (trailing-whitespace)
backend\server.py:134:0: C0303: Trailing whitespace (trailing-whitespace)
backend\server.py:142:0: C0303: Trailing whitespace (trailing-whitespace)
backend\server.py:149:0: C0303: Trailing whitespace (trailing-whitespace)
backend\server.py:157:0: C0303: Trailing whitespace (trailing-whitespace)
backend\server.py:164:0: C0303: Trailing whitespace (trailing-whitespace)
backend\server.py:167:0: C0303: Trailing whitespace (trailing-whitespace)
backend\server.py:178:0: C0303: Trailing whitespace (trailing-whitespace)
backend\server.py:192:0: C0303: Trailing whitespace (trailing-whitespace)
backend\server.py:203:0: C0303: Trailing whitespace (trailing-whitespace)
backend\server.py:205:78: C0303: Trailing whitespace (trailing-whitespace)
backend\server.py:207:0: C0303: Trailing whitespace (trailing-whitespace)
backend\server.py:212:0: C0301: Line too long (106/100) (line-too-long)
backend\server.py:217:0: C0303: Trailing whitespace (trailing-whitespace)
backend\server.py:229:0: C0303: Trailing whitespace (trailing-whitespace)
backend\server.py:231:0: C0303: Trailing whitespace (trailing-whitespace)
backend\server.py:241:0: C0303: Trailing whitespace (trailing-whitespace)
backend\server.py:244:0: C0303: Trailing whitespace (trailing-whitespace)
backend\server.py:248:0: C0303: Trailing whitespace (trailing-whitespace)
backend\server.py:251:0: C0303: Trailing whitespace (trailing-whitespace)
backend\server.py:262:0: C0303: Trailing whitespace (trailing-whitespace)
backend\server.py:264:0: C0303: Trailing whitespace (trailing-whitespace)
backend\server.py:274:0: C0303: Trailing whitespace (trailing-whitespace)
backend\server.py:277:0: C0303: Trailing whitespace (trailing-whitespace)
backend\server.py:281:0: C0303: Trailing whitespace (trailing-whitespace)
backend\server.py:286:0: C0303: Trailing whitespace (trailing-whitespace)
backend\server.py:294:0: C0303: Trailing whitespace (trailing-whitespace)
backend\server.py:304:0: C0303: Trailing whitespace (trailing-whitespace)
backend\server.py:307:0: C0303: Trailing whitespace (trailing-whitespace)
backend\server.py:310:0: C0303: Trailing whitespace (trailing-whitespace)
backend\server.py:315:0: C0303: Trailing whitespace (trailing-whitespace)
backend\server.py:321:0: C0303: Trailing whitespace (trailing-whitespace)
backend\server.py:324:0: C0303: Trailing whitespace (trailing-whitespace)
backend\server.py:330:0: C0301: Line too long (104/100) (line-too-long)
backend\server.py:332:0: C0303: Trailing whitespace (trailing-whitespace)
backend\server.py:334:0: C0303: Trailing whitespace (trailing-whitespace)
backend\server.py:344:0: C0303: Trailing whitespace (trailing-whitespace)
backend\server.py:347:0: C0303: Trailing whitespace (trailing-whitespace)
backend\server.py:349:0: C0303: Trailing whitespace (trailing-whitespace)
backend\server.py:353:0: C0303: Trailing whitespace (trailing-whitespace)
backend\server.py:360:0: C0303: Trailing whitespace (trailing-whitespace)
backend\server.py:370:0: C0303: Trailing whitespace (trailing-whitespace)
backend\server.py:373:0: C0303: Trailing whitespace (trailing-whitespace)
backend\server.py:377:0: C0303: Trailing whitespace (trailing-whitespace)
backend\server.py:382:0: C0303: Trailing whitespace (trailing-whitespace)
backend\server.py:397:0: C0303: Trailing whitespace (trailing-whitespace)
backend\server.py:399:0: C0303: Trailing whitespace (trailing-whitespace)
backend\server.py:409:0: C0303: Trailing whitespace (trailing-whitespace)
backend\server.py:412:0: C0303: Trailing whitespace (trailing-whitespace)
backend\server.py:420:0: C0303: Trailing whitespace (trailing-whitespace)
backend\server.py:425:0: C0303: Trailing whitespace (trailing-whitespace)
backend\server.py:435:0: C0303: Trailing whitespace (trailing-whitespace)
backend\server.py:438:0: C0303: Trailing whitespace (trailing-whitespace)
backend\server.py:445:0: C0303: Trailing whitespace (trailing-whitespace)
backend\server.py:447:0: C0303: Trailing whitespace (trailing-whitespace)
backend\server.py:483:0: C0303: Trailing whitespace (trailing-whitespace)
backend\server.py:529:0: C0303: Trailing whitespace (trailing-whitespace)
backend\server.py:537:0: C0303: Trailing whitespace (trailing-whitespace)
backend\server.py:540:0: C0303: Trailing whitespace (trailing-whitespace)
backend\server.py:545:0: C0303: Trailing whitespace (trailing-whitespace)
backend\server.py:548:0: C0303: Trailing whitespace (trailing-whitespace)
backend\server.py:555:0: C0303: Trailing whitespace (trailing-whitespace)
backend\server.py:565:0: C0303: Trailing whitespace (trailing-whitespace)
backend\server.py:569:0: C0303: Trailing whitespace (trailing-whitespace)
backend\server.py:573:0: C0303: Trailing whitespace (trailing-whitespace)
backend\server.py:579:0: C0303: Trailing whitespace (trailing-whitespace)
backend\server.py:587:0: C0303: Trailing whitespace (trailing-whitespace)
backend\server.py:595:0: C0303: Trailing whitespace (trailing-whitespace)
backend\server.py:605:0: C0303: Trailing whitespace (trailing-whitespace)
backend\server.py:634:0: C0303: Trailing whitespace (trailing-whitespace)
backend\server.py:638:0: C0303: Trailing whitespace (trailing-whitespace)
backend\server.py:641:0: C0303: Trailing whitespace (trailing-whitespace)
backend\server.py:643:0: C0303: Trailing whitespace (trailing-whitespace)
backend\server.py:654:0: C0303: Trailing whitespace (trailing-whitespace)
backend\server.py:656:0: C0303: Trailing whitespace (trailing-whitespace)
backend\server.py:666:0: C0303: Trailing whitespace (trailing-whitespace)
backend\server.py:671:0: C0303: Trailing whitespace (trailing-whitespace)
backend\server.py:673:0: C0303: Trailing whitespace (trailing-whitespace)
backend\server.py:677:0: C0303: Trailing whitespace (trailing-whitespace)
backend\server.py:683:0: C0303: Trailing whitespace (trailing-whitespace)
backend\server.py:686:0: C0303: Trailing whitespace (trailing-whitespace)
backend\server.py:691:0: C0303: Trailing whitespace (trailing-whitespace)
backend\server.py:701:0: C0303: Trailing whitespace (trailing-whitespace)
backend\server.py:704:0: C0303: Trailing whitespace (trailing-whitespace)
backend\server.py:706:0: C0303: Trailing whitespace (trailing-whitespace)
backend\server.py:708:0: C0303: Trailing whitespace (trailing-whitespace)
backend\server.py:724:0: C0303: Trailing whitespace (trailing-whitespace)
backend\server.py:728:0: C0303: Trailing whitespace (trailing-whitespace)
backend\server.py:737:0: C0303: Trailing whitespace (trailing-whitespace)
backend\server.py:752:0: C0301: Line too long (102/100) (line-too-long)
backend\server.py:763:0: C0303: Trailing whitespace (trailing-whitespace)
backend\server.py:768:0: C0303: Trailing whitespace (trailing-whitespace)
backend\server.py:773:0: C0303: Trailing whitespace (trailing-whitespace)
backend\server.py:776:0: C0303: Trailing whitespace (trailing-whitespace)
backend\server.py:783:0: C0303: Trailing whitespace (trailing-whitespace)
backend\server.py:796:0: C0303: Trailing whitespace (trailing-whitespace)
backend\server.py:801:0: C0303: Trailing whitespace (trailing-whitespace)
backend\server.py:840:0: C0303: Trailing whitespace (trailing-whitespace)
backend\server.py:844:0: C0303: Trailing whitespace (trailing-whitespace)
backend\server.py:849:0: C0303: Trailing whitespace (trailing-whitespace)
backend\server.py:852:0: C0303: Trailing whitespace (trailing-whitespace)
backend\server.py:854:0: C0303: Trailing whitespace (trailing-whitespace)
backend\server.py:867:0: C0301: Line too long (101/100) (line-too-long)
backend\server.py:870:0: C0303: Trailing whitespace (trailing-whitespace)
backend\server.py:872:0: C0303: Trailing whitespace (trailing-whitespace)
backend\server.py:894:0: C0303: Trailing whitespace (trailing-whitespace)
backend\server.py:898:0: C0303: Trailing whitespace (trailing-whitespace)
backend\server.py:901:0: C0303: Trailing whitespace (trailing-whitespace)
backend\server.py:911:0: C0303: Trailing whitespace (trailing-whitespace)
backend\server.py:918:0: C0303: Trailing whitespace (trailing-whitespace)
backend\server.py:921:0: C0303: Trailing whitespace (trailing-whitespace)
backend\server.py:924:0: C0303: Trailing whitespace (trailing-whitespace)
backend\server.py:930:0: C0303: Trailing whitespace (trailing-whitespace)
backend\server.py:941:0: C0303: Trailing whitespace (trailing-whitespace)
backend\server.py:943:0: C0303: Trailing whitespace (trailing-whitespace)
backend\server.py:948:0: C0303: Trailing whitespace (trailing-whitespace)
backend\server.py:953:0: C0303: Trailing whitespace (trailing-whitespace)
backend\server.py:956:0: C0303: Trailing whitespace (trailing-whitespace)
backend\server.py:966:0: C0303: Trailing whitespace (trailing-whitespace)
backend\server.py:970:0: C0303: Trailing whitespace (trailing-whitespace)
backend\server.py:973:0: C0303: Trailing whitespace (trailing-whitespace)
backend\server.py:983:0: C0303: Trailing whitespace (trailing-whitespace)
backend\server.py:988:0: C0303: Trailing whitespace (trailing-whitespace)
backend\server.py:991:0: C0303: Trailing whitespace (trailing-whitespace)
backend\server.py:997:0: C0303: Trailing whitespace (trailing-whitespace)
backend\server.py:1011:0: C0303: Trailing whitespace (trailing-whitespace)
backend\server.py:1014:0: C0303: Trailing whitespace (trailing-whitespace)
backend\server.py:1017:0: C0303: Trailing whitespace (trailing-whitespace)
backend\server.py:1019:0: C0303: Trailing whitespace (trailing-whitespace)
backend\server.py:1031:0: C0303: Trailing whitespace (trailing-whitespace)
backend\server.py:1041:0: C0303: Trailing whitespace (trailing-whitespace)
backend\server.py:1046:0: C0303: Trailing whitespace (trailing-whitespace)
backend\server.py:1049:0: C0303: Trailing whitespace (trailing-whitespace)
backend\server.py:1052:0: C0303: Trailing whitespace (trailing-whitespace)
backend\server.py:1054:0: C0303: Trailing whitespace (trailing-whitespace)
backend\server.py:1064:0: C0303: Trailing whitespace (trailing-whitespace)
backend\server.py:1074:0: C0303: Trailing whitespace (trailing-whitespace)
backend\server.py:1079:0: C0303: Trailing whitespace (trailing-whitespace)
backend\server.py:1082:0: C0303: Trailing whitespace (trailing-whitespace)
backend\server.py:1085:0: C0303: Trailing whitespace (trailing-whitespace)
backend\server.py:1089:0: C0303: Trailing whitespace (trailing-whitespace)
backend\server.py:1100:0: C0303: Trailing whitespace (trailing-whitespace)
backend\server.py:1102:0: C0303: Trailing whitespace (trailing-whitespace)
backend\server.py:1112:0: C0303: Trailing whitespace (trailing-whitespace)
backend\server.py:1115:0: C0303: Trailing whitespace (trailing-whitespace)
backend\server.py:1118:0: C0303: Trailing whitespace (trailing-whitespace)
backend\server.py:1120:0: C0303: Trailing whitespace (trailing-whitespace)
backend\server.py:1122:0: C0303: Trailing whitespace (trailing-whitespace)
backend\server.py:1132:0: C0303: Trailing whitespace (trailing-whitespace)
backend\server.py:1136:0: C0303: Trailing whitespace (trailing-whitespace)
backend\server.py:1139:0: C0303: Trailing whitespace (trailing-whitespace)
backend\server.py:1142:0: C0303: Trailing whitespace (trailing-whitespace)
backend\server.py:1144:0: C0303: Trailing whitespace (trailing-whitespace)
backend\server.py:1146:0: C0303: Trailing whitespace (trailing-whitespace)
backend\server.py:1156:0: C0303: Trailing whitespace (trailing-whitespace)
backend\server.py:1159:0: C0303: Trailing whitespace (trailing-whitespace)
backend\server.py:1162:0: C0303: Trailing whitespace (trailing-whitespace)
backend\server.py:1164:0: C0303: Trailing whitespace (trailing-whitespace)
backend\server.py:1171:0: C0303: Trailing whitespace (trailing-whitespace)
backend\server.py:1173:0: C0303: Trailing whitespace (trailing-whitespace)
backend\server.py:1182:0: C0303: Trailing whitespace (trailing-whitespace)
backend\server.py:1186:46: C0303: Trailing whitespace (trailing-whitespace)
backend\server.py:1191:0: C0303: Trailing whitespace (trailing-whitespace)
backend\server.py:1:0: C0302: Too many lines in module (1197/1000) (too-many-lines)
backend\server.py:213:31: W0511: TODO: Calculate from predictions (fixme)
backend\server.py:214:38: W0511: TODO: Calculate from training logs (fixme)
backend\server.py:395:48: W0511: TODO: Calculate based on progress (fixme)
backend\server.py:1:0: C0114: Missing module docstring (missing-module-docstring)
backend\server.py:24:4: W1203: Use lazy % formatting in logging functions (logging-fstring-interpolation)
backend\server.py:56:4: C0103: Constant name "memory_store" doesn't conform to UPPER_CASE naming style (invalid-name)
backend\server.py:57:4: C0103: Constant name "trainer" doesn't conform to UPPER_CASE naming style (invalid-name)
backend\server.py:58:4: C0103: Constant name "metacognitive_engine" doesn't conform to UPPER_CASE naming style (invalid-name)
backend\server.py:59:4: C0103: Constant name "decision_engine" doesn't conform to UPPER_CASE naming style (invalid-name)
backend\server.py:60:4: C0103: Constant name "cross_model_analytics" doesn't conform to UPPER_CASE naming style (invalid-name)
backend\server.py:108:11: W0718: Catching too general exception Exception (broad-exception-caught)
backend\server.py:109:8: W1203: Use lazy % formatting in logging functions (logging-fstring-interpolation)
backend\server.py:168:11: W0718: Catching too general exception Exception (broad-exception-caught)
backend\server.py:117:8: W1203: Use lazy % formatting in logging functions (logging-fstring-interpolation)
backend\server.py:165:8: W1203: Use lazy % formatting in logging functions (logging-fstring-interpolation)
backend\server.py:169:8: W1203: Use lazy % formatting in logging functions (logging-fstring-interpolation)
backend\server.py:232:11: W0718: Catching too general exception Exception (broad-exception-caught)
backend\server.py:177:8: W1203: Use lazy % formatting in logging functions (logging-fstring-interpolation)
backend\server.py:181:12: R1705: Unnecessary "else" after "return", remove the "else" and de-indent the code inside it (no-else-return)
backend\server.py:233:8: W1203: Use lazy % formatting in logging functions (logging-fstring-interpolation)
backend\server.py:205:8: W0612: Unused variable 'training_sessions' (unused-variable)
backend\server.py:265:11: W0718: Catching too general exception Exception (broad-exception-caught)
backend\server.py:240:8: W1203: Use lazy % formatting in logging functions (logging-fstring-interpolation)
backend\server.py:266:8: W1203: Use lazy % formatting in logging functions (logging-fstring-interpolation)
backend\server.py:295:11: W0718: Catching too general exception Exception (broad-exception-caught)
backend\server.py:273:8: W1203: Use lazy % formatting in logging functions (logging-fstring-interpolation)
backend\server.py:282:8: R1705: Unnecessary "else" after "return", remove the "else" and de-indent the code inside it (no-else-return)
backend\server.py:296:8: W1203: Use lazy % formatting in logging functions (logging-fstring-interpolation)
backend\server.py:335:11: W0718: Catching too general exception Exception (broad-exception-caught)
backend\server.py:303:8: W1203: Use lazy % formatting in logging functions (logging-fstring-interpolation)
backend\server.py:318:8: E0401: Unable to import 'trainer' (import-error)
backend\server.py:318:8: C0415: Import outside toplevel (trainer.DataPreprocessor) (import-outside-toplevel)
backend\server.py:336:8: W1203: Use lazy % formatting in logging functions (logging-fstring-interpolation)
backend\server.py:309:8: W0612: Unused variable 'input_data' (unused-variable)
backend\server.py:361:11: W0718: Catching too general exception Exception (broad-exception-caught)
backend\server.py:343:8: W1203: Use lazy % formatting in logging functions (logging-fstring-interpolation)
backend\server.py:350:8: R1705: Unnecessary "else" after "return", remove the "else" and de-indent the code inside it (no-else-return)
backend\server.py:362:8: W1203: Use lazy % formatting in logging functions (logging-fstring-interpolation)
backend\server.py:400:11: W0718: Catching too general exception Exception (broad-exception-caught)
backend\server.py:369:8: W1203: Use lazy % formatting in logging functions (logging-fstring-interpolation)
backend\server.py:401:8: W1203: Use lazy % formatting in logging functions (logging-fstring-interpolation)
backend\server.py:426:11: W0718: Catching too general exception Exception (broad-exception-caught)
backend\server.py:408:8: W1203: Use lazy % formatting in logging functions (logging-fstring-interpolation)
backend\server.py:427:8: W1203: Use lazy % formatting in logging functions (logging-fstring-interpolation)
backend\server.py:448:11: W0718: Catching too general exception Exception (broad-exception-caught)
backend\server.py:449:8: W1203: Use lazy % formatting in logging functions (logging-fstring-interpolation)
backend\server.py:497:4: R1705: Unnecessary "else" after "return", remove the "else" and de-indent the code inside it (no-else-return)
backend\server.py:494:14: W0613: Unused argument 'error' (unused-argument)
backend\server.py:507:0: C0116: Missing function or method docstring (missing-function-docstring)
backend\server.py:507:19: W0613: Unused argument 'error' (unused-argument)
backend\server.py:606:11: W0718: Catching too general exception Exception (broad-exception-caught)
backend\server.py:531:8: R1705: Unnecessary "else" after "return", remove the "else" and de-indent the code inside it (no-else-return)
backend\server.py:535:19: W0718: Catching too general exception Exception (broad-exception-caught)
backend\server.py:580:12: R1705: Unnecessary "else" after "return", remove the "else" and de-indent the code inside it (no-else-return)
backend\server.py:607:8: W1203: Use lazy % formatting in logging functions (logging-fstring-interpolation)
backend\server.py:515:0: R0911: Too many return statements (10/6) (too-many-return-statements)
backend\server.py:535:12: W0612: Unused variable 'json_error' (unused-variable)
backend\server.py:657:11: W0718: Catching too general exception Exception (broad-exception-caught)
backend\server.py:658:8: W1203: Use lazy % formatting in logging functions (logging-fstring-interpolation)
backend\server.py:690:8: W0621: Redefining name 'datetime' from outer scope (line 8) (redefined-outer-name)
backend\server.py:709:11: W0718: Catching too general exception Exception (broad-exception-caught)
backend\server.py:689:8: E0401: Unable to import 'metacognition' (import-error)
backend\server.py:689:8: C0415: Import outside toplevel (metacognition.MetacognitiveAssessment, metacognition.LearningStrategy) (import-outside-toplevel)
backend\server.py:690:8: W0404: Reimport 'datetime' (imported line 8) (reimported)
backend\server.py:690:8: C0415: Import outside toplevel (datetime.datetime) (import-outside-toplevel)
backend\server.py:710:8: W1203: Use lazy % formatting in logging functions (logging-fstring-interpolation)
backend\server.py:662:0: R0911: Too many return statements (7/6) (too-many-return-statements)
backend\server.py:718:8: R1705: Unnecessary "elif" after "return", remove the leading "el" from "elif" (no-else-return)
backend\server.py:738:11: W0718: Catching too general exception Exception (broad-exception-caught)
backend\server.py:729:8: R1705: Unnecessary "elif" after "return", remove the leading "el" from "elif" (no-else-return)
backend\server.py:739:8: W1203: Use lazy % formatting in logging functions (logging-fstring-interpolation)
backend\server.py:714:0: R0911: Too many return statements (8/6) (too-many-return-statements)
backend\server.py:802:11: W0718: Catching too general exception Exception (broad-exception-caught)
backend\server.py:803:8: W1203: Use lazy % formatting in logging functions (logging-fstring-interpolation)
backend\server.py:873:11: W0718: Catching too general exception Exception (broad-exception-caught)
backend\server.py:845:8: E0401: Unable to import 'decision_engine' (import-error)
backend\server.py:845:8: C0415: Import outside toplevel (decision_engine.DecisionType) (import-outside-toplevel)
backend\server.py:874:8: W1203: Use lazy % formatting in logging functions (logging-fstring-interpolation)
backend\server.py:902:11: W0718: Catching too general exception Exception (broad-exception-caught)
backend\server.py:903:8: W1203: Use lazy % formatting in logging functions (logging-fstring-interpolation)
backend\server.py:919:12: W0621: Redefining name 'datetime' from outer scope (line 8) (redefined-outer-name)
backend\server.py:920:12: W0621: Redefining name 'Goal' from outer scope (line 20) (redefined-outer-name)
backend\server.py:957:11: W0718: Catching too general exception Exception (broad-exception-caught)
backend\server.py:919:12: W0404: Reimport 'datetime' (imported line 8) (reimported)
backend\server.py:919:12: C0415: Import outside toplevel (datetime.datetime) (import-outside-toplevel)
backend\server.py:920:12: E0401: Unable to import 'decision_engine' (import-error)
backend\server.py:920:12: C0415: Import outside toplevel (decision_engine.Goal) (import-outside-toplevel)
backend\server.py:944:12: R1705: Unnecessary "else" after "return", remove the "else" and de-indent the code inside it (no-else-return)
backend\server.py:958:8: W1203: Use lazy % formatting in logging functions (logging-fstring-interpolation)
backend\server.py:907:0: R0911: Too many return statements (9/6) (too-many-return-statements)
backend\server.py:974:11: W0718: Catching too general exception Exception (broad-exception-caught)
backend\server.py:975:8: W1203: Use lazy % formatting in logging functions (logging-fstring-interpolation)
backend\server.py:998:11: W0718: Catching too general exception Exception (broad-exception-caught)
backend\server.py:999:8: W1203: Use lazy % formatting in logging functions (logging-fstring-interpolation)
backend\server.py:1032:11: W0718: Catching too general exception Exception (broad-exception-caught)
backend\server.py:1033:8: W1203: Use lazy % formatting in logging functions (logging-fstring-interpolation)
backend\server.py:1065:11: W0718: Catching too general exception Exception (broad-exception-caught)
backend\server.py:1066:8: W1203: Use lazy % formatting in logging functions (logging-fstring-interpolation)
backend\server.py:1103:11: W0718: Catching too general exception Exception (broad-exception-caught)
backend\server.py:1104:8: W1203: Use lazy % formatting in logging functions (logging-fstring-interpolation)
backend\server.py:1123:11: W0718: Catching too general exception Exception (broad-exception-caught)
backend\server.py:1124:8: W1203: Use lazy % formatting in logging functions (logging-fstring-interpolation)
backend\server.py:1147:11: W0718: Catching too general exception Exception (broad-exception-caught)
backend\server.py:1148:8: W1203: Use lazy % formatting in logging functions (logging-fstring-interpolation)
backend\server.py:1174:11: W0718: Catching too general exception Exception (broad-exception-caught)
backend\server.py:1163:24: W0212: Access to a protected member _get_active_models of a client class (protected-access)
backend\server.py:1175:8: W1203: Use lazy % formatting in logging functions (logging-fstring-interpolation)
backend\server.py:1181:4: W1203: Use lazy % formatting in logging functions (logging-fstring-interpolation)
backend\server.py:3:0: C0411: standard import "logging" should be placed before third party imports "flask.Flask", "flask_cors.CORS" (wrong-import-order)
backend\server.py:4:0: C0411: standard import "traceback" should be placed before third party imports "flask.Flask", "flask_cors.CORS" (wrong-import-order)
backend\server.py:5:0: C0411: standard import "os" should be placed before third party imports "flask.Flask", "flask_cors.CORS" (wrong-import-order)
backend\server.py:6:0: C0411: standard import "typing.Dict" should be placed before third party imports "flask.Flask", "flask_cors.CORS" (wrong-import-order)
backend\server.py:7:0: C0411: standard import "pathlib.Path" should be placed before third party imports "flask.Flask", "flask_cors.CORS" (wrong-import-order)
backend\server.py:8:0: C0411: standard import "datetime.datetime" should be placed before third party imports "flask.Flask", "flask_cors.CORS" (wrong-import-order)
backend\server.py:5:0: W0611: Unused import os (unused-import)
backend\server.py:6:0: W0611: Unused Dict imported from typing (unused-import)
backend\server.py:6:0: W0611: Unused List imported from typing (unused-import)
backend\server.py:6:0: W0611: Unused Any imported from typing (unused-import)
backend\server.py:20:4: W0611: Unused Goal imported from decision_engine (unused-import)
************* Module backend.test_integration_basic
backend\test_integration_basic.py:26:0: C0303: Trailing whitespace (trailing-whitespace)
backend\test_integration_basic.py:31:0: C0303: Trailing whitespace (trailing-whitespace)
backend\test_integration_basic.py:35:0: C0303: Trailing whitespace (trailing-whitespace)
backend\test_integration_basic.py:38:0: C0303: Trailing whitespace (trailing-whitespace)
backend\test_integration_basic.py:46:0: C0303: Trailing whitespace (trailing-whitespace)
backend\test_integration_basic.py:50:0: C0303: Trailing whitespace (trailing-whitespace)
backend\test_integration_basic.py:52:0: C0303: Trailing whitespace (trailing-whitespace)
backend\test_integration_basic.py:55:0: C0303: Trailing whitespace (trailing-whitespace)
backend\test_integration_basic.py:59:63: C0303: Trailing whitespace (trailing-whitespace)
backend\test_integration_basic.py:63:0: C0303: Trailing whitespace (trailing-whitespace)
backend\test_integration_basic.py:69:0: C0303: Trailing whitespace (trailing-whitespace)
backend\test_integration_basic.py:76:0: C0303: Trailing whitespace (trailing-whitespace)
backend\test_integration_basic.py:82:0: C0303: Trailing whitespace (trailing-whitespace)
backend\test_integration_basic.py:87:0: C0303: Trailing whitespace (trailing-whitespace)
backend\test_integration_basic.py:90:0: C0303: Trailing whitespace (trailing-whitespace)
backend\test_integration_basic.py:94:0: C0303: Trailing whitespace (trailing-whitespace)
backend\test_integration_basic.py:100:0: C0303: Trailing whitespace (trailing-whitespace)
backend\test_integration_basic.py:102:0: C0303: Trailing whitespace (trailing-whitespace)
backend\test_integration_basic.py:106:0: C0303: Trailing whitespace (trailing-whitespace)
backend\test_integration_basic.py:109:0: C0303: Trailing whitespace (trailing-whitespace)
backend\test_integration_basic.py:113:0: C0303: Trailing whitespace (trailing-whitespace)
backend\test_integration_basic.py:117:0: C0303: Trailing whitespace (trailing-whitespace)
backend\test_integration_basic.py:120:0: C0303: Trailing whitespace (trailing-whitespace)
backend\test_integration_basic.py:123:0: C0303: Trailing whitespace (trailing-whitespace)
backend\test_integration_basic.py:130:0: C0303: Trailing whitespace (trailing-whitespace)
backend\test_integration_basic.py:137:0: C0301: Line too long (108/100) (line-too-long)
backend\test_integration_basic.py:138:0: C0303: Trailing whitespace (trailing-whitespace)
backend\test_integration_basic.py:142:0: C0303: Trailing whitespace (trailing-whitespace)
backend\test_integration_basic.py:145:0: C0303: Trailing whitespace (trailing-whitespace)
backend\test_integration_basic.py:148:0: C0303: Trailing whitespace (trailing-whitespace)
backend\test_integration_basic.py:153:0: C0303: Trailing whitespace (trailing-whitespace)
backend\test_integration_basic.py:161:0: C0303: Trailing whitespace (trailing-whitespace)
backend\test_integration_basic.py:165:0: C0303: Trailing whitespace (trailing-whitespace)
backend\test_integration_basic.py:168:0: C0303: Trailing whitespace (trailing-whitespace)
backend\test_integration_basic.py:172:0: C0303: Trailing whitespace (trailing-whitespace)
backend\test_integration_basic.py:174:0: C0303: Trailing whitespace (trailing-whitespace)
backend\test_integration_basic.py:185:0: C0303: Trailing whitespace (trailing-whitespace)
backend\test_integration_basic.py:189:0: C0303: Trailing whitespace (trailing-whitespace)
backend\test_integration_basic.py:192:0: C0303: Trailing whitespace (trailing-whitespace)
backend\test_integration_basic.py:196:0: C0303: Trailing whitespace (trailing-whitespace)
backend\test_integration_basic.py:201:0: C0303: Trailing whitespace (trailing-whitespace)
backend\test_integration_basic.py:206:0: C0303: Trailing whitespace (trailing-whitespace)
backend\test_integration_basic.py:210:0: C0303: Trailing whitespace (trailing-whitespace)
backend\test_integration_basic.py:213:0: C0303: Trailing whitespace (trailing-whitespace)
backend\test_integration_basic.py:216:0: C0303: Trailing whitespace (trailing-whitespace)
backend\test_integration_basic.py:218:0: C0303: Trailing whitespace (trailing-whitespace)
backend\test_integration_basic.py:222:0: C0303: Trailing whitespace (trailing-whitespace)
backend\test_integration_basic.py:226:0: C0303: Trailing whitespace (trailing-whitespace)
backend\test_integration_basic.py:229:0: C0303: Trailing whitespace (trailing-whitespace)
backend\test_integration_basic.py:239:0: C0303: Trailing whitespace (trailing-whitespace)
backend\test_integration_basic.py:249:0: C0303: Trailing whitespace (trailing-whitespace)
backend\test_integration_basic.py:251:0: C0303: Trailing whitespace (trailing-whitespace)
backend\test_integration_basic.py:255:0: C0303: Trailing whitespace (trailing-whitespace)
backend\test_integration_basic.py:258:0: C0303: Trailing whitespace (trailing-whitespace)
backend\test_integration_basic.py:260:0: C0303: Trailing whitespace (trailing-whitespace)
backend\test_integration_basic.py:264:0: C0303: Trailing whitespace (trailing-whitespace)
backend\test_integration_basic.py:275:0: C0303: Trailing whitespace (trailing-whitespace)
backend\test_integration_basic.py:287:0: C0303: Trailing whitespace (trailing-whitespace)
backend\test_integration_basic.py:293:0: C0301: Line too long (101/100) (line-too-long)
backend\test_integration_basic.py:296:0: C0303: Trailing whitespace (trailing-whitespace)
backend\test_integration_basic.py:303:0: C0303: Trailing whitespace (trailing-whitespace)
backend\test_integration_basic.py:310:0: C0303: Trailing whitespace (trailing-whitespace)
backend\test_integration_basic.py:315:0: C0303: Trailing whitespace (trailing-whitespace)
backend\test_integration_basic.py:320:0: C0303: Trailing whitespace (trailing-whitespace)
backend\test_integration_basic.py:322:0: C0303: Trailing whitespace (trailing-whitespace)
backend\test_integration_basic.py:325:0: C0303: Trailing whitespace (trailing-whitespace)
backend\test_integration_basic.py:334:0: C0303: Trailing whitespace (trailing-whitespace)
backend\test_integration_basic.py:339:0: C0303: Trailing whitespace (trailing-whitespace)
backend\test_integration_basic.py:344:0: C0303: Trailing whitespace (trailing-whitespace)
backend\test_integration_basic.py:346:0: C0303: Trailing whitespace (trailing-whitespace)
backend\test_integration_basic.py:351:0: C0303: Trailing whitespace (trailing-whitespace)
backend\test_integration_basic.py:356:0: C0303: Trailing whitespace (trailing-whitespace)
backend\test_integration_basic.py:361:0: C0303: Trailing whitespace (trailing-whitespace)
backend\test_integration_basic.py:367:0: C0303: Trailing whitespace (trailing-whitespace)
backend\test_integration_basic.py:370:0: C0303: Trailing whitespace (trailing-whitespace)
backend\test_integration_basic.py:375:0: C0303: Trailing whitespace (trailing-whitespace)
backend\test_integration_basic.py:380:0: C0303: Trailing whitespace (trailing-whitespace)
backend\test_integration_basic.py:394:0: C0303: Trailing whitespace (trailing-whitespace)
backend\test_integration_basic.py:33:23: R1732: Consider using 'with' for resource-allocating operations (consider-using-with)
backend\test_integration_basic.py:53:13: W0212: Access to a protected member _get_connection of a client class (protected-access)
backend\test_integration_basic.py:131:18: W1309: Using an f-string that does not have any interpolated variables (f-string-without-interpolation)
backend\test_integration_basic.py:154:18: W1309: Using an f-string that does not have any interpolated variables (f-string-without-interpolation)
backend\test_integration_basic.py:202:14: W1309: Using an f-string that does not have any interpolated variables (f-string-without-interpolation)
backend\test_integration_basic.py:219:14: W1309: Using an f-string that does not have any interpolated variables (f-string-without-interpolation)
backend\test_integration_basic.py:237:15: W0718: Catching too general exception Exception (broad-exception-caught)
backend\test_integration_basic.py:247:15: W0718: Catching too general exception Exception (broad-exception-caught)
backend\test_integration_basic.py:252:4: R0914: Too many local variables (18/15) (too-many-locals)
backend\test_integration_basic.py:273:19: W0718: Catching too general exception Exception (broad-exception-caught)
backend\test_integration_basic.py:285:19: W0718: Catching too general exception Exception (broad-exception-caught)
backend\test_integration_basic.py:294:19: W0718: Catching too general exception Exception (broad-exception-caught)
backend\test_integration_basic.py:301:15: W0718: Catching too general exception Exception (broad-exception-caught)
backend\test_integration_basic.py:300:34: W1309: Using an f-string that does not have any interpolated variables (f-string-without-interpolation)
backend\test_integration_basic.py:308:15: W0718: Catching too general exception Exception (broad-exception-caught)
backend\test_integration_basic.py:307:34: W1309: Using an f-string that does not have any interpolated variables (f-string-without-interpolation)
backend\test_integration_basic.py:252:4: R0912: Too many branches (13/12) (too-many-branches)
backend\test_integration_basic.py:252:4: R0915: Too many statements (51/50) (too-many-statements)
backend\test_integration_basic.py:299:12: W0612: Unused variable 'matrix' (unused-variable)
backend\test_integration_basic.py:306:12: W0612: Unused variable 'trends' (unused-variable)
backend\test_integration_basic.py:347:4: C0415: Import outside toplevel (time) (import-outside-toplevel)
backend\test_integration_basic.py:373:18: W0612: Unused variable 'traceback' (unused-variable)
************* Module backend.test_integration_phase_4
backend\test_integration_phase_4.py:32:0: C0303: Trailing whitespace (trailing-whitespace)
backend\test_integration_phase_4.py:37:0: C0303: Trailing whitespace (trailing-whitespace)
backend\test_integration_phase_4.py:41:0: C0303: Trailing whitespace (trailing-whitespace)
backend\test_integration_phase_4.py:46:0: C0303: Trailing whitespace (trailing-whitespace)
backend\test_integration_phase_4.py:50:0: C0303: Trailing whitespace (trailing-whitespace)
backend\test_integration_phase_4.py:60:0: C0303: Trailing whitespace (trailing-whitespace)
backend\test_integration_phase_4.py:63:0: C0303: Trailing whitespace (trailing-whitespace)
backend\test_integration_phase_4.py:70:0: C0303: Trailing whitespace (trailing-whitespace)
backend\test_integration_phase_4.py:84:0: C0303: Trailing whitespace (trailing-whitespace)
backend\test_integration_phase_4.py:90:0: C0303: Trailing whitespace (trailing-whitespace)
backend\test_integration_phase_4.py:93:0: C0303: Trailing whitespace (trailing-whitespace)
backend\test_integration_phase_4.py:97:0: C0303: Trailing whitespace (trailing-whitespace)
backend\test_integration_phase_4.py:100:0: C0303: Trailing whitespace (trailing-whitespace)
backend\test_integration_phase_4.py:111:0: C0303: Trailing whitespace (trailing-whitespace)
backend\test_integration_phase_4.py:117:0: C0303: Trailing whitespace (trailing-whitespace)
backend\test_integration_phase_4.py:120:0: C0303: Trailing whitespace (trailing-whitespace)
backend\test_integration_phase_4.py:122:0: C0303: Trailing whitespace (trailing-whitespace)
backend\test_integration_phase_4.py:125:0: C0303: Trailing whitespace (trailing-whitespace)
backend\test_integration_phase_4.py:129:63: C0303: Trailing whitespace (trailing-whitespace)
backend\test_integration_phase_4.py:132:0: C0301: Line too long (102/100) (line-too-long)
backend\test_integration_phase_4.py:136:0: C0301: Line too long (102/100) (line-too-long)
backend\test_integration_phase_4.py:137:0: C0303: Trailing whitespace (trailing-whitespace)
backend\test_integration_phase_4.py:142:0: C0301: Line too long (103/100) (line-too-long)
backend\test_integration_phase_4.py:146:0: C0301: Line too long (103/100) (line-too-long)
backend\test_integration_phase_4.py:147:0: C0303: Trailing whitespace (trailing-whitespace)
backend\test_integration_phase_4.py:152:0: C0301: Line too long (102/100) (line-too-long)
backend\test_integration_phase_4.py:153:0: C0303: Trailing whitespace (trailing-whitespace)
backend\test_integration_phase_4.py:158:0: C0301: Line too long (117/100) (line-too-long)
backend\test_integration_phase_4.py:160:0: C0303: Trailing whitespace (trailing-whitespace)
backend\test_integration_phase_4.py:166:0: C0303: Trailing whitespace (trailing-whitespace)
backend\test_integration_phase_4.py:175:0: C0303: Trailing whitespace (trailing-whitespace)
backend\test_integration_phase_4.py:181:0: C0303: Trailing whitespace (trailing-whitespace)
backend\test_integration_phase_4.py:188:0: C0303: Trailing whitespace (trailing-whitespace)
backend\test_integration_phase_4.py:194:0: C0303: Trailing whitespace (trailing-whitespace)
backend\test_integration_phase_4.py:201:0: C0303: Trailing whitespace (trailing-whitespace)
backend\test_integration_phase_4.py:208:0: C0303: Trailing whitespace (trailing-whitespace)
backend\test_integration_phase_4.py:214:0: C0303: Trailing whitespace (trailing-whitespace)
backend\test_integration_phase_4.py:216:0: C0303: Trailing whitespace (trailing-whitespace)
backend\test_integration_phase_4.py:220:0: C0303: Trailing whitespace (trailing-whitespace)
backend\test_integration_phase_4.py:223:0: C0303: Trailing whitespace (trailing-whitespace)
backend\test_integration_phase_4.py:228:0: C0303: Trailing whitespace (trailing-whitespace)
backend\test_integration_phase_4.py:232:0: C0303: Trailing whitespace (trailing-whitespace)
backend\test_integration_phase_4.py:236:0: C0303: Trailing whitespace (trailing-whitespace)
backend\test_integration_phase_4.py:244:0: C0303: Trailing whitespace (trailing-whitespace)
backend\test_integration_phase_4.py:248:0: C0303: Trailing whitespace (trailing-whitespace)
backend\test_integration_phase_4.py:252:0: C0303: Trailing whitespace (trailing-whitespace)
backend\test_integration_phase_4.py:255:77: C0303: Trailing whitespace (trailing-whitespace)
backend\test_integration_phase_4.py:258:0: C0303: Trailing whitespace (trailing-whitespace)
backend\test_integration_phase_4.py:263:0: C0303: Trailing whitespace (trailing-whitespace)
backend\test_integration_phase_4.py:268:0: C0303: Trailing whitespace (trailing-whitespace)
backend\test_integration_phase_4.py:272:0: C0303: Trailing whitespace (trailing-whitespace)
backend\test_integration_phase_4.py:276:0: C0303: Trailing whitespace (trailing-whitespace)
backend\test_integration_phase_4.py:278:75: C0303: Trailing whitespace (trailing-whitespace)
backend\test_integration_phase_4.py:281:0: C0303: Trailing whitespace (trailing-whitespace)
backend\test_integration_phase_4.py:285:0: C0303: Trailing whitespace (trailing-whitespace)
backend\test_integration_phase_4.py:288:0: C0303: Trailing whitespace (trailing-whitespace)
backend\test_integration_phase_4.py:294:0: C0303: Trailing whitespace (trailing-whitespace)
backend\test_integration_phase_4.py:296:0: C0303: Trailing whitespace (trailing-whitespace)
backend\test_integration_phase_4.py:300:0: C0303: Trailing whitespace (trailing-whitespace)
backend\test_integration_phase_4.py:303:0: C0303: Trailing whitespace (trailing-whitespace)
backend\test_integration_phase_4.py:308:0: C0303: Trailing whitespace (trailing-whitespace)
backend\test_integration_phase_4.py:314:0: C0303: Trailing whitespace (trailing-whitespace)
backend\test_integration_phase_4.py:318:0: C0303: Trailing whitespace (trailing-whitespace)
backend\test_integration_phase_4.py:320:0: C0303: Trailing whitespace (trailing-whitespace)
backend\test_integration_phase_4.py:324:0: C0303: Trailing whitespace (trailing-whitespace)
backend\test_integration_phase_4.py:328:0: C0303: Trailing whitespace (trailing-whitespace)
backend\test_integration_phase_4.py:333:0: C0303: Trailing whitespace (trailing-whitespace)
backend\test_integration_phase_4.py:336:0: C0303: Trailing whitespace (trailing-whitespace)
backend\test_integration_phase_4.py:342:0: C0303: Trailing whitespace (trailing-whitespace)
backend\test_integration_phase_4.py:344:0: C0303: Trailing whitespace (trailing-whitespace)
backend\test_integration_phase_4.py:348:0: C0303: Trailing whitespace (trailing-whitespace)
backend\test_integration_phase_4.py:352:0: C0303: Trailing whitespace (trailing-whitespace)
backend\test_integration_phase_4.py:354:77: C0303: Trailing whitespace (trailing-whitespace)
backend\test_integration_phase_4.py:357:0: C0303: Trailing whitespace (trailing-whitespace)
backend\test_integration_phase_4.py:359:75: C0303: Trailing whitespace (trailing-whitespace)
backend\test_integration_phase_4.py:362:0: C0303: Trailing whitespace (trailing-whitespace)
backend\test_integration_phase_4.py:364:0: C0303: Trailing whitespace (trailing-whitespace)
backend\test_integration_phase_4.py:368:0: C0303: Trailing whitespace (trailing-whitespace)
backend\test_integration_phase_4.py:372:0: C0303: Trailing whitespace (trailing-whitespace)
backend\test_integration_phase_4.py:376:0: C0303: Trailing whitespace (trailing-whitespace)
backend\test_integration_phase_4.py:383:0: C0303: Trailing whitespace (trailing-whitespace)
backend\test_integration_phase_4.py:386:0: C0303: Trailing whitespace (trailing-whitespace)
backend\test_integration_phase_4.py:390:81: C0303: Trailing whitespace (trailing-whitespace)
backend\test_integration_phase_4.py:393:0: C0303: Trailing whitespace (trailing-whitespace)
backend\test_integration_phase_4.py:396:0: C0303: Trailing whitespace (trailing-whitespace)
backend\test_integration_phase_4.py:399:79: C0303: Trailing whitespace (trailing-whitespace)
backend\test_integration_phase_4.py:402:0: C0303: Trailing whitespace (trailing-whitespace)
backend\test_integration_phase_4.py:405:0: C0303: Trailing whitespace (trailing-whitespace)
backend\test_integration_phase_4.py:409:0: C0303: Trailing whitespace (trailing-whitespace)
backend\test_integration_phase_4.py:412:0: C0303: Trailing whitespace (trailing-whitespace)
backend\test_integration_phase_4.py:414:0: C0303: Trailing whitespace (trailing-whitespace)
backend\test_integration_phase_4.py:418:0: C0303: Trailing whitespace (trailing-whitespace)
backend\test_integration_phase_4.py:421:0: C0303: Trailing whitespace (trailing-whitespace)
backend\test_integration_phase_4.py:427:0: C0303: Trailing whitespace (trailing-whitespace)
backend\test_integration_phase_4.py:432:0: C0303: Trailing whitespace (trailing-whitespace)
backend\test_integration_phase_4.py:436:0: C0303: Trailing whitespace (trailing-whitespace)
backend\test_integration_phase_4.py:439:0: C0303: Trailing whitespace (trailing-whitespace)
backend\test_integration_phase_4.py:442:0: C0303: Trailing whitespace (trailing-whitespace)
backend\test_integration_phase_4.py:453:0: C0303: Trailing whitespace (trailing-whitespace)
backend\test_integration_phase_4.py:458:0: C0303: Trailing whitespace (trailing-whitespace)
backend\test_integration_phase_4.py:463:0: C0303: Trailing whitespace (trailing-whitespace)
backend\test_integration_phase_4.py:465:0: C0303: Trailing whitespace (trailing-whitespace)
backend\test_integration_phase_4.py:469:0: C0303: Trailing whitespace (trailing-whitespace)
backend\test_integration_phase_4.py:474:0: C0303: Trailing whitespace (trailing-whitespace)
backend\test_integration_phase_4.py:479:0: C0303: Trailing whitespace (trailing-whitespace)
backend\test_integration_phase_4.py:485:0: C0303: Trailing whitespace (trailing-whitespace)
backend\test_integration_phase_4.py:488:0: C0303: Trailing whitespace (trailing-whitespace)
backend\test_integration_phase_4.py:493:0: C0303: Trailing whitespace (trailing-whitespace)
backend\test_integration_phase_4.py:498:0: C0303: Trailing whitespace (trailing-whitespace)
backend\test_integration_phase_4.py:505:0: C0303: Trailing whitespace (trailing-whitespace)
backend\test_integration_phase_4.py:56:26: W1309: Using an f-string that does not have any interpolated variables (f-string-without-interpolation)
backend\test_integration_phase_4.py:61:14: W1309: Using an f-string that does not have any interpolated variables (f-string-without-interpolation)
backend\test_integration_phase_4.py:47:23: R1732: Consider using 'with' for resource-allocating operations (consider-using-with)
backend\test_integration_phase_4.py:52:12: W0612: Unused variable 'attempt' (unused-variable)
backend\test_integration_phase_4.py:69:18: W1309: Using an f-string that does not have any interpolated variables (f-string-without-interpolation)
backend\test_integration_phase_4.py:123:13: W0212: Access to a protected member _get_connection of a client class (protected-access)
backend\test_integration_phase_4.py:115:22: R1732: Consider using 'with' for resource-allocating operations (consider-using-with)
backend\test_integration_phase_4.py:221:19: W3101: Missing timeout argument for method 'requests.get' can cause your program to hang indefinitely (missing-timeout)
backend\test_integration_phase_4.py:234:19: W3101: Missing timeout argument for method 'requests.get' can cause your program to hang indefinitely (missing-timeout)
backend\test_integration_phase_4.py:255:19: W3101: Missing timeout argument for method 'requests.post' can cause your program to hang indefinitely (missing-timeout)
backend\test_integration_phase_4.py:278:19: W3101: Missing timeout argument for method 'requests.post' can cause your program to hang indefinitely (missing-timeout)
backend\test_integration_phase_4.py:301:19: W3101: Missing timeout argument for method 'requests.get' can cause your program to hang indefinitely (missing-timeout)
backend\test_integration_phase_4.py:326:19: W3101: Missing timeout argument for method 'requests.get' can cause your program to hang indefinitely (missing-timeout)
backend\test_integration_phase_4.py:350:19: W3101: Missing timeout argument for method 'requests.get' can cause your program to hang indefinitely (missing-timeout)
backend\test_integration_phase_4.py:354:19: W3101: Missing timeout argument for method 'requests.post' can cause your program to hang indefinitely (missing-timeout)
backend\test_integration_phase_4.py:359:19: W3101: Missing timeout argument for method 'requests.post' can cause your program to hang indefinitely (missing-timeout)
backend\test_integration_phase_4.py:370:19: W3101: Missing timeout argument for method 'requests.get' can cause your program to hang indefinitely (missing-timeout)
backend\test_integration_phase_4.py:380:23: W3101: Missing timeout argument for method 'requests.get' can cause your program to hang indefinitely (missing-timeout)
backend\test_integration_phase_4.py:390:23: W3101: Missing timeout argument for method 'requests.post' can cause your program to hang indefinitely (missing-timeout)
backend\test_integration_phase_4.py:399:23: W3101: Missing timeout argument for method 'requests.post' can cause your program to hang indefinitely (missing-timeout)
backend\test_integration_phase_4.py:407:19: W3101: Missing timeout argument for method 'requests.get' can cause your program to hang indefinitely (missing-timeout)
backend\test_integration_phase_4.py:419:8: C0415: Import outside toplevel (concurrent.futures) (import-outside-toplevel)
backend\test_integration_phase_4.py:420:8: C0415: Import outside toplevel (statistics) (import-outside-toplevel)
backend\test_integration_phase_4.py:424:23: W3101: Missing timeout argument for method 'requests.get' can cause your program to hang indefinitely (missing-timeout)
backend\test_integration_phase_4.py:491:18: W0612: Unused variable 'traceback' (unused-variable)
backend\test_integration_phase_4.py:14:0: C0411: standard import "subprocess" should be placed before third party import "requests" (wrong-import-order)
backend\test_integration_phase_4.py:15:0: C0411: standard import "datetime.datetime" should be placed before third party import "requests" (wrong-import-order)
backend\test_integration_phase_4.py:16:0: C0411: standard import "threading.Thread" should be placed before third party import "requests" (wrong-import-order)
backend\test_integration_phase_4.py:17:0: C0411: standard import "contextlib.contextmanager" should be placed before third party import "requests" (wrong-import-order)
backend\test_integration_phase_4.py:10:0: W0611: Unused import json (unused-import)
backend\test_integration_phase_4.py:16:0: W0611: Unused Thread imported from threading (unused-import)
backend\test_integration_phase_4.py:24:4: W0611: Unused CrossModelAnalytics imported from cross_model_analytics (unused-import)
************* Module backend.test_integration_simplified
backend\test_integration_simplified.py:28:0: C0303: Trailing whitespace (trailing-whitespace)
backend\test_integration_simplified.py:33:0: C0303: Trailing whitespace (trailing-whitespace)
backend\test_integration_simplified.py:37:0: C0303: Trailing whitespace (trailing-whitespace)
backend\test_integration_simplified.py:41:0: C0303: Trailing whitespace (trailing-whitespace)
backend\test_integration_simplified.py:44:0: C0303: Trailing whitespace (trailing-whitespace)
backend\test_integration_simplified.py:52:0: C0303: Trailing whitespace (trailing-whitespace)
backend\test_integration_simplified.py:56:0: C0303: Trailing whitespace (trailing-whitespace)
backend\test_integration_simplified.py:58:0: C0303: Trailing whitespace (trailing-whitespace)
backend\test_integration_simplified.py:61:0: C0303: Trailing whitespace (trailing-whitespace)
backend\test_integration_simplified.py:65:63: C0303: Trailing whitespace (trailing-whitespace)
backend\test_integration_simplified.py:68:0: C0301: Line too long (102/100) (line-too-long)
backend\test_integration_simplified.py:72:0: C0301: Line too long (102/100) (line-too-long)
backend\test_integration_simplified.py:73:0: C0303: Trailing whitespace (trailing-whitespace)
backend\test_integration_simplified.py:78:0: C0301: Line too long (103/100) (line-too-long)
backend\test_integration_simplified.py:82:0: C0301: Line too long (103/100) (line-too-long)
backend\test_integration_simplified.py:83:0: C0303: Trailing whitespace (trailing-whitespace)
backend\test_integration_simplified.py:88:0: C0301: Line too long (102/100) (line-too-long)
backend\test_integration_simplified.py:90:0: C0303: Trailing whitespace (trailing-whitespace)
backend\test_integration_simplified.py:96:0: C0303: Trailing whitespace (trailing-whitespace)
backend\test_integration_simplified.py:105:0: C0303: Trailing whitespace (trailing-whitespace)
backend\test_integration_simplified.py:111:0: C0303: Trailing whitespace (trailing-whitespace)
backend\test_integration_simplified.py:118:0: C0303: Trailing whitespace (trailing-whitespace)
backend\test_integration_simplified.py:124:0: C0303: Trailing whitespace (trailing-whitespace)
backend\test_integration_simplified.py:132:0: C0303: Trailing whitespace (trailing-whitespace)
backend\test_integration_simplified.py:138:0: C0303: Trailing whitespace (trailing-whitespace)
backend\test_integration_simplified.py:140:0: C0303: Trailing whitespace (trailing-whitespace)
backend\test_integration_simplified.py:143:0: C0303: Trailing whitespace (trailing-whitespace)
backend\test_integration_simplified.py:147:0: C0303: Trailing whitespace (trailing-whitespace)
backend\test_integration_simplified.py:150:0: C0303: Trailing whitespace (trailing-whitespace)
backend\test_integration_simplified.py:155:0: C0303: Trailing whitespace (trailing-whitespace)
backend\test_integration_simplified.py:159:0: C0303: Trailing whitespace (trailing-whitespace)
backend\test_integration_simplified.py:163:0: C0303: Trailing whitespace (trailing-whitespace)
backend\test_integration_simplified.py:170:0: C0303: Trailing whitespace (trailing-whitespace)
backend\test_integration_simplified.py:175:0: C0301: Line too long (106/100) (line-too-long)
backend\test_integration_simplified.py:177:0: C0303: Trailing whitespace (trailing-whitespace)
backend\test_integration_simplified.py:179:0: C0301: Line too long (109/100) (line-too-long)
backend\test_integration_simplified.py:183:0: C0303: Trailing whitespace (trailing-whitespace)
backend\test_integration_simplified.py:187:0: C0303: Trailing whitespace (trailing-whitespace)
backend\test_integration_simplified.py:190:0: C0303: Trailing whitespace (trailing-whitespace)
backend\test_integration_simplified.py:193:0: C0303: Trailing whitespace (trailing-whitespace)
backend\test_integration_simplified.py:198:0: C0303: Trailing whitespace (trailing-whitespace)
backend\test_integration_simplified.py:202:0: C0303: Trailing whitespace (trailing-whitespace)
backend\test_integration_simplified.py:212:0: C0303: Trailing whitespace (trailing-whitespace)
backend\test_integration_simplified.py:221:0: C0303: Trailing whitespace (trailing-whitespace)
backend\test_integration_simplified.py:223:68: C0303: Trailing whitespace (trailing-whitespace)
backend\test_integration_simplified.py:231:0: C0303: Trailing whitespace (trailing-whitespace)
backend\test_integration_simplified.py:236:0: C0303: Trailing whitespace (trailing-whitespace)
backend\test_integration_simplified.py:240:0: C0303: Trailing whitespace (trailing-whitespace)
backend\test_integration_simplified.py:244:0: C0303: Trailing whitespace (trailing-whitespace)
backend\test_integration_simplified.py:249:0: C0303: Trailing whitespace (trailing-whitespace)
backend\test_integration_simplified.py:256:0: C0301: Line too long (105/100) (line-too-long)
backend\test_integration_simplified.py:259:0: C0303: Trailing whitespace (trailing-whitespace)
backend\test_integration_simplified.py:261:0: C0303: Trailing whitespace (trailing-whitespace)
backend\test_integration_simplified.py:267:0: C0303: Trailing whitespace (trailing-whitespace)
backend\test_integration_simplified.py:272:0: C0303: Trailing whitespace (trailing-whitespace)
backend\test_integration_simplified.py:274:0: C0301: Line too long (105/100) (line-too-long)
backend\test_integration_simplified.py:275:0: C0303: Trailing whitespace (trailing-whitespace)
backend\test_integration_simplified.py:279:0: C0303: Trailing whitespace (trailing-whitespace)
backend\test_integration_simplified.py:283:0: C0303: Trailing whitespace (trailing-whitespace)
backend\test_integration_simplified.py:285:0: C0303: Trailing whitespace (trailing-whitespace)
backend\test_integration_simplified.py:289:0: C0303: Trailing whitespace (trailing-whitespace)
backend\test_integration_simplified.py:292:0: C0303: Trailing whitespace (trailing-whitespace)
backend\test_integration_simplified.py:300:0: C0303: Trailing whitespace (trailing-whitespace)
backend\test_integration_simplified.py:307:0: C0303: Trailing whitespace (trailing-whitespace)
backend\test_integration_simplified.py:314:0: C0303: Trailing whitespace (trailing-whitespace)
backend\test_integration_simplified.py:323:0: C0303: Trailing whitespace (trailing-whitespace)
backend\test_integration_simplified.py:328:0: C0303: Trailing whitespace (trailing-whitespace)
backend\test_integration_simplified.py:333:0: C0303: Trailing whitespace (trailing-whitespace)
backend\test_integration_simplified.py:335:0: C0303: Trailing whitespace (trailing-whitespace)
backend\test_integration_simplified.py:340:0: C0303: Trailing whitespace (trailing-whitespace)
backend\test_integration_simplified.py:345:0: C0303: Trailing whitespace (trailing-whitespace)
backend\test_integration_simplified.py:350:0: C0303: Trailing whitespace (trailing-whitespace)
backend\test_integration_simplified.py:356:0: C0303: Trailing whitespace (trailing-whitespace)
backend\test_integration_simplified.py:359:0: C0303: Trailing whitespace (trailing-whitespace)
backend\test_integration_simplified.py:364:0: C0303: Trailing whitespace (trailing-whitespace)
backend\test_integration_simplified.py:369:0: C0303: Trailing whitespace (trailing-whitespace)
backend\test_integration_simplified.py:379:0: C0303: Trailing whitespace (trailing-whitespace)
backend\test_integration_simplified.py:35:23: R1732: Consider using 'with' for resource-allocating operations (consider-using-with)
backend\test_integration_simplified.py:59:13: W0212: Access to a protected member _get_connection of a client class (protected-access)
backend\test_integration_simplified.py:189:8: E0401: Unable to import 'server' (import-error)
backend\test_integration_simplified.py:189:8: C0415: Import outside toplevel (server.memory_store, server.cross_model_analytics) (import-outside-toplevel)
backend\test_integration_simplified.py:195:8: C0415: Import outside toplevel (server) (import-outside-toplevel)
backend\test_integration_simplified.py:195:8: E0401: Unable to import 'server' (import-error)
backend\test_integration_simplified.py:189:8: W0611: Unused memory_store imported from server as server_memory (unused-import)
backend\test_integration_simplified.py:189:8: W0611: Unused cross_model_analytics imported from server (unused-import)
backend\test_integration_simplified.py:257:19: W0718: Catching too general exception Exception (broad-exception-caught)
backend\test_integration_simplified.py:298:15: W0718: Catching too general exception Exception (broad-exception-caught)
backend\test_integration_simplified.py:305:15: W0718: Catching too general exception Exception (broad-exception-caught)
backend\test_integration_simplified.py:312:15: W0718: Catching too general exception Exception (broad-exception-caught)
backend\test_integration_simplified.py:303:12: W0612: Unused variable 'comparison' (unused-variable)
backend\test_integration_simplified.py:336:4: C0415: Import outside toplevel (time) (import-outside-toplevel)
backend\test_integration_simplified.py:362:18: W0612: Unused variable 'traceback' (unused-variable)
backend\test_integration_simplified.py:9:0: W0611: Unused import json (unused-import)
************* Module backend.test_memory_store
backend\test_memory_store.py:20:0: C0303: Trailing whitespace (trailing-whitespace)
backend\test_memory_store.py:27:0: C0303: Trailing whitespace (trailing-whitespace)
backend\test_memory_store.py:35:0: C0303: Trailing whitespace (trailing-whitespace)
backend\test_memory_store.py:40:0: C0303: Trailing whitespace (trailing-whitespace)
backend\test_memory_store.py:45:0: C0303: Trailing whitespace (trailing-whitespace)
backend\test_memory_store.py:56:0: C0303: Trailing whitespace (trailing-whitespace)
backend\test_memory_store.py:59:0: C0303: Trailing whitespace (trailing-whitespace)
backend\test_memory_store.py:66:0: C0303: Trailing whitespace (trailing-whitespace)
backend\test_memory_store.py:71:0: C0303: Trailing whitespace (trailing-whitespace)
backend\test_memory_store.py:80:0: C0303: Trailing whitespace (trailing-whitespace)
backend\test_memory_store.py:84:0: C0303: Trailing whitespace (trailing-whitespace)
backend\test_memory_store.py:88:0: C0303: Trailing whitespace (trailing-whitespace)
backend\test_memory_store.py:92:0: C0303: Trailing whitespace (trailing-whitespace)
backend\test_memory_store.py:97:0: C0303: Trailing whitespace (trailing-whitespace)
backend\test_memory_store.py:105:0: C0303: Trailing whitespace (trailing-whitespace)
backend\test_memory_store.py:112:0: C0303: Trailing whitespace (trailing-whitespace)
backend\test_memory_store.py:115:0: C0303: Trailing whitespace (trailing-whitespace)
backend\test_memory_store.py:123:0: C0303: Trailing whitespace (trailing-whitespace)
backend\test_memory_store.py:130:0: C0303: Trailing whitespace (trailing-whitespace)
backend\test_memory_store.py:134:0: C0303: Trailing whitespace (trailing-whitespace)
backend\test_memory_store.py:141:0: C0303: Trailing whitespace (trailing-whitespace)
backend\test_memory_store.py:145:0: C0303: Trailing whitespace (trailing-whitespace)
backend\test_memory_store.py:154:0: C0303: Trailing whitespace (trailing-whitespace)
backend\test_memory_store.py:163:0: C0303: Trailing whitespace (trailing-whitespace)
backend\test_memory_store.py:167:0: C0303: Trailing whitespace (trailing-whitespace)
backend\test_memory_store.py:173:0: C0303: Trailing whitespace (trailing-whitespace)
backend\test_memory_store.py:181:0: C0303: Trailing whitespace (trailing-whitespace)
backend\test_memory_store.py:189:0: C0303: Trailing whitespace (trailing-whitespace)
backend\test_memory_store.py:192:0: C0303: Trailing whitespace (trailing-whitespace)
backend\test_memory_store.py:198:0: C0303: Trailing whitespace (trailing-whitespace)
backend\test_memory_store.py:204:0: C0303: Trailing whitespace (trailing-whitespace)
backend\test_memory_store.py:211:0: C0303: Trailing whitespace (trailing-whitespace)
backend\test_memory_store.py:219:0: C0303: Trailing whitespace (trailing-whitespace)
backend\test_memory_store.py:230:0: C0303: Trailing whitespace (trailing-whitespace)
backend\test_memory_store.py:233:0: C0303: Trailing whitespace (trailing-whitespace)
backend\test_memory_store.py:242:0: C0303: Trailing whitespace (trailing-whitespace)
backend\test_memory_store.py:248:0: C0303: Trailing whitespace (trailing-whitespace)
backend\test_memory_store.py:254:0: C0303: Trailing whitespace (trailing-whitespace)
backend\test_memory_store.py:264:0: C0303: Trailing whitespace (trailing-whitespace)
backend\test_memory_store.py:267:0: C0303: Trailing whitespace (trailing-whitespace)
backend\test_memory_store.py:275:0: C0303: Trailing whitespace (trailing-whitespace)
backend\test_memory_store.py:281:0: C0303: Trailing whitespace (trailing-whitespace)
backend\test_memory_store.py:285:0: C0303: Trailing whitespace (trailing-whitespace)
backend\test_memory_store.py:292:0: C0301: Line too long (114/100) (line-too-long)
backend\test_memory_store.py:293:0: C0303: Trailing whitespace (trailing-whitespace)
backend\test_memory_store.py:296:0: C0303: Trailing whitespace (trailing-whitespace)
backend\test_memory_store.py:303:0: C0303: Trailing whitespace (trailing-whitespace)
backend\test_memory_store.py:313:0: C0303: Trailing whitespace (trailing-whitespace)
backend\test_memory_store.py:320:0: C0303: Trailing whitespace (trailing-whitespace)
backend\test_memory_store.py:324:0: C0303: Trailing whitespace (trailing-whitespace)
backend\test_memory_store.py:330:0: C0303: Trailing whitespace (trailing-whitespace)
backend\test_memory_store.py:338:0: C0303: Trailing whitespace (trailing-whitespace)
backend\test_memory_store.py:346:0: C0303: Trailing whitespace (trailing-whitespace)
backend\test_memory_store.py:355:0: C0303: Trailing whitespace (trailing-whitespace)
backend\test_memory_store.py:358:0: C0303: Trailing whitespace (trailing-whitespace)
backend\test_memory_store.py:369:0: C0303: Trailing whitespace (trailing-whitespace)
backend\test_memory_store.py:377:0: C0303: Trailing whitespace (trailing-whitespace)
backend\test_memory_store.py:383:0: C0303: Trailing whitespace (trailing-whitespace)
backend\test_memory_store.py:388:0: C0303: Trailing whitespace (trailing-whitespace)
backend\test_memory_store.py:394:0: C0303: Trailing whitespace (trailing-whitespace)
backend\test_memory_store.py:404:0: C0303: Trailing whitespace (trailing-whitespace)
backend\test_memory_store.py:411:0: C0303: Trailing whitespace (trailing-whitespace)
backend\test_memory_store.py:414:0: C0303: Trailing whitespace (trailing-whitespace)
backend\test_memory_store.py:424:0: C0303: Trailing whitespace (trailing-whitespace)
backend\test_memory_store.py:428:0: C0303: Trailing whitespace (trailing-whitespace)
backend\test_memory_store.py:435:0: C0303: Trailing whitespace (trailing-whitespace)
backend\test_memory_store.py:442:0: C0303: Trailing whitespace (trailing-whitespace)
backend\test_memory_store.py:448:0: C0303: Trailing whitespace (trailing-whitespace)
backend\test_memory_store.py:451:0: C0303: Trailing whitespace (trailing-whitespace)
backend\test_memory_store.py:460:0: C0303: Trailing whitespace (trailing-whitespace)
backend\test_memory_store.py:467:0: C0303: Trailing whitespace (trailing-whitespace)
backend\test_memory_store.py:470:0: C0303: Trailing whitespace (trailing-whitespace)
backend\test_memory_store.py:478:0: C0303: Trailing whitespace (trailing-whitespace)
backend\test_memory_store.py:485:0: C0303: Trailing whitespace (trailing-whitespace)
backend\test_memory_store.py:489:0: C0303: Trailing whitespace (trailing-whitespace)
backend\test_memory_store.py:497:0: C0303: Trailing whitespace (trailing-whitespace)
backend\test_memory_store.py:505:0: C0303: Trailing whitespace (trailing-whitespace)
backend\test_memory_store.py:516:0: C0303: Trailing whitespace (trailing-whitespace)
backend\test_memory_store.py:524:0: C0303: Trailing whitespace (trailing-whitespace)
backend\test_memory_store.py:529:0: C0303: Trailing whitespace (trailing-whitespace)
backend\test_memory_store.py:532:0: C0303: Trailing whitespace (trailing-whitespace)
backend\test_memory_store.py:543:0: C0303: Trailing whitespace (trailing-whitespace)
backend\test_memory_store.py:546:0: C0303: Trailing whitespace (trailing-whitespace)
backend\test_memory_store.py:555:0: C0303: Trailing whitespace (trailing-whitespace)
backend\test_memory_store.py:558:0: C0303: Trailing whitespace (trailing-whitespace)
backend\test_memory_store.py:565:0: C0303: Trailing whitespace (trailing-whitespace)
backend\test_memory_store.py:569:0: C0303: Trailing whitespace (trailing-whitespace)
backend\test_memory_store.py:573:0: C0303: Trailing whitespace (trailing-whitespace)
backend\test_memory_store.py:585:0: C0303: Trailing whitespace (trailing-whitespace)
backend\test_memory_store.py:589:0: C0303: Trailing whitespace (trailing-whitespace)
backend\test_memory_store.py:598:0: C0303: Trailing whitespace (trailing-whitespace)
backend\test_memory_store.py:603:0: C0303: Trailing whitespace (trailing-whitespace)
backend\test_memory_store.py:608:0: C0303: Trailing whitespace (trailing-whitespace)
backend\test_memory_store.py:609:0: C0301: Line too long (104/100) (line-too-long)
backend\test_memory_store.py:611:0: C0303: Trailing whitespace (trailing-whitespace)
backend\test_memory_store.py:616:0: C0303: Trailing whitespace (trailing-whitespace)
backend\test_memory_store.py:15:0: E0401: Unable to import 'memory_store' (import-error)
backend\test_memory_store.py:23:23: R1732: Consider using 'with' for resource-allocating operations (consider-using-with)
backend\test_memory_store.py:73:8: W0612: Unused variable 'updated_id' (unused-variable)
backend\test_memory_store.py:269:8: W0612: Unused variable 'low_fragment_id' (unused-variable)
backend\test_memory_store.py:363:8: W0612: Unused variable 'old_entry_id' (unused-variable)
backend\test_memory_store.py:371:8: W0612: Unused variable 'low_fragment_id' (unused-variable)
backend\test_memory_store.py:503:15: W0718: Catching too general exception Exception (broad-exception-caught)
backend\test_memory_store.py:521:15: W0718: Catching too general exception Exception (broad-exception-caught)
backend\test_memory_store.py:527:8: C0415: Import outside toplevel (threading) (import-outside-toplevel)
backend\test_memory_store.py:528:8: C0415: Import outside toplevel (time) (import-outside-toplevel)
backend\test_memory_store.py:556:19: W0718: Catching too general exception Exception (broad-exception-caught)
backend\test_memory_store.py:600:14: W1309: Using an f-string that does not have any interpolated variables (f-string-without-interpolation)
backend\test_memory_store.py:605:14: W1309: Using an f-string that does not have any interpolated variables (f-string-without-interpolation)
backend\test_memory_store.py:10:0: W0611: Unused import json (unused-import)
backend\test_memory_store.py:12:0: W0611: Unused Path imported from pathlib (unused-import)
************* Module backend.test_phase3_core_functions
backend\test_phase3_core_functions.py:54:0: C0303: Trailing whitespace (trailing-whitespace)
backend\test_phase3_core_functions.py:57:0: C0303: Trailing whitespace (trailing-whitespace)
backend\test_phase3_core_functions.py:64:0: C0303: Trailing whitespace (trailing-whitespace)
backend\test_phase3_core_functions.py:70:0: C0303: Trailing whitespace (trailing-whitespace)
backend\test_phase3_core_functions.py:78:0: C0303: Trailing whitespace (trailing-whitespace)
backend\test_phase3_core_functions.py:94:0: C0303: Trailing whitespace (trailing-whitespace)
backend\test_phase3_core_functions.py:99:0: C0301: Line too long (106/100) (line-too-long)
backend\test_phase3_core_functions.py:102:0: C0303: Trailing whitespace (trailing-whitespace)
backend\test_phase3_core_functions.py:109:0: C0301: Line too long (105/100) (line-too-long)
backend\test_phase3_core_functions.py:112:0: C0303: Trailing whitespace (trailing-whitespace)
backend\test_phase3_core_functions.py:119:0: C0301: Line too long (181/100) (line-too-long)
backend\test_phase3_core_functions.py:122:0: C0303: Trailing whitespace (trailing-whitespace)
backend\test_phase3_core_functions.py:130:0: C0303: Trailing whitespace (trailing-whitespace)
backend\test_phase3_core_functions.py:139:0: C0301: Line too long (102/100) (line-too-long)
backend\test_phase3_core_functions.py:142:0: C0303: Trailing whitespace (trailing-whitespace)
backend\test_phase3_core_functions.py:150:0: C0303: Trailing whitespace (trailing-whitespace)
backend\test_phase3_core_functions.py:161:0: C0303: Trailing whitespace (trailing-whitespace)
backend\test_phase3_core_functions.py:165:0: C0303: Trailing whitespace (trailing-whitespace)
backend\test_phase3_core_functions.py:171:0: C0303: Trailing whitespace (trailing-whitespace)
backend\test_phase3_core_functions.py:178:0: C0303: Trailing whitespace (trailing-whitespace)
backend\test_phase3_core_functions.py:187:0: C0303: Trailing whitespace (trailing-whitespace)
backend\test_phase3_core_functions.py:193:0: C0303: Trailing whitespace (trailing-whitespace)
backend\test_phase3_core_functions.py:199:0: C0303: Trailing whitespace (trailing-whitespace)
backend\test_phase3_core_functions.py:206:0: C0303: Trailing whitespace (trailing-whitespace)
backend\test_phase3_core_functions.py:208:99: C0303: Trailing whitespace (trailing-whitespace)
backend\test_phase3_core_functions.py:210:0: C0303: Trailing whitespace (trailing-whitespace)
backend\test_phase3_core_functions.py:212:0: C0303: Trailing whitespace (trailing-whitespace)
backend\test_phase3_core_functions.py:216:88: C0303: Trailing whitespace (trailing-whitespace)
backend\test_phase3_core_functions.py:218:0: C0303: Trailing whitespace (trailing-whitespace)
backend\test_phase3_core_functions.py:221:0: C0303: Trailing whitespace (trailing-whitespace)
backend\test_phase3_core_functions.py:225:0: C0303: Trailing whitespace (trailing-whitespace)
backend\test_phase3_core_functions.py:229:96: C0303: Trailing whitespace (trailing-whitespace)
backend\test_phase3_core_functions.py:233:0: C0303: Trailing whitespace (trailing-whitespace)
backend\test_phase3_core_functions.py:238:0: C0303: Trailing whitespace (trailing-whitespace)
backend\test_phase3_core_functions.py:248:0: C0303: Trailing whitespace (trailing-whitespace)
backend\test_phase3_core_functions.py:249:0: C0301: Line too long (104/100) (line-too-long)
backend\test_phase3_core_functions.py:250:0: C0303: Trailing whitespace (trailing-whitespace)
backend\test_phase3_core_functions.py:254:96: C0303: Trailing whitespace (trailing-whitespace)
backend\test_phase3_core_functions.py:258:0: C0303: Trailing whitespace (trailing-whitespace)
backend\test_phase3_core_functions.py:265:0: C0303: Trailing whitespace (trailing-whitespace)
backend\test_phase3_core_functions.py:267:0: C0301: Line too long (101/100) (line-too-long)
backend\test_phase3_core_functions.py:276:0: C0303: Trailing whitespace (trailing-whitespace)
backend\test_phase3_core_functions.py:281:0: C0303: Trailing whitespace (trailing-whitespace)
backend\test_phase3_core_functions.py:287:0: C0303: Trailing whitespace (trailing-whitespace)
backend\test_phase3_core_functions.py:295:0: C0303: Trailing whitespace (trailing-whitespace)
backend\test_phase3_core_functions.py:308:0: C0303: Trailing whitespace (trailing-whitespace)
backend\test_phase3_core_functions.py:316:0: C0303: Trailing whitespace (trailing-whitespace)
backend\test_phase3_core_functions.py:325:0: C0303: Trailing whitespace (trailing-whitespace)
backend\test_phase3_core_functions.py:330:0: C0303: Trailing whitespace (trailing-whitespace)
backend\test_phase3_core_functions.py:336:0: C0303: Trailing whitespace (trailing-whitespace)
backend\test_phase3_core_functions.py:343:0: C0303: Trailing whitespace (trailing-whitespace)
backend\test_phase3_core_functions.py:347:87: C0303: Trailing whitespace (trailing-whitespace)
backend\test_phase3_core_functions.py:351:0: C0303: Trailing whitespace (trailing-whitespace)
backend\test_phase3_core_functions.py:355:0: C0303: Trailing whitespace (trailing-whitespace)
backend\test_phase3_core_functions.py:359:80: C0303: Trailing whitespace (trailing-whitespace)
backend\test_phase3_core_functions.py:363:0: C0303: Trailing whitespace (trailing-whitespace)
backend\test_phase3_core_functions.py:367:0: C0303: Trailing whitespace (trailing-whitespace)
backend\test_phase3_core_functions.py:371:78: C0303: Trailing whitespace (trailing-whitespace)
backend\test_phase3_core_functions.py:375:0: C0303: Trailing whitespace (trailing-whitespace)
backend\test_phase3_core_functions.py:383:0: C0303: Trailing whitespace (trailing-whitespace)
backend\test_phase3_core_functions.py:390:0: C0303: Trailing whitespace (trailing-whitespace)
backend\test_phase3_core_functions.py:401:0: C0303: Trailing whitespace (trailing-whitespace)
backend\test_phase3_core_functions.py:404:0: C0303: Trailing whitespace (trailing-whitespace)
backend\test_phase3_core_functions.py:410:0: C0303: Trailing whitespace (trailing-whitespace)
backend\test_phase3_core_functions.py:413:0: C0303: Trailing whitespace (trailing-whitespace)
backend\test_phase3_core_functions.py:417:0: C0303: Trailing whitespace (trailing-whitespace)
backend\test_phase3_core_functions.py:420:0: C0303: Trailing whitespace (trailing-whitespace)
backend\test_phase3_core_functions.py:427:0: C0303: Trailing whitespace (trailing-whitespace)
backend\test_phase3_core_functions.py:439:0: C0303: Trailing whitespace (trailing-whitespace)
backend\test_phase3_core_functions.py:445:0: C0303: Trailing whitespace (trailing-whitespace)
backend\test_phase3_core_functions.py:448:0: C0303: Trailing whitespace (trailing-whitespace)
backend\test_phase3_core_functions.py:451:0: C0303: Trailing whitespace (trailing-whitespace)
backend\test_phase3_core_functions.py:43:8: W1203: Use lazy % formatting in logging functions (logging-fstring-interpolation)
backend\test_phase3_core_functions.py:47:8: W1203: Use lazy % formatting in logging functions (logging-fstring-interpolation)
backend\test_phase3_core_functions.py:51:4: W1201: Use lazy % formatting in logging functions (logging-not-lazy)
backend\test_phase3_core_functions.py:153:11: W0718: Catching too general exception Exception (broad-exception-caught)
backend\test_phase3_core_functions.py:56:8: C0415: Import outside toplevel (memory_store.MemoryStore) (import-outside-toplevel)
backend\test_phase3_core_functions.py:67:15: W0718: Catching too general exception Exception (broad-exception-caught)
backend\test_phase3_core_functions.py:75:15: W0718: Catching too general exception Exception (broad-exception-caught)
backend\test_phase3_core_functions.py:100:15: W0718: Catching too general exception Exception (broad-exception-caught)
backend\test_phase3_core_functions.py:110:15: W0718: Catching too general exception Exception (broad-exception-caught)
backend\test_phase3_core_functions.py:120:15: W0718: Catching too general exception Exception (broad-exception-caught)
backend\test_phase3_core_functions.py:140:15: W0718: Catching too general exception Exception (broad-exception-caught)
backend\test_phase3_core_functions.py:148:15: W0718: Catching too general exception Exception (broad-exception-caught)
backend\test_phase3_core_functions.py:149:12: W1203: Use lazy % formatting in logging functions (logging-fstring-interpolation)
backend\test_phase3_core_functions.py:49:0: R0912: Too many branches (19/12) (too-many-branches)
backend\test_phase3_core_functions.py:49:0: R0915: Too many statements (64/50) (too-many-statements)
backend\test_phase3_core_functions.py:156:0: R0914: Too many local variables (17/15) (too-many-locals)
backend\test_phase3_core_functions.py:158:4: W1201: Use lazy % formatting in logging functions (logging-not-lazy)
backend\test_phase3_core_functions.py:268:11: W0718: Catching too general exception Exception (broad-exception-caught)
backend\test_phase3_core_functions.py:163:8: C0415: Import outside toplevel (memory_store.MemoryStore) (import-outside-toplevel)
backend\test_phase3_core_functions.py:164:8: C0415: Import outside toplevel (metacognition.MetacognitiveEngine) (import-outside-toplevel)
backend\test_phase3_core_functions.py:175:15: W0718: Catching too general exception Exception (broad-exception-caught)
backend\test_phase3_core_functions.py:219:15: W0718: Catching too general exception Exception (broad-exception-caught)
backend\test_phase3_core_functions.py:231:15: W0718: Catching too general exception Exception (broad-exception-caught)
backend\test_phase3_core_functions.py:256:15: W0718: Catching too general exception Exception (broad-exception-caught)
backend\test_phase3_core_functions.py:237:12: E0401: Unable to import 'metacognition' (import-error)
backend\test_phase3_core_functions.py:237:12: C0415: Import outside toplevel (metacognition.MetacognitiveAssessment, metacognition.LearningStrategy) (import-outside-toplevel)
backend\test_phase3_core_functions.py:263:15: W0718: Catching too general exception Exception (broad-exception-caught)
backend\test_phase3_core_functions.py:156:0: R0912: Too many branches (15/12) (too-many-branches)
backend\test_phase3_core_functions.py:156:0: R0915: Too many statements (57/50) (too-many-statements)
backend\test_phase3_core_functions.py:271:0: R0914: Too many local variables (17/15) (too-many-locals)
backend\test_phase3_core_functions.py:273:4: W1201: Use lazy % formatting in logging functions (logging-not-lazy)
backend\test_phase3_core_functions.py:393:11: W0718: Catching too general exception Exception (broad-exception-caught)
backend\test_phase3_core_functions.py:278:8: C0415: Import outside toplevel (memory_store.MemoryStore) (import-outside-toplevel)
backend\test_phase3_core_functions.py:279:8: C0415: Import outside toplevel (metacognition.MetacognitiveEngine) (import-outside-toplevel)
backend\test_phase3_core_functions.py:280:8: C0415: Import outside toplevel (decision_engine.DecisionEngine, decision_engine.Goal) (import-outside-toplevel)
backend\test_phase3_core_functions.py:292:15: W0718: Catching too general exception Exception (broad-exception-caught)
backend\test_phase3_core_functions.py:314:15: W0718: Catching too general exception Exception (broad-exception-caught)
backend\test_phase3_core_functions.py:349:15: W0718: Catching too general exception Exception (broad-exception-caught)
backend\test_phase3_core_functions.py:361:15: W0718: Catching too general exception Exception (broad-exception-caught)
backend\test_phase3_core_functions.py:373:15: W0718: Catching too general exception Exception (broad-exception-caught)
backend\test_phase3_core_functions.py:381:15: W0718: Catching too general exception Exception (broad-exception-caught)
backend\test_phase3_core_functions.py:388:15: W0718: Catching too general exception Exception (broad-exception-caught)
backend\test_phase3_core_functions.py:271:0: R0912: Too many branches (19/12) (too-many-branches)
backend\test_phase3_core_functions.py:271:0: R0915: Too many statements (70/50) (too-many-statements)
backend\test_phase3_core_functions.py:398:4: W1201: Use lazy % formatting in logging functions (logging-not-lazy)
backend\test_phase3_core_functions.py:412:8: W1203: Use lazy % formatting in logging functions (logging-fstring-interpolation)
backend\test_phase3_core_functions.py:416:16: W1203: Use lazy % formatting in logging functions (logging-fstring-interpolation)
backend\test_phase3_core_functions.py:419:4: W1203: Use lazy % formatting in logging functions (logging-fstring-interpolation)
backend\test_phase3_core_functions.py:452:11: W0718: Catching too general exception Exception (broad-exception-caught)
backend\test_phase3_core_functions.py:453:8: W1203: Use lazy % formatting in logging functions (logging-fstring-interpolation)
************* Module backend.test_phase_4_analytics
backend\test_phase_4_analytics.py:27:28: C0303: Trailing whitespace (trailing-whitespace)
backend\test_phase_4_analytics.py:28:32: C0303: Trailing whitespace (trailing-whitespace)
backend\test_phase_4_analytics.py:40:0: C0303: Trailing whitespace (trailing-whitespace)
backend\test_phase_4_analytics.py:45:0: C0303: Trailing whitespace (trailing-whitespace)
backend\test_phase_4_analytics.py:49:0: C0303: Trailing whitespace (trailing-whitespace)
backend\test_phase_4_analytics.py:53:0: C0303: Trailing whitespace (trailing-whitespace)
backend\test_phase_4_analytics.py:56:0: C0303: Trailing whitespace (trailing-whitespace)
backend\test_phase_4_analytics.py:64:0: C0303: Trailing whitespace (trailing-whitespace)
backend\test_phase_4_analytics.py:69:0: C0303: Trailing whitespace (trailing-whitespace)
backend\test_phase_4_analytics.py:83:0: C0303: Trailing whitespace (trailing-whitespace)
backend\test_phase_4_analytics.py:87:51: C0303: Trailing whitespace (trailing-whitespace)
backend\test_phase_4_analytics.py:99:0: C0303: Trailing whitespace (trailing-whitespace)
backend\test_phase_4_analytics.py:109:0: C0303: Trailing whitespace (trailing-whitespace)
backend\test_phase_4_analytics.py:120:0: C0303: Trailing whitespace (trailing-whitespace)
backend\test_phase_4_analytics.py:126:0: C0303: Trailing whitespace (trailing-whitespace)
backend\test_phase_4_analytics.py:128:0: C0303: Trailing whitespace (trailing-whitespace)
backend\test_phase_4_analytics.py:132:0: C0303: Trailing whitespace (trailing-whitespace)
backend\test_phase_4_analytics.py:140:0: C0303: Trailing whitespace (trailing-whitespace)
backend\test_phase_4_analytics.py:144:0: C0303: Trailing whitespace (trailing-whitespace)
backend\test_phase_4_analytics.py:151:0: C0303: Trailing whitespace (trailing-whitespace)
backend\test_phase_4_analytics.py:155:0: C0303: Trailing whitespace (trailing-whitespace)
backend\test_phase_4_analytics.py:160:0: C0303: Trailing whitespace (trailing-whitespace)
backend\test_phase_4_analytics.py:165:0: C0303: Trailing whitespace (trailing-whitespace)
backend\test_phase_4_analytics.py:170:0: C0303: Trailing whitespace (trailing-whitespace)
backend\test_phase_4_analytics.py:176:0: C0303: Trailing whitespace (trailing-whitespace)
backend\test_phase_4_analytics.py:180:0: C0303: Trailing whitespace (trailing-whitespace)
backend\test_phase_4_analytics.py:183:0: C0303: Trailing whitespace (trailing-whitespace)
backend\test_phase_4_analytics.py:192:0: C0303: Trailing whitespace (trailing-whitespace)
backend\test_phase_4_analytics.py:195:0: C0301: Line too long (109/100) (line-too-long)
backend\test_phase_4_analytics.py:196:0: C0303: Trailing whitespace (trailing-whitespace)
backend\test_phase_4_analytics.py:199:0: C0303: Trailing whitespace (trailing-whitespace)
backend\test_phase_4_analytics.py:204:0: C0303: Trailing whitespace (trailing-whitespace)
backend\test_phase_4_analytics.py:206:0: C0303: Trailing whitespace (trailing-whitespace)
backend\test_phase_4_analytics.py:210:0: C0303: Trailing whitespace (trailing-whitespace)
backend\test_phase_4_analytics.py:217:0: C0303: Trailing whitespace (trailing-whitespace)
backend\test_phase_4_analytics.py:220:0: C0303: Trailing whitespace (trailing-whitespace)
backend\test_phase_4_analytics.py:226:0: C0303: Trailing whitespace (trailing-whitespace)
backend\test_phase_4_analytics.py:230:0: C0303: Trailing whitespace (trailing-whitespace)
backend\test_phase_4_analytics.py:236:0: C0303: Trailing whitespace (trailing-whitespace)
backend\test_phase_4_analytics.py:241:0: C0303: Trailing whitespace (trailing-whitespace)
backend\test_phase_4_analytics.py:245:0: C0303: Trailing whitespace (trailing-whitespace)
backend\test_phase_4_analytics.py:254:0: C0303: Trailing whitespace (trailing-whitespace)
backend\test_phase_4_analytics.py:256:0: C0303: Trailing whitespace (trailing-whitespace)
backend\test_phase_4_analytics.py:259:0: C0303: Trailing whitespace (trailing-whitespace)
backend\test_phase_4_analytics.py:267:0: C0303: Trailing whitespace (trailing-whitespace)
backend\test_phase_4_analytics.py:269:0: C0303: Trailing whitespace (trailing-whitespace)
backend\test_phase_4_analytics.py:272:0: C0303: Trailing whitespace (trailing-whitespace)
backend\test_phase_4_analytics.py:280:0: C0303: Trailing whitespace (trailing-whitespace)
backend\test_phase_4_analytics.py:282:0: C0303: Trailing whitespace (trailing-whitespace)
backend\test_phase_4_analytics.py:287:0: C0303: Trailing whitespace (trailing-whitespace)
backend\test_phase_4_analytics.py:291:0: C0303: Trailing whitespace (trailing-whitespace)
backend\test_phase_4_analytics.py:296:0: C0303: Trailing whitespace (trailing-whitespace)
backend\test_phase_4_analytics.py:304:0: C0303: Trailing whitespace (trailing-whitespace)
backend\test_phase_4_analytics.py:307:0: C0303: Trailing whitespace (trailing-whitespace)
backend\test_phase_4_analytics.py:312:0: C0303: Trailing whitespace (trailing-whitespace)
backend\test_phase_4_analytics.py:316:0: C0301: Line too long (101/100) (line-too-long)
backend\test_phase_4_analytics.py:318:0: C0301: Line too long (102/100) (line-too-long)
backend\test_phase_4_analytics.py:320:0: C0303: Trailing whitespace (trailing-whitespace)
backend\test_phase_4_analytics.py:326:0: C0303: Trailing whitespace (trailing-whitespace)
backend\test_phase_4_analytics.py:328:0: C0303: Trailing whitespace (trailing-whitespace)
backend\test_phase_4_analytics.py:331:0: C0303: Trailing whitespace (trailing-whitespace)
backend\test_phase_4_analytics.py:339:0: C0303: Trailing whitespace (trailing-whitespace)
backend\test_phase_4_analytics.py:344:0: C0303: Trailing whitespace (trailing-whitespace)
backend\test_phase_4_analytics.py:348:0: C0303: Trailing whitespace (trailing-whitespace)
backend\test_phase_4_analytics.py:356:0: C0303: Trailing whitespace (trailing-whitespace)
backend\test_phase_4_analytics.py:360:0: C0303: Trailing whitespace (trailing-whitespace)
backend\test_phase_4_analytics.py:364:0: C0303: Trailing whitespace (trailing-whitespace)
backend\test_phase_4_analytics.py:368:0: C0303: Trailing whitespace (trailing-whitespace)
backend\test_phase_4_analytics.py:376:0: C0303: Trailing whitespace (trailing-whitespace)
backend\test_phase_4_analytics.py:381:0: C0303: Trailing whitespace (trailing-whitespace)
backend\test_phase_4_analytics.py:386:0: C0303: Trailing whitespace (trailing-whitespace)
backend\test_phase_4_analytics.py:392:0: C0303: Trailing whitespace (trailing-whitespace)
backend\test_phase_4_analytics.py:396:0: C0303: Trailing whitespace (trailing-whitespace)
backend\test_phase_4_analytics.py:401:0: C0303: Trailing whitespace (trailing-whitespace)
backend\test_phase_4_analytics.py:405:0: C0303: Trailing whitespace (trailing-whitespace)
backend\test_phase_4_analytics.py:411:0: C0303: Trailing whitespace (trailing-whitespace)
backend\test_phase_4_analytics.py:413:0: C0303: Trailing whitespace (trailing-whitespace)
backend\test_phase_4_analytics.py:421:0: C0303: Trailing whitespace (trailing-whitespace)
backend\test_phase_4_analytics.py:425:0: C0303: Trailing whitespace (trailing-whitespace)
backend\test_phase_4_analytics.py:429:0: C0303: Trailing whitespace (trailing-whitespace)
backend\test_phase_4_analytics.py:433:0: C0303: Trailing whitespace (trailing-whitespace)
backend\test_phase_4_analytics.py:437:35: C0303: Trailing whitespace (trailing-whitespace)
backend\test_phase_4_analytics.py:440:0: C0303: Trailing whitespace (trailing-whitespace)
backend\test_phase_4_analytics.py:444:0: C0303: Trailing whitespace (trailing-whitespace)
backend\test_phase_4_analytics.py:448:0: C0303: Trailing whitespace (trailing-whitespace)
backend\test_phase_4_analytics.py:453:0: C0303: Trailing whitespace (trailing-whitespace)
backend\test_phase_4_analytics.py:459:0: C0303: Trailing whitespace (trailing-whitespace)
backend\test_phase_4_analytics.py:465:0: C0303: Trailing whitespace (trailing-whitespace)
backend\test_phase_4_analytics.py:470:0: C0303: Trailing whitespace (trailing-whitespace)
backend\test_phase_4_analytics.py:475:0: C0303: Trailing whitespace (trailing-whitespace)
backend\test_phase_4_analytics.py:478:0: C0303: Trailing whitespace (trailing-whitespace)
backend\test_phase_4_analytics.py:487:0: C0303: Trailing whitespace (trailing-whitespace)
backend\test_phase_4_analytics.py:47:23: R1732: Consider using 'with' for resource-allocating operations (consider-using-with)
backend\test_phase_4_analytics.py:67:13: W0212: Access to a protected member _get_connection of a client class (protected-access)
backend\test_phase_4_analytics.py:222:12: W0612: Unused variable 'model_name' (unused-variable)
backend\test_phase_4_analytics.py:255:20: W0212: Access to a protected member _calculate_stability_score of a client class (protected-access)
backend\test_phase_4_analytics.py:268:21: W0212: Access to a protected member _calculate_efficiency_score of a client class (protected-access)
backend\test_phase_4_analytics.py:281:28: W0212: Access to a protected member _analyze_convergence of a client class (protected-access)
backend\test_phase_4_analytics.py:290:24: W0212: Access to a protected member _get_active_models of a client class (protected-access)
backend\test_phase_4_analytics.py:306:18: W0212: Access to a protected member _calculate_optimal_weights of a client class (protected-access)
backend\test_phase_4_analytics.py:327:19: W0212: Access to a protected member _generate_trend_insights of a client class (protected-access)
backend\test_phase_4_analytics.py:345:23: R1732: Consider using 'with' for resource-allocating operations (consider-using-with)
backend\test_phase_4_analytics.py:370:24: W0212: Access to a protected member _get_active_models of a client class (protected-access)
backend\test_phase_4_analytics.py:410:8: W0212: Access to a protected member _get_connection of a client class (protected-access)
backend\test_phase_4_analytics.py:415:17: W0212: Access to a protected member _get_training_history of a client class (protected-access)
backend\test_phase_4_analytics.py:16:0: W0611: Unused import json (unused-import)
backend\test_phase_4_analytics.py:18:0: W0611: Unused patch imported from unittest.mock (unused-import)
backend\test_phase_4_analytics.py:18:0: W0611: Unused MagicMock imported from unittest.mock (unused-import)
backend\test_phase_4_analytics.py:19:0: W0611: Unused Path imported from pathlib (unused-import)
************* Module backend.test_phase_4_fixed
backend\test_phase_4_fixed.py:26:28: C0303: Trailing whitespace (trailing-whitespace)
backend\test_phase_4_fixed.py:27:32: C0303: Trailing whitespace (trailing-whitespace)
backend\test_phase_4_fixed.py:39:0: C0303: Trailing whitespace (trailing-whitespace)
backend\test_phase_4_fixed.py:44:0: C0303: Trailing whitespace (trailing-whitespace)
backend\test_phase_4_fixed.py:48:0: C0303: Trailing whitespace (trailing-whitespace)
backend\test_phase_4_fixed.py:51:0: C0303: Trailing whitespace (trailing-whitespace)
backend\test_phase_4_fixed.py:54:0: C0303: Trailing whitespace (trailing-whitespace)
backend\test_phase_4_fixed.py:57:0: C0303: Trailing whitespace (trailing-whitespace)
backend\test_phase_4_fixed.py:65:0: C0303: Trailing whitespace (trailing-whitespace)
backend\test_phase_4_fixed.py:70:0: C0303: Trailing whitespace (trailing-whitespace)
backend\test_phase_4_fixed.py:72:0: C0303: Trailing whitespace (trailing-whitespace)
backend\test_phase_4_fixed.py:76:51: C0303: Trailing whitespace (trailing-whitespace)
backend\test_phase_4_fixed.py:88:0: C0303: Trailing whitespace (trailing-whitespace)
backend\test_phase_4_fixed.py:98:0: C0303: Trailing whitespace (trailing-whitespace)
backend\test_phase_4_fixed.py:105:0: C0303: Trailing whitespace (trailing-whitespace)
backend\test_phase_4_fixed.py:111:0: C0303: Trailing whitespace (trailing-whitespace)
backend\test_phase_4_fixed.py:121:0: C0303: Trailing whitespace (trailing-whitespace)
backend\test_phase_4_fixed.py:127:0: C0303: Trailing whitespace (trailing-whitespace)
backend\test_phase_4_fixed.py:132:0: C0303: Trailing whitespace (trailing-whitespace)
backend\test_phase_4_fixed.py:138:0: C0303: Trailing whitespace (trailing-whitespace)
backend\test_phase_4_fixed.py:140:0: C0303: Trailing whitespace (trailing-whitespace)
backend\test_phase_4_fixed.py:144:0: C0303: Trailing whitespace (trailing-whitespace)
backend\test_phase_4_fixed.py:147:0: C0303: Trailing whitespace (trailing-whitespace)
backend\test_phase_4_fixed.py:154:0: C0303: Trailing whitespace (trailing-whitespace)
backend\test_phase_4_fixed.py:180:0: C0303: Trailing whitespace (trailing-whitespace)
backend\test_phase_4_fixed.py:184:0: C0303: Trailing whitespace (trailing-whitespace)
backend\test_phase_4_fixed.py:191:0: C0303: Trailing whitespace (trailing-whitespace)
backend\test_phase_4_fixed.py:221:0: C0303: Trailing whitespace (trailing-whitespace)
backend\test_phase_4_fixed.py:222:0: C0301: Line too long (109/100) (line-too-long)
backend\test_phase_4_fixed.py:224:0: C0303: Trailing whitespace (trailing-whitespace)
backend\test_phase_4_fixed.py:228:0: C0303: Trailing whitespace (trailing-whitespace)
backend\test_phase_4_fixed.py:233:0: C0303: Trailing whitespace (trailing-whitespace)
backend\test_phase_4_fixed.py:261:0: C0303: Trailing whitespace (trailing-whitespace)
backend\test_phase_4_fixed.py:264:0: C0303: Trailing whitespace (trailing-whitespace)
backend\test_phase_4_fixed.py:265:0: C0301: Line too long (109/100) (line-too-long)
backend\test_phase_4_fixed.py:266:0: C0301: Line too long (102/100) (line-too-long)
backend\test_phase_4_fixed.py:267:0: C0303: Trailing whitespace (trailing-whitespace)
backend\test_phase_4_fixed.py:270:0: C0303: Trailing whitespace (trailing-whitespace)
backend\test_phase_4_fixed.py:277:0: C0303: Trailing whitespace (trailing-whitespace)
backend\test_phase_4_fixed.py:283:0: C0303: Trailing whitespace (trailing-whitespace)
backend\test_phase_4_fixed.py:287:0: C0303: Trailing whitespace (trailing-whitespace)
backend\test_phase_4_fixed.py:293:0: C0303: Trailing whitespace (trailing-whitespace)
backend\test_phase_4_fixed.py:297:0: C0303: Trailing whitespace (trailing-whitespace)
backend\test_phase_4_fixed.py:303:0: C0303: Trailing whitespace (trailing-whitespace)
backend\test_phase_4_fixed.py:312:0: C0303: Trailing whitespace (trailing-whitespace)
backend\test_phase_4_fixed.py:315:0: C0303: Trailing whitespace (trailing-whitespace)
backend\test_phase_4_fixed.py:322:0: C0303: Trailing whitespace (trailing-whitespace)
backend\test_phase_4_fixed.py:325:0: C0303: Trailing whitespace (trailing-whitespace)
backend\test_phase_4_fixed.py:333:0: C0303: Trailing whitespace (trailing-whitespace)
backend\test_phase_4_fixed.py:337:0: C0303: Trailing whitespace (trailing-whitespace)
backend\test_phase_4_fixed.py:342:0: C0303: Trailing whitespace (trailing-whitespace)
backend\test_phase_4_fixed.py:345:0: C0303: Trailing whitespace (trailing-whitespace)
backend\test_phase_4_fixed.py:356:0: C0303: Trailing whitespace (trailing-whitespace)
backend\test_phase_4_fixed.py:370:0: C0303: Trailing whitespace (trailing-whitespace)
backend\test_phase_4_fixed.py:379:0: C0303: Trailing whitespace (trailing-whitespace)
backend\test_phase_4_fixed.py:385:0: C0303: Trailing whitespace (trailing-whitespace)
backend\test_phase_4_fixed.py:401:0: C0303: Trailing whitespace (trailing-whitespace)
backend\test_phase_4_fixed.py:405:0: C0303: Trailing whitespace (trailing-whitespace)
backend\test_phase_4_fixed.py:409:0: C0303: Trailing whitespace (trailing-whitespace)
backend\test_phase_4_fixed.py:413:0: C0303: Trailing whitespace (trailing-whitespace)
backend\test_phase_4_fixed.py:417:0: C0303: Trailing whitespace (trailing-whitespace)
backend\test_phase_4_fixed.py:421:0: C0303: Trailing whitespace (trailing-whitespace)
backend\test_phase_4_fixed.py:426:0: C0303: Trailing whitespace (trailing-whitespace)
backend\test_phase_4_fixed.py:432:0: C0303: Trailing whitespace (trailing-whitespace)
backend\test_phase_4_fixed.py:438:0: C0303: Trailing whitespace (trailing-whitespace)
backend\test_phase_4_fixed.py:444:0: C0303: Trailing whitespace (trailing-whitespace)
backend\test_phase_4_fixed.py:450:0: C0303: Trailing whitespace (trailing-whitespace)
backend\test_phase_4_fixed.py:453:0: C0303: Trailing whitespace (trailing-whitespace)
backend\test_phase_4_fixed.py:462:0: C0303: Trailing whitespace (trailing-whitespace)
backend\test_phase_4_fixed.py:46:23: R1732: Consider using 'with' for resource-allocating operations (consider-using-with)
backend\test_phase_4_fixed.py:68:13: W0212: Access to a protected member _get_connection of a client class (protected-access)
backend\test_phase_4_fixed.py:143:18: W0212: Access to a protected member _get_training_history of a client class (protected-access)
backend\test_phase_4_fixed.py:295:28: W0212: Access to a protected member _get_active_models of a client class (protected-access)
backend\test_phase_4_fixed.py:281:24: R1732: Consider using 'with' for resource-allocating operations (consider-using-with)
backend\test_phase_4_fixed.py:313:20: W0212: Access to a protected member _calculate_stability_score of a client class (protected-access)
backend\test_phase_4_fixed.py:323:20: W0212: Access to a protected member _calculate_stability_score of a client class (protected-access)
backend\test_phase_4_fixed.py:334:21: W0212: Access to a protected member _calculate_efficiency_score of a client class (protected-access)
backend\test_phase_4_fixed.py:343:21: W0212: Access to a protected member _calculate_efficiency_score of a client class (protected-access)
backend\test_phase_4_fixed.py:376:19: W0718: Catching too general exception Exception (broad-exception-caught)
backend\test_phase_4_fixed.py:395:15: W0718: Catching too general exception Exception (broad-exception-caught)
backend\test_phase_4_fixed.py:389:17: W0212: Access to a protected member _get_connection of a client class (protected-access)
backend\test_phase_4_fixed.py:14:0: W0611: Unused import sqlite3 (unused-import)
backend\test_phase_4_fixed.py:15:0: W0611: Unused import json (unused-import)
backend\test_phase_4_fixed.py:17:0: W0611: Unused Mock imported from unittest.mock (unused-import)
backend\test_phase_4_fixed.py:17:0: W0611: Unused MagicMock imported from unittest.mock (unused-import)
backend\test_phase_4_fixed.py:18:0: W0611: Unused Path imported from pathlib (unused-import)
************* Module backend.test_server_unit
backend\test_server_unit.py:18:0: C0303: Trailing whitespace (trailing-whitespace)
backend\test_server_unit.py:23:0: C0303: Trailing whitespace (trailing-whitespace)
backend\test_server_unit.py:30:0: C0303: Trailing whitespace (trailing-whitespace)
backend\test_server_unit.py:40:0: C0303: Trailing whitespace (trailing-whitespace)
backend\test_server_unit.py:47:0: C0303: Trailing whitespace (trailing-whitespace)
backend\test_server_unit.py:53:0: C0303: Trailing whitespace (trailing-whitespace)
backend\test_server_unit.py:58:0: C0303: Trailing whitespace (trailing-whitespace)
backend\test_server_unit.py:61:0: C0303: Trailing whitespace (trailing-whitespace)
backend\test_server_unit.py:70:0: C0303: Trailing whitespace (trailing-whitespace)
backend\test_server_unit.py:73:0: C0303: Trailing whitespace (trailing-whitespace)
backend\test_server_unit.py:76:0: C0303: Trailing whitespace (trailing-whitespace)
backend\test_server_unit.py:81:0: C0303: Trailing whitespace (trailing-whitespace)
backend\test_server_unit.py:85:0: C0303: Trailing whitespace (trailing-whitespace)
backend\test_server_unit.py:89:0: C0303: Trailing whitespace (trailing-whitespace)
backend\test_server_unit.py:91:0: C0303: Trailing whitespace (trailing-whitespace)
backend\test_server_unit.py:96:0: C0303: Trailing whitespace (trailing-whitespace)
backend\test_server_unit.py:100:0: C0303: Trailing whitespace (trailing-whitespace)
backend\test_server_unit.py:105:0: C0303: Trailing whitespace (trailing-whitespace)
backend\test_server_unit.py:107:0: C0303: Trailing whitespace (trailing-whitespace)
backend\test_server_unit.py:112:0: C0303: Trailing whitespace (trailing-whitespace)
backend\test_server_unit.py:116:0: C0303: Trailing whitespace (trailing-whitespace)
backend\test_server_unit.py:119:0: C0303: Trailing whitespace (trailing-whitespace)
backend\test_server_unit.py:121:0: C0303: Trailing whitespace (trailing-whitespace)
backend\test_server_unit.py:126:0: C0303: Trailing whitespace (trailing-whitespace)
backend\test_server_unit.py:129:67: C0303: Trailing whitespace (trailing-whitespace)
backend\test_server_unit.py:137:0: C0303: Trailing whitespace (trailing-whitespace)
backend\test_server_unit.py:139:0: C0303: Trailing whitespace (trailing-whitespace)
backend\test_server_unit.py:144:0: C0303: Trailing whitespace (trailing-whitespace)
backend\test_server_unit.py:149:0: C0303: Trailing whitespace (trailing-whitespace)
backend\test_server_unit.py:152:0: C0303: Trailing whitespace (trailing-whitespace)
backend\test_server_unit.py:158:0: C0303: Trailing whitespace (trailing-whitespace)
backend\test_server_unit.py:162:0: C0303: Trailing whitespace (trailing-whitespace)
backend\test_server_unit.py:183:0: C0303: Trailing whitespace (trailing-whitespace)
backend\test_server_unit.py:186:0: C0303: Trailing whitespace (trailing-whitespace)
backend\test_server_unit.py:190:0: C0303: Trailing whitespace (trailing-whitespace)
backend\test_server_unit.py:194:0: C0303: Trailing whitespace (trailing-whitespace)
backend\test_server_unit.py:204:0: C0303: Trailing whitespace (trailing-whitespace)
backend\test_server_unit.py:208:0: C0303: Trailing whitespace (trailing-whitespace)
backend\test_server_unit.py:21:23: R1732: Consider using 'with' for resource-allocating operations (consider-using-with)
backend\test_server_unit.py:28:8: W0702: No exception type(s) specified (bare-except)
backend\test_server_unit.py:38:15: W0718: Catching too general exception Exception (broad-exception-caught)
backend\test_server_unit.py:34:12: C0415: Import outside toplevel (server) (import-outside-toplevel)
backend\test_server_unit.py:34:12: E0401: Unable to import 'server' (import-error)
backend\test_server_unit.py:43:8: C0415: Import outside toplevel (server) (import-outside-toplevel)
backend\test_server_unit.py:43:8: E0401: Unable to import 'server' (import-error)
backend\test_server_unit.py:50:8: C0415: Import outside toplevel (server) (import-outside-toplevel)
backend\test_server_unit.py:50:8: E0401: Unable to import 'server' (import-error)
backend\test_server_unit.py:56:8: C0415: Import outside toplevel (server) (import-outside-toplevel)
backend\test_server_unit.py:56:8: E0401: Unable to import 'server' (import-error)
backend\test_server_unit.py:79:8: C0415: Import outside toplevel (server) (import-outside-toplevel)
backend\test_server_unit.py:79:8: E0401: Unable to import 'server' (import-error)
backend\test_server_unit.py:94:8: C0415: Import outside toplevel (server) (import-outside-toplevel)
backend\test_server_unit.py:94:8: E0401: Unable to import 'server' (import-error)
backend\test_server_unit.py:110:8: C0415: Import outside toplevel (server) (import-outside-toplevel)
backend\test_server_unit.py:110:8: E0401: Unable to import 'server' (import-error)
backend\test_server_unit.py:124:8: C0415: Import outside toplevel (server) (import-outside-toplevel)
backend\test_server_unit.py:124:8: E0401: Unable to import 'server' (import-error)
backend\test_server_unit.py:142:8: C0415: Import outside toplevel (server) (import-outside-toplevel)
backend\test_server_unit.py:142:8: E0401: Unable to import 'server' (import-error)
backend\test_server_unit.py:161:8: C0415: Import outside toplevel (server) (import-outside-toplevel)
backend\test_server_unit.py:161:8: E0401: Unable to import 'server' (import-error)
backend\test_server_unit.py:214:4: R1722: Consider using 'sys.exit' instead (consider-using-sys-exit)
backend\test_server_unit.py:10:0: W0611: Unused patch imported from unittest.mock (unused-import)
backend\test_server_unit.py:10:0: W0611: Unused MagicMock imported from unittest.mock (unused-import)
************* Module backend.trainer
backend\trainer.py:25:0: C0303: Trailing whitespace (trailing-whitespace)
backend\trainer.py:46:0: C0303: Trailing whitespace (trailing-whitespace)
backend\trainer.py:50:0: C0303: Trailing whitespace (trailing-whitespace)
backend\trainer.py:71:0: C0303: Trailing whitespace (trailing-whitespace)
backend\trainer.py:74:0: C0303: Trailing whitespace (trailing-whitespace)
backend\trainer.py:78:0: C0303: Trailing whitespace (trailing-whitespace)
backend\trainer.py:81:88: C0303: Trailing whitespace (trailing-whitespace)
backend\trainer.py:83:0: C0303: Trailing whitespace (trailing-whitespace)
backend\trainer.py:87:0: C0303: Trailing whitespace (trailing-whitespace)
backend\trainer.py:90:0: C0303: Trailing whitespace (trailing-whitespace)
backend\trainer.py:93:0: C0303: Trailing whitespace (trailing-whitespace)
backend\trainer.py:98:0: C0303: Trailing whitespace (trailing-whitespace)
backend\trainer.py:101:0: C0303: Trailing whitespace (trailing-whitespace)
backend\trainer.py:103:0: C0303: Trailing whitespace (trailing-whitespace)
backend\trainer.py:107:0: C0303: Trailing whitespace (trailing-whitespace)
backend\trainer.py:110:0: C0303: Trailing whitespace (trailing-whitespace)
backend\trainer.py:112:0: C0301: Line too long (106/100) (line-too-long)
backend\trainer.py:113:0: C0303: Trailing whitespace (trailing-whitespace)
backend\trainer.py:116:0: C0303: Trailing whitespace (trailing-whitespace)
backend\trainer.py:120:0: C0303: Trailing whitespace (trailing-whitespace)
backend\trainer.py:123:0: C0303: Trailing whitespace (trailing-whitespace)
backend\trainer.py:132:0: C0303: Trailing whitespace (trailing-whitespace)
backend\trainer.py:137:0: C0303: Trailing whitespace (trailing-whitespace)
backend\trainer.py:142:0: C0303: Trailing whitespace (trailing-whitespace)
backend\trainer.py:145:0: C0303: Trailing whitespace (trailing-whitespace)
backend\trainer.py:152:0: C0303: Trailing whitespace (trailing-whitespace)
backend\trainer.py:153:22: C0303: Trailing whitespace (trailing-whitespace)
backend\trainer.py:171:0: C0303: Trailing whitespace (trailing-whitespace)
backend\trainer.py:174:0: C0303: Trailing whitespace (trailing-whitespace)
backend\trainer.py:179:0: C0303: Trailing whitespace (trailing-whitespace)
backend\trainer.py:181:0: C0303: Trailing whitespace (trailing-whitespace)
backend\trainer.py:198:0: C0303: Trailing whitespace (trailing-whitespace)
backend\trainer.py:200:0: C0303: Trailing whitespace (trailing-whitespace)
backend\trainer.py:206:0: C0303: Trailing whitespace (trailing-whitespace)
backend\trainer.py:220:0: C0303: Trailing whitespace (trailing-whitespace)
backend\trainer.py:222:0: C0303: Trailing whitespace (trailing-whitespace)
backend\trainer.py:227:0: C0303: Trailing whitespace (trailing-whitespace)
backend\trainer.py:231:0: C0303: Trailing whitespace (trailing-whitespace)
backend\trainer.py:239:0: C0303: Trailing whitespace (trailing-whitespace)
backend\trainer.py:243:0: C0303: Trailing whitespace (trailing-whitespace)
backend\trainer.py:246:0: C0303: Trailing whitespace (trailing-whitespace)
backend\trainer.py:252:0: C0303: Trailing whitespace (trailing-whitespace)
backend\trainer.py:254:0: C0303: Trailing whitespace (trailing-whitespace)
backend\trainer.py:259:0: C0303: Trailing whitespace (trailing-whitespace)
backend\trainer.py:261:0: C0303: Trailing whitespace (trailing-whitespace)
backend\trainer.py:266:0: C0303: Trailing whitespace (trailing-whitespace)
backend\trainer.py:269:0: C0303: Trailing whitespace (trailing-whitespace)
backend\trainer.py:273:0: C0303: Trailing whitespace (trailing-whitespace)
backend\trainer.py:277:0: C0303: Trailing whitespace (trailing-whitespace)
backend\trainer.py:279:0: C0303: Trailing whitespace (trailing-whitespace)
backend\trainer.py:282:0: C0303: Trailing whitespace (trailing-whitespace)
backend\trainer.py:285:0: C0303: Trailing whitespace (trailing-whitespace)
backend\trainer.py:291:0: C0303: Trailing whitespace (trailing-whitespace)
backend\trainer.py:294:0: C0303: Trailing whitespace (trailing-whitespace)
backend\trainer.py:298:0: C0303: Trailing whitespace (trailing-whitespace)
backend\trainer.py:300:0: C0303: Trailing whitespace (trailing-whitespace)
backend\trainer.py:309:0: C0303: Trailing whitespace (trailing-whitespace)
backend\trainer.py:314:0: C0303: Trailing whitespace (trailing-whitespace)
backend\trainer.py:318:0: C0303: Trailing whitespace (trailing-whitespace)
backend\trainer.py:325:0: C0303: Trailing whitespace (trailing-whitespace)
backend\trainer.py:332:0: C0303: Trailing whitespace (trailing-whitespace)
backend\trainer.py:336:0: C0303: Trailing whitespace (trailing-whitespace)
backend\trainer.py:341:0: C0303: Trailing whitespace (trailing-whitespace)
backend\trainer.py:351:0: C0303: Trailing whitespace (trailing-whitespace)
backend\trainer.py:357:0: C0303: Trailing whitespace (trailing-whitespace)
backend\trainer.py:359:0: C0303: Trailing whitespace (trailing-whitespace)
backend\trainer.py:360:0: C0301: Line too long (103/100) (line-too-long)
backend\trainer.py:369:0: C0303: Trailing whitespace (trailing-whitespace)
backend\trainer.py:376:0: C0303: Trailing whitespace (trailing-whitespace)
backend\trainer.py:379:0: C0301: Line too long (108/100) (line-too-long)
backend\trainer.py:381:0: C0303: Trailing whitespace (trailing-whitespace)
backend\trainer.py:383:0: C0303: Trailing whitespace (trailing-whitespace)
backend\trainer.py:391:0: C0303: Trailing whitespace (trailing-whitespace)
backend\trainer.py:397:0: C0303: Trailing whitespace (trailing-whitespace)
backend\trainer.py:401:0: C0303: Trailing whitespace (trailing-whitespace)
backend\trainer.py:406:0: C0303: Trailing whitespace (trailing-whitespace)
backend\trainer.py:408:0: C0303: Trailing whitespace (trailing-whitespace)
backend\trainer.py:411:0: C0301: Line too long (111/100) (line-too-long)
backend\trainer.py:412:0: C0303: Trailing whitespace (trailing-whitespace)
backend\trainer.py:416:0: C0303: Trailing whitespace (trailing-whitespace)
backend\trainer.py:424:0: C0303: Trailing whitespace (trailing-whitespace)
backend\trainer.py:428:0: C0303: Trailing whitespace (trailing-whitespace)
backend\trainer.py:436:0: C0303: Trailing whitespace (trailing-whitespace)
backend\trainer.py:438:0: C0303: Trailing whitespace (trailing-whitespace)
backend\trainer.py:443:0: C0303: Trailing whitespace (trailing-whitespace)
backend\trainer.py:447:0: C0303: Trailing whitespace (trailing-whitespace)
backend\trainer.py:453:0: C0303: Trailing whitespace (trailing-whitespace)
backend\trainer.py:465:0: C0303: Trailing whitespace (trailing-whitespace)
backend\trainer.py:18:0: E0401: Unable to import 'agent' (import-error)
backend\trainer.py:19:0: E0401: Unable to import 'memory_store' (import-error)
backend\trainer.py:23:0: R0902: Too many instance attributes (8/7) (too-many-instance-attributes)
backend\trainer.py:26:4: R0913: Too many arguments (9/5) (too-many-arguments)
backend\trainer.py:26:4: R0917: Too many positional arguments (9/5) (too-many-positional-arguments)
backend\trainer.py:23:0: R0903: Too few public methods (0/2) (too-few-public-methods)
backend\trainer.py:72:12: W1203: Use lazy % formatting in logging functions (logging-fstring-interpolation)
backend\trainer.py:76:12: W1203: Use lazy % formatting in logging functions (logging-fstring-interpolation)
backend\trainer.py:100:12: W1203: Use lazy % formatting in logging functions (logging-fstring-interpolation)
backend\trainer.py:146:8: W1203: Use lazy % formatting in logging functions (logging-fstring-interpolation)
backend\trainer.py:180:8: W1203: Use lazy % formatting in logging functions (logging-fstring-interpolation)
backend\trainer.py:199:8: W1203: Use lazy % formatting in logging functions (logging-fstring-interpolation)
backend\trainer.py:253:12: W1203: Use lazy % formatting in logging functions (logging-fstring-interpolation)
backend\trainer.py:256:12: W1203: Use lazy % formatting in logging functions (logging-fstring-interpolation)
backend\trainer.py:262:4: R0914: Too many local variables (23/15) (too-many-locals)
backend\trainer.py:268:9: C0103: Variable name "X_white" doesn't conform to snake_case naming style (invalid-name)
backend\trainer.py:268:18: C0103: Variable name "X_powerball" doesn't conform to snake_case naming style (invalid-name)
backend\trainer.py:335:16: W1203: Use lazy % formatting in logging functions (logging-fstring-interpolation)
backend\trainer.py:339:16: W1203: Use lazy % formatting in logging functions (logging-fstring-interpolation)
backend\trainer.py:356:12: W1203: Use lazy % formatting in logging functions (logging-fstring-interpolation)
backend\trainer.py:262:4: R0912: Too many branches (14/12) (too-many-branches)
backend\trainer.py:262:4: R0915: Too many statements (53/50) (too-many-statements)
backend\trainer.py:402:4: R0914: Too many local variables (16/15) (too-many-locals)
backend\trainer.py:407:8: W1203: Use lazy % formatting in logging functions (logging-fstring-interpolation)
backend\trainer.py:411:9: C0103: Variable name "X_white_test" doesn't conform to snake_case naming style (invalid-name)
backend\trainer.py:411:23: C0103: Variable name "X_powerball_test" doesn't conform to snake_case naming style (invalid-name)
backend\trainer.py:9:0: C0411: standard import "logging" should be placed before third party imports "torch", "numpy", "pandas" (wrong-import-order)
backend\trainer.py:10:0: C0411: standard import "typing.Dict" should be placed before third party imports "torch", "numpy", "pandas" (wrong-import-order)
backend\trainer.py:11:0: C0411: standard import "datetime.datetime" should be placed before third party imports "torch", "numpy", "pandas" (wrong-import-order)
backend\trainer.py:12:0: C0411: standard import "json" should be placed before third party imports "torch", "numpy", "pandas" (wrong-import-order)
backend\trainer.py:13:0: C0411: standard import "os" should be placed before third party imports "torch", "numpy", "pandas" (wrong-import-order)
backend\trainer.py:7:0: W0611: Unused numpy imported as np (unused-import)
backend\trainer.py:10:0: W0611: Unused Tuple imported from typing (unused-import)
backend\trainer.py:10:0: W0611: Unused Callable imported from typing (unused-import)
backend\trainer.py:11:0: W0611: Unused timedelta imported from datetime (unused-import)
backend\trainer.py:12:0: W0611: Unused import json (unused-import)
backend\trainer.py:14:0: W0611: Unused train_test_split imported from sklearn.model_selection (unused-import)
backend\trainer.py:16:0: W0611: Unused accuracy_score imported from sklearn.metrics (unused-import)
backend\trainer.py:16:0: W0611: Unused precision_score imported from sklearn.metrics (unused-import)
backend\trainer.py:16:0: W0611: Unused recall_score imported from sklearn.metrics (unused-import)
backend\trainer.py:16:0: W0611: Unused f1_score imported from sklearn.metrics (unused-import)
backend\trainer.py:18:0: W0611: Unused PowerballNet imported from agent (unused-import)
************* Module backend.trainer_fixed
backend\trainer_fixed.py:1:0: R0801: Similar lines in 2 files
==backend.test_integration_basic:[347:385]
==backend.test_integration_simplified:[336:373]
    start_time = time.time()
    result = runner.run(suite)
    end_time = time.time()

    # Print summary
    print("\n" + "=" * 80)
    print("≡ƒôè INTEGRATION TEST SUMMARY")
    print("=" * 80)

    total_tests = result.testsRun
    failures = len(result.failures)
    errors = len(result.errors)
    passed = total_tests - failures - errors

    print(f"Total Tests: {total_tests}")
    print(f"Γ£à Passed: {passed}")
    print(f"Γ¥î Failed: {failures}")
    print(f"≡ƒöÑ Errors: {errors}")
    print(f"ΓÅ▒∩╕Å  Duration: {end_time - start_time:.2f}s")

    success_rate = (passed / total_tests * 100) if total_tests > 0 else 0
    print(f"≡ƒÄ» Success Rate: {success_rate:.1f}%")

    if result.failures:
        print("\n≡ƒôï FAILURES:")
        for test, traceback in result.failures:
            print(f"  - {test}")

    if result.errors:
        print("\n≡ƒöÑ ERRORS:")
        for test, traceback in result.errors:
            print(f"  - {test}")

    # Final assessment
    if success_rate >= 90:
        print("\n≡ƒîƒ EXCELLENT: Integration tests passed with high success rate!")
        print("≡ƒÜÇ Phase 4 Cross-Model Analytics is ready for production!")
    elif success_rate >= 70: (duplicate-code)
backend\trainer_fixed.py:1:0: R0801: Similar lines in 2 files
==backend.test_integration_basic:[347:383]
==backend.test_integration_phase_4:[465:500]
    start_time = time.time()
    result = runner.run(suite)
    end_time = time.time()

    # Print summary
    print("\n" + "=" * 80)
    print("≡ƒôè INTEGRATION TEST SUMMARY")
    print("=" * 80)

    total_tests = result.testsRun
    failures = len(result.failures)
    errors = len(result.errors)
    passed = total_tests - failures - errors

    print(f"Total Tests: {total_tests}")
    print(f"Γ£à Passed: {passed}")
    print(f"Γ¥î Failed: {failures}")
    print(f"≡ƒöÑ Errors: {errors}")
    print(f"ΓÅ▒∩╕Å  Duration: {end_time - start_time:.2f}s")

    success_rate = (passed / total_tests * 100) if total_tests > 0 else 0
    print(f"≡ƒÄ» Success Rate: {success_rate:.1f}%")

    if result.failures:
        print("\n≡ƒôï FAILURES:")
        for test, traceback in result.failures:
            print(f"  - {test}")

    if result.errors:
        print("\n≡ƒöÑ ERRORS:")
        for test, traceback in result.errors:
            print(f"  - {test}")

    if success_rate >= 90:
        print("\n≡ƒîƒ EXCELLENT: Integration tests passed with high success rate!") (duplicate-code)
backend\trainer_fixed.py:1:0: R0801: Similar lines in 2 files
==backend.test_integration_phase_4:[120:154]
==backend.test_integration_simplified:[56:88]
        current_time = datetime.now().isoformat()

        with memory_store._get_connection() as conn:
            cursor = conn.cursor()

            # Insert comprehensive test training sessions
            test_sessions = [
                # GPT-3.5 model runs
                ('job_gpt35_001', 'gpt-3.5-turbo', 'completed',
                 (datetime.now() - timedelta(days=1)).isoformat(),
                 (datetime.now() - timedelta(days=1, hours=-2)).isoformat(),
                 100, '{"learning_rate": 0.001, "batch_size": 32}', None, current_time, current_time),
                ('job_gpt35_002', 'gpt-3.5-turbo', 'completed',
                 (datetime.now() - timedelta(days=3)).isoformat(),
                 (datetime.now() - timedelta(days=3, hours=-1.8)).isoformat(),
                 100, '{"learning_rate": 0.001, "batch_size": 32}', None, current_time, current_time),

                # GPT-4 model runs
                ('job_gpt4_001', 'gpt-4', 'completed',
                 (datetime.now() - timedelta(days=2)).isoformat(),
                 (datetime.now() - timedelta(days=2, hours=-3)).isoformat(),
                 100, '{"learning_rate": 0.0005, "batch_size": 16}', None, current_time, current_time),
                ('job_gpt4_002', 'gpt-4', 'completed',
                 (datetime.now() - timedelta(days=4)).isoformat(),
                 (datetime.now() - timedelta(days=4, hours=-2.5)).isoformat(),
                 100, '{"learning_rate": 0.0005, "batch_size": 16}', None, current_time, current_time),

                # Claude model runs
                ('job_claude_001', 'claude-3', 'completed',
                 (datetime.now() - timedelta(days=1, hours=-6)).isoformat(),
                 (datetime.now() - timedelta(days=1, hours=-8)).isoformat(),
                 100, '{"learning_rate": 0.002, "batch_size": 24}', None, current_time, current_time), (duplicate-code)
backend\trainer_fixed.py:1:0: R0801: Similar lines in 2 files
==backend.test_phase_4_analytics:[451:468]
==backend.test_phase_4_fixed:[424:441]
    print("=" * 80)

    total_tests = result.testsRun
    failures = len(result.failures)
    errors = len(result.errors)
    skipped = len(result.skipped) if hasattr(result, 'skipped') else 0
    passed = total_tests - failures - errors - skipped

    print(f"Total Tests: {total_tests}")
    print(f"Γ£à Passed: {passed}")
    print(f"Γ¥î Failed: {failures}")
    print(f"≡ƒöÑ Errors: {errors}")
    print(f"ΓÅ¡∩╕Å  Skipped: {skipped}")

    if failures > 0:
        print("\n≡ƒôï FAILURES:")
        for test, traceback in result.failures: (duplicate-code)
backend\trainer_fixed.py:1:0: R0801: Similar lines in 2 files
==backend.test_phase_4_analytics:[42:70]
==backend.test_phase_4_fixed:[41:70]
        if not DEPENDENCIES_AVAILABLE:
            self.skipTest("Dependencies not available")

        # Create temporary database
        self.temp_db = tempfile.NamedTemporaryFile(delete=False, suffix='.db')
        self.temp_db.close()

        # Initialize memory store and analytics engine
        self.memory_store = MemoryStore(self.temp_db.name)
        self.analytics = CrossModelAnalytics(self.memory_store)

        # Insert test data
        self._setup_test_data()

    def tearDown(self):
        """Clean up after each test"""
        if hasattr(self, 'temp_db'):
            try:
                os.unlink(self.temp_db.name)
            except FileNotFoundError:
                pass

    def _setup_test_data(self):
        """Insert test training data into the database"""
        with self.memory_store._get_connection() as conn:
            cursor = conn.cursor()

            # Create the training_sessions table if it doesn't exist (duplicate-code)
backend\trainer_fixed.py:1:0: R0801: Similar lines in 2 files
==backend.test_integration_basic:[36:61]
==backend.test_integration_simplified:[42:67]
        self._setup_test_data()

    def tearDown(self):
        """Clean up after each test"""
        if hasattr(self, 'temp_db'):
            try:
                os.unlink(self.temp_db.name)
            except FileNotFoundError:
                pass

    def _setup_test_data(self):
        """Create test database with sample training data"""
        memory_store = MemoryStore(self.temp_db.name)

        current_time = datetime.now().isoformat()

        with memory_store._get_connection() as conn:
            cursor = conn.cursor()

            # Insert test training sessions
            test_sessions = [
                # GPT-3.5 - good performer
                ('job_gpt35_001', 'gpt-3.5-turbo', 'completed',
                 (datetime.now() - timedelta(days=1)).isoformat(),
                 (datetime.now() - timedelta(days=1, hours=-2)).isoformat(), (duplicate-code)
backend\trainer_fixed.py:1:0: R0801: Similar lines in 2 files
==backend.test_phase_4_analytics:[475:491]
==backend.test_phase_4_fixed:[450:466]
    success_rate = (passed / total_tests) * 100 if total_tests > 0 else 0
    print(f"\n≡ƒÄ» Success Rate: {success_rate:.1f}%")

    if success_rate >= 90:
        print("≡ƒÜÇ EXCELLENT: Phase 4 implementation is highly robust!")
    elif success_rate >= 75:
        print("≡ƒæì GOOD: Phase 4 implementation is solid with minor issues")
    elif success_rate >= 50:
        print("ΓÜá∩╕Å  MODERATE: Phase 4 implementation needs attention")
    else:
        print("≡ƒÜ¿ CRITICAL: Phase 4 implementation has major issues")

    return success_rate >= 75


if __name__ == '__main__': (duplicate-code)
backend\trainer_fixed.py:1:0: R0801: Similar lines in 2 files
==backend.test_phase_4_analytics:[178:189]
==backend.test_phase_4_fixed:[265:280]
        recommendations = self.analytics.generate_ensemble_recommendations(['model_a', 'model_b'])

        self.assertIsInstance(recommendations, list)
        self.assertGreater(len(recommendations), 0)

        for rec in recommendations:
            self.assertIsInstance(rec, EnsembleRecommendation)
            self.assertEqual(len(rec.recommended_models), len(rec.weights))
            self.assertAlmostEqual(sum(rec.weights), 1.0, places=5)  # Weights should sum to 1
            self.assertGreater(rec.confidence_score, 0)
            self.assertLessEqual(rec.confidence_score, 1.0) (duplicate-code)
backend\trainer_fixed.py:1:0: R0801: Similar lines in 2 files
==backend.test_integration_simplified:[88:145]
==backend.test_phase_4_fixed:[103:142]
            ]

            cursor.executemany("""
                INSERT INTO training_sessions
                (job_id, model_name, status, start_time, end_time, progress, config, error_message, created_at, updated_at)
                VALUES (?, ?, ?, ?, ?, ?, ?, ?, ?, ?)
            """, test_sessions)

            # Insert corresponding training logs
            test_logs = [
                # GPT-3.5 logs - good performance
                ('job_gpt35_001', 10, 0.85, '{"accuracy": 0.65}', current_time),
                ('job_gpt35_001', 25, 0.45, '{"accuracy": 0.78}', current_time),
                ('job_gpt35_001', 50, 0.25, '{"accuracy": 0.85}', current_time),
                ('job_gpt35_001', 75, 0.18, '{"accuracy": 0.89}', current_time),
                ('job_gpt35_001', 100, 0.15, '{"accuracy": 0.92}', current_time),

                ('job_gpt35_002', 10, 0.80, '{"accuracy": 0.68}', current_time),
                ('job_gpt35_002', 25, 0.42, '{"accuracy": 0.80}', current_time),
                ('job_gpt35_002', 50, 0.22, '{"accuracy": 0.87}', current_time),
                ('job_gpt35_002', 75, 0.16, '{"accuracy": 0.90}', current_time),
                ('job_gpt35_002', 100, 0.14, '{"accuracy": 0.93}', current_time),

                # GPT-4 logs - excellent performance but slower
                ('job_gpt4_001', 10, 0.75, '{"accuracy": 0.70}', current_time),
                ('job_gpt4_001', 25, 0.35, '{"accuracy": 0.82}', current_time),
                ('job_gpt4_001', 50, 0.18, '{"accuracy": 0.90}', current_time),
                ('job_gpt4_001', 75, 0.12, '{"accuracy": 0.94}', current_time),
                ('job_gpt4_001', 100, 0.10, '{"accuracy": 0.96}', current_time),

                ('job_gpt4_002', 10, 0.78, '{"accuracy": 0.72}', current_time),
                ('job_gpt4_002', 25, 0.38, '{"accuracy": 0.84}', current_time),
                ('job_gpt4_002', 50, 0.20, '{"accuracy": 0.91}', current_time),
                ('job_gpt4_002', 75, 0.13, '{"accuracy": 0.95}', current_time),
                ('job_gpt4_002', 100, 0.11, '{"accuracy": 0.97}', current_time),

                # Claude logs - moderate performance, fast training
                ('job_claude_001', 10, 0.90, '{"accuracy": 0.60}', current_time),
                ('job_claude_001', 25, 0.55, '{"accuracy": 0.75}', current_time),
                ('job_claude_001', 50, 0.35, '{"accuracy": 0.82}', current_time),
                ('job_claude_001', 75, 0.28, '{"accuracy": 0.86}', current_time),
                ('job_claude_001', 100, 0.25, '{"accuracy": 0.88}', current_time),
            ]

            cursor.executemany("""
                INSERT INTO training_logs
                (job_id, epoch, loss, metrics, timestamp)
                VALUES (?, ?, ?, ?, ?)
            """, test_logs)

            conn.commit()

        # Note: In a real test environment, we would properly inject this test data
        # For now, we'll use direct method calls to test the analytics engine

    def test_01_flask_app_health(self):
        """Test that the Flask app responds to health checks""" (duplicate-code)
backend\trainer_fixed.py:1:0: R0801: Similar lines in 2 files
==backend.test_integration_basic:[74:104]
==backend.test_integration_phase_4:[158:218]
            ]

            cursor.executemany("""
                INSERT INTO training_sessions
                (job_id, model_name, status, start_time, end_time, progress, config, error_message, created_at, updated_at)
                VALUES (?, ?, ?, ?, ?, ?, ?, ?, ?, ?)
            """, test_sessions)

            # Insert corresponding training logs
            test_logs = [
                # GPT-3.5 logs - good performance
                ('job_gpt35_001', 10, 0.85, '{"accuracy": 0.65}', current_time),
                ('job_gpt35_001', 25, 0.45, '{"accuracy": 0.78}', current_time),
                ('job_gpt35_001', 50, 0.25, '{"accuracy": 0.85}', current_time),
                ('job_gpt35_001', 75, 0.18, '{"accuracy": 0.89}', current_time),
                ('job_gpt35_001', 100, 0.15, '{"accuracy": 0.92}', current_time),

                ('job_gpt35_002', 10, 0.80, '{"accuracy": 0.68}', current_time),
                ('job_gpt35_002', 25, 0.42, '{"accuracy": 0.80}', current_time),
                ('job_gpt35_002', 50, 0.22, '{"accuracy": 0.87}', current_time),
                ('job_gpt35_002', 75, 0.16, '{"accuracy": 0.90}', current_time),
                ('job_gpt35_002', 100, 0.14, '{"accuracy": 0.93}', current_time),

                # GPT-4 logs - excellent performance but slower
                ('job_gpt4_001', 10, 0.75, '{"accuracy": 0.70}', current_time),
                ('job_gpt4_002', 25, 0.35, '{"accuracy": 0.82}', current_time),
                ('job_gpt4_001', 50, 0.18, '{"accuracy": 0.90}', current_time),
                ('job_gpt4_001', 75, 0.12, '{"accuracy": 0.94}', current_time),
                ('job_gpt4_001', 100, 0.10, '{"accuracy": 0.96}', current_time),

                ('job_gpt4_002', 10, 0.78, '{"accuracy": 0.72}', current_time),
                ('job_gpt4_002', 25, 0.38, '{"accuracy": 0.84}', current_time),
                ('job_gpt4_002', 50, 0.20, '{"accuracy": 0.91}', current_time),
                ('job_gpt4_002', 75, 0.13, '{"accuracy": 0.95}', current_time),
                ('job_gpt4_002', 100, 0.11, '{"accuracy": 0.97}', current_time),

                # Claude logs - moderate performance, fast training
                ('job_claude_001', 10, 0.90, '{"accuracy": 0.60}', current_time),
                ('job_claude_001', 25, 0.55, '{"accuracy": 0.75}', current_time),
                ('job_claude_001', 50, 0.35, '{"accuracy": 0.82}', current_time),
                ('job_claude_001', 75, 0.28, '{"accuracy": 0.86}', current_time),
                ('job_claude_001', 100, 0.25, '{"accuracy": 0.88}', current_time),

                # Failed training logs - partial data
                ('job_failed_001', 10, 1.2, '{"accuracy": 0.45}', current_time),
                ('job_failed_001', 20, 1.1, '{"accuracy": 0.48}', current_time),
                ('job_failed_001', 30, 1.15, '{"accuracy": 0.46}', current_time),
                ('job_failed_001', 45, 1.25, '{"accuracy": 0.44}', current_time),
            ]

            cursor.executemany("""
                INSERT INTO training_logs
                (job_id, epoch, loss, metrics, timestamp)
                VALUES (?, ?, ?, ?, ?)
            """, test_logs)

            conn.commit()

    def test_01_server_health_check(self):
        """Test that the server is running and responds to health checks""" (duplicate-code)
backend\trainer_fixed.py:1:0: R0801: Similar lines in 2 files
==backend.test_integration_basic:[50:61]
==backend.test_integration_phase_4:[120:131]
        current_time = datetime.now().isoformat()

        with memory_store._get_connection() as conn:
            cursor = conn.cursor()

            # Insert test training sessions
            test_sessions = [
                # GPT-3.5 - good performer
                ('job_gpt35_001', 'gpt-3.5-turbo', 'completed',
                 (datetime.now() - timedelta(days=1)).isoformat(),
                 (datetime.now() - timedelta(days=1, hours=-2)).isoformat(), (duplicate-code)
backend\trainer_fixed.py:1:0: R0801: Similar lines in 2 files
==backend.test_phase_4_analytics:[423:434]
==backend.test_phase_4_fixed:[403:414]
    print("=" * 80)

    if not DEPENDENCIES_AVAILABLE:
        print("Γ¥î SKIPPED: Dependencies not available for testing")
        return False

    # Create test suite
    loader = unittest.TestLoader()
    suite = unittest.TestSuite()

    # Add the fixed test class (duplicate-code)
backend\trainer_fixed.py:1:0: R0801: Similar lines in 2 files
==backend.test_phase_4_analytics:[21:37]
==backend.test_phase_4_fixed:[20:36]
sys.path.insert(0, os.path.dirname(os.path.abspath(__file__)))

# Import the modules to test
try:
    from cross_model_analytics import (
        CrossModelAnalytics,
        ModelPerformanceMetrics,
        CrossModelComparison,
        EnsembleRecommendation
    )
    from memory_store import MemoryStore
    DEPENDENCIES_AVAILABLE = True
except ImportError as e:
    print(f"Warning: Could not import dependencies: {e}")
    DEPENDENCIES_AVAILABLE = False
 (duplicate-code)
backend\trainer_fixed.py:1:0: R0801: Similar lines in 2 files
==backend.test_integration_simplified:[42:54]
==backend.test_phase_4_fixed:[55:67]
        self._setup_test_data()

    def tearDown(self):
        """Clean up after each test"""
        if hasattr(self, 'temp_db'):
            try:
                os.unlink(self.temp_db.name)
            except FileNotFoundError:
                pass

    def _setup_test_data(self):
        """Create test database with sample training data""" (duplicate-code)
backend\trainer_fixed.py:1:0: R0801: Similar lines in 2 files
==backend.test_integration_basic:[36:48]
==backend.test_phase_4_analytics:[54:66]
        self._setup_test_data()

    def tearDown(self):
        """Clean up after each test"""
        if hasattr(self, 'temp_db'):
            try:
                os.unlink(self.temp_db.name)
            except FileNotFoundError:
                pass

    def _setup_test_data(self):
        """Create test database with sample training data""" (duplicate-code)
backend\trainer_fixed.py:1:0: R0801: Similar lines in 2 files
==backend.test_integration_basic:[13:23]
==backend.test_integration_phase_4:[19:29]
sys.path.insert(0, os.path.dirname(os.path.abspath(__file__)))

try:
    from memory_store import MemoryStore
    from cross_model_analytics import CrossModelAnalytics
    DEPENDENCIES_AVAILABLE = True
except ImportError as e:
    print(f"ΓÜá∩╕Å  Warning: Could not import dependencies: {e}")
    DEPENDENCIES_AVAILABLE = False
 (duplicate-code)
backend\trainer_fixed.py:1:0: R0801: Similar lines in 2 files
==backend.test_phase_4_analytics:[130:136]
==backend.test_phase_4_fixed:[182:188]
        metrics = self.analytics.analyze_model_performance('model_a')

        self.assertIsInstance(metrics, ModelPerformanceMetrics)
        self.assertEqual(metrics.model_name, 'model_a')
        self.assertGreater(metrics.training_time, 0)
        self.assertLess(metrics.best_loss, 0.2)  # Should be around 0.14-0.16 (duplicate-code)
backend\trainer_fixed.py:1:0: R0801: Similar lines in 2 files
==backend.test_phase_4_analytics:[341:350]
==backend.test_phase_4_fixed:[41:52]
        if not DEPENDENCIES_AVAILABLE:
            self.skipTest("Dependencies not available")

        # Create temporary database
        self.temp_db = tempfile.NamedTemporaryFile(delete=False, suffix='.db')
        self.temp_db.close()

        # Initialize memory store and analytics engine
        self.memory_store = MemoryStore(self.temp_db.name)

        # Create analytics engine with patched methods to work with actual schema (duplicate-code)
backend\trainer_fixed.py:1:0: R0801: Similar lines in 2 files
==backend.test_integration_basic:[40:48]
==backend.test_phase_4_analytics:[350:358]
        if hasattr(self, 'temp_db'):
            try:
                os.unlink(self.temp_db.name)
            except FileNotFoundError:
                pass

    def test_analytics_initialization(self):
        """Test that analytics engine initializes properly with memory store""" (duplicate-code)
backend\trainer_fixed.py:1:0: R0801: Similar lines in 2 files
==backend.test_integration_basic:[332:341]
==backend.test_integration_phase_4:[451:460]
    print("=" * 80)

    # Check if dependencies are available
    if not DEPENDENCIES_AVAILABLE:
        print("Γ¥î Dependencies not available. Skipping integration tests.")
        return False

    # Run the test suite
    loader = unittest.TestLoader() (duplicate-code)
backend\trainer_fixed.py:1:0: R0801: Similar lines in 2 files
==backend.phase3_systematic_validation:[447:457]
==backend.quick_endpoint_check:[9:19]
try:
    import server
    app = server.app

    # Get all routes
    routes = []
    for rule in app.url_map.iter_rules():
        routes.append(rule.rule)

    # Check for Phase 3 endpoints (duplicate-code)
backend\trainer_fixed.py:1:0: R0801: Similar lines in 2 files
==backend.metacognition:[325:330]
==backend.server:[556:561]
            'confidence_score': assessment.confidence_score,
            'predicted_performance': assessment.predicted_performance,
            'uncertainty_estimate': assessment.uncertainty_estimate,
            'knowledge_gaps': assessment.knowledge_gaps,
            'recommended_strategy': assessment.recommended_strategy.value, (duplicate-code)

-----------------------------------
Your code has been rated at 4.50/10

